Using pre-set license
Built from '6000.0/staging' branch; Version is '6000.0.40f1 (157d81624ddf) revision 1408385'; Using compiler version '193933523'; Build Type 'Release'
OS: 'Windows 11  (10.0.26100) 64bit Professional' Language: 'pl' Physical Memory: 32537 MB
BatchMode: 1, IsHumanControllingUs: 0, StartBugReporterOnCrash: 0, Is64bit: 1, IsPro: 1

COMMAND LINE ARGUMENTS:
C:\Program Files\Unity\Hub\Editor\6000.0.40f1\Editor\Unity.exe
-adb2
-batchMode
-noUpm
-name
AssetImportWorker4
-projectPath
C:/Users/jrkew/OneDrive/Desktop/Unity projects/VR2025/VR Room
-logFile
Logs/AssetImportWorker4.log
-srvPort
59230
-job-worker-count
15
-background-job-worker-count
8
-gc-helper-count
1
Successfully changed project path to: C:/Users/jrkew/OneDrive/Desktop/Unity projects/VR2025/VR Room
C:/Users/jrkew/OneDrive/Desktop/Unity projects/VR2025/VR Room
[UnityMemory] Configuration Parameters - Can be set up in boot.config
    "memorysetup-bucket-allocator-granularity=16"
    "memorysetup-bucket-allocator-bucket-count=8"
    "memorysetup-bucket-allocator-block-size=33554432"
    "memorysetup-bucket-allocator-block-count=8"
    "memorysetup-main-allocator-block-size=16777216"
    "memorysetup-thread-allocator-block-size=16777216"
    "memorysetup-gfx-main-allocator-block-size=16777216"
    "memorysetup-gfx-thread-allocator-block-size=16777216"
    "memorysetup-cache-allocator-block-size=4194304"
    "memorysetup-typetree-allocator-block-size=2097152"
    "memorysetup-profiler-bucket-allocator-granularity=16"
    "memorysetup-profiler-bucket-allocator-bucket-count=8"
    "memorysetup-profiler-bucket-allocator-block-size=33554432"
    "memorysetup-profiler-bucket-allocator-block-count=8"
    "memorysetup-profiler-allocator-block-size=16777216"
    "memorysetup-profiler-editor-allocator-block-size=1048576"
    "memorysetup-temp-allocator-size-main=16777216"
    "memorysetup-job-temp-allocator-block-size=2097152"
    "memorysetup-job-temp-allocator-block-size-background=1048576"
    "memorysetup-job-temp-allocator-reduction-small-platforms=262144"
    "memorysetup-allocator-temp-initial-block-size-main=262144"
    "memorysetup-allocator-temp-initial-block-size-worker=262144"
    "memorysetup-temp-allocator-size-background-worker=32768"
    "memorysetup-temp-allocator-size-job-worker=262144"
    "memorysetup-temp-allocator-size-preload-manager=33554432"
    "memorysetup-temp-allocator-size-nav-mesh-worker=65536"
    "memorysetup-temp-allocator-size-audio-worker=65536"
    "memorysetup-temp-allocator-size-cloud-worker=32768"
    "memorysetup-temp-allocator-size-gi-baking-worker=262144"
    "memorysetup-temp-allocator-size-gi-baking-worker=262144"
    "memorysetup-temp-allocator-size-gi-baking-worker=262144"
    "memorysetup-temp-allocator-size-gi-baking-worker=262144"
    "memorysetup-temp-allocator-size-gi-baking-worker=262144"
    "memorysetup-temp-allocator-size-gfx=262144"
Player connection [30108]  Target information:

Player connection [30108]  * "[IP] 192.168.0.158 [Port] 0 [Flags] 2 [Guid] 4072494212 [EditorId] 4072494212 [Version] 1048832 [Id] WindowsEditor(7,PC) [Debug] 1 [PackageName] WindowsEditor [ProjectName] Editor" 

Player connection [30108] Host joined multi-casting on [225.0.0.222:54997]...
Player connection [30108] Host joined alternative multi-casting on [225.0.0.222:34997]...
JobSystem: Creating JobQueue using job-worker-count value 15
Input System module state changed to: Initialized.
[Physics::Module] Initialized fallback backend.
[Physics::Module] Id: 0xdecafbad
Library Redirect Path: Library/
[Physics::Module] Selected backend.
[Physics::Module] Name: PhysX
[Physics::Module] Id: 0xf2b8ea05
[Physics::Module] SDK Version: 4.1.2
[Physics::Module] Integration Version: 1.0.0
[Physics::Module] Threading Mode: Multi-Threaded
Refreshing native plugins compatible for Editor in 5.96 ms, found 9 plugins.
Preloading 0 native plugins for Editor in 0.00 ms.
Initialize engine version: 6000.0.40f1 (157d81624ddf)
[Subsystems] Discovering subsystems at path C:/Program Files/Unity/Hub/Editor/6000.0.40f1/Editor/Data/Resources/UnitySubsystems
[Subsystems] Discovering subsystems at path C:/Users/jrkew/OneDrive/Desktop/Unity projects/VR2025/VR Room/Assets
GfxDevice: creating device client; kGfxThreadingModeNonThreaded
Direct3D:
    Version:  Direct3D 11.0 [level 11.1]
    Renderer: AMD Radeon RX 7900 XTX (ID=0x744c)
    Vendor:   ATI
    VRAM:     24496 MB
    Driver:   32.0.13031.3015
Shader 'Universal Render Pipeline/Nature/SpeedTree7': fallback shader 'Hidden/Universal Render Pipeline/FallbackError' not found
Shader 'Universal Render Pipeline/Nature/SpeedTree7': dependency 'BillboardShader' shader 'Universal Render Pipeline/Nature/SpeedTree7 Billboard' not found
Shader 'Hidden/Universal Render Pipeline/FallbackError': fallback shader 'Hidden/Core/FallbackError' not found
Shader 'Hidden/Universal Render Pipeline/StencilDeferred': fallback shader 'Hidden/Universal Render Pipeline/FallbackError' not found
Shader 'Universal Render Pipeline/Lit': fallback shader 'Hidden/Universal Render Pipeline/FallbackError' not found
Shader 'Universal Render Pipeline/Particles/Unlit': fallback shader 'Hidden/Universal Render Pipeline/FallbackError' not found
Shader 'Universal Render Pipeline/Unlit': fallback shader 'Hidden/Universal Render Pipeline/FallbackError' not found
Shader 'Universal Render Pipeline/VR/SpatialMapping/Occlusion': fallback shader 'Hidden/Universal Render Pipeline/FallbackError' not found
Shader 'Universal Render Pipeline/VR/SpatialMapping/Wireframe': fallback shader 'Hidden/Universal Render Pipeline/FallbackError' not found
Shader 'Universal Render Pipeline/Simple Lit': fallback shader 'Hidden/Universal Render Pipeline/FallbackError' not found
Shader 'TextMeshPro/Distance Field': fallback shader 'TextMeshPro/Mobile/Distance Field' not found
Shader 'Universal Render Pipeline/Particles/Simple Lit': fallback shader 'Universal Render Pipeline/Particles/Unlit' not found
Shader 'Universal Render Pipeline/Particles/Lit': fallback shader 'Universal Render Pipeline/Particles/Simple Lit' not found
Shader 'Universal Render Pipeline/Nature/SpeedTree7 Billboard': fallback shader 'Hidden/Universal Render Pipeline/FallbackError' not found
Shader 'Universal Render Pipeline/Complex Lit': fallback shader 'Hidden/Universal Render Pipeline/FallbackError' not found
Shader 'Universal Render Pipeline/Nature/SpeedTree8': fallback shader 'Hidden/Universal Render Pipeline/FallbackError' not found
Shader 'Hidden/Universal Render Pipeline/Terrain/Lit (Add Pass)': fallback shader 'Hidden/Universal Render Pipeline/FallbackError' not found
Shader 'TextMeshPro/Distance Field Overlay': fallback shader 'TextMeshPro/Mobile/Distance Field' not found
Shader 'Universal Render Pipeline/Baked Lit': fallback shader 'Universal Render Pipeline/Unlit' not found
Shader 'TextMeshPro/Distance Field SSD': fallback shader 'TextMeshPro/Mobile/Distance Field' not found
Initialize mono
Mono path[0] = 'C:/Program Files/Unity/Hub/Editor/6000.0.40f1/Editor/Data/Managed'
Mono path[1] = 'C:/Program Files/Unity/Hub/Editor/6000.0.40f1/Editor/Data/MonoBleedingEdge/lib/mono/unityjit-win32'
Mono config path = 'C:/Program Files/Unity/Hub/Editor/6000.0.40f1/Editor/Data/MonoBleedingEdge/etc'
Using monoOptions --debugger-agent=transport=dt_socket,embedding=1,server=y,suspend=n,address=127.0.0.1:56068
Begin MonoManager ReloadAssembly
Registering precompiled unity dll's ...
Register platform support module: C:/Program Files/Unity/Hub/Editor/6000.0.40f1/Editor/Data/PlaybackEngines/WebGLSupport/UnityEditor.WebGL.Extensions.dll
Register platform support module: C:/Program Files/Unity/Hub/Editor/6000.0.40f1/Editor/Data/PlaybackEngines/WindowsStandaloneSupport/UnityEditor.WindowsStandalone.Extensions.dll
Register platform support module: C:/Program Files/Unity/Hub/Editor/6000.0.40f1/Editor/Data/PlaybackEngines/AndroidPlayer/UnityEditor.Android.Extensions.dll
Registered in 0.002043 seconds.
- Loaded All Assemblies, in  0.262 seconds
Native extension for Android target not found
Android Extension - Scanning For ADB Devices 298 ms
Native extension for WindowsStandalone target not found
Native extension for WebGL target not found
Mono: successfully reloaded assembly
- Finished resetting the current domain, in  0.565 seconds
Domain Reload Profiling: 825ms
	BeginReloadAssembly (95ms)
		ExecutionOrderSort (0ms)
		DisableScriptedObjects (0ms)
		BackupInstance (0ms)
		ReleaseScriptingObjects (0ms)
		CreateAndSetChildDomain (0ms)
	RebuildCommonClasses (24ms)
	RebuildNativeTypeToScriptingClass (8ms)
	initialDomainReloadingComplete (31ms)
	LoadAllAssembliesAndSetupDomain (103ms)
		LoadAssemblies (93ms)
		RebuildTransferFunctionScriptingTraits (0ms)
		AnalyzeDomain (101ms)
			TypeCache.Refresh (100ms)
				TypeCache.ScanAssembly (92ms)
			BuildScriptInfoCaches (0ms)
			ResolveRequiredComponents (0ms)
	FinalizeReload (565ms)
		ReleaseScriptCaches (0ms)
		RebuildScriptCaches (0ms)
		SetupLoadedEditorAssemblies (545ms)
			LogAssemblyErrors (0ms)
			InitializePlatformSupportModulesInManaged (368ms)
			SetLoadedEditorAssemblies (4ms)
			BeforeProcessingInitializeOnLoad (38ms)
			ProcessInitializeOnLoadAttributes (95ms)
			ProcessInitializeOnLoadMethodAttributes (40ms)
			AfterProcessingInitializeOnLoad (0ms)
			EditorAssembliesLoaded (0ms)
		ExecutionOrderSort2 (0ms)
		AwakeInstancesAfterBackupRestoration (0ms)
========================================================================
Worker process is ready to serve import requests
Import Worker Mode flag is 0x00
Begin MonoManager ReloadAssembly
- Loaded All Assemblies, in  0.542 seconds
'Packages/com.unity.xr.openxr/Runtime/OpenXRLoader.cs' contains partial class of Unity.Object, exactly 1 of the partial classes needs to be in a file with the same filename. This is to know the one that can be referenced from ie. GameObjects
'Packages/com.unity.xr.openxr/Runtime/OpenXRLoaderInternal.cs' contains partial class of Unity.Object, exactly 1 of the partial classes needs to be in a file with the same filename. This is to know the one that can be referenced from ie. GameObjects
Refreshing native plugins compatible for Editor in 5.01 ms, found 9 plugins.
Native extension for Android target not found
Native extension for WindowsStandalone target not found
Native extension for WebGL target not found
Package Manager log level set to [2]
[Package Manager] Failed to launch server process. Reason: Unity was launched with the -noUpm command-line argument
[Package Manager] Unable to send message (not connected to server process).
[Package Manager] Cannot connect to Unity Package Manager local server
Shader 'Universal Render Pipeline/Terrain/Lit': fallback shader 'Hidden/Universal Render Pipeline/FallbackError' not found
Shader 'Universal Render Pipeline/Terrain/Lit': dependency 'AddPassShader' shader 'Hidden/Universal Render Pipeline/Terrain/Lit (Add Pass)' not found
Shader 'Universal Render Pipeline/Terrain/Lit': dependency 'BaseMapShader' shader 'Hidden/Universal Render Pipeline/Terrain/Lit (Base Pass)' not found
Shader 'Universal Render Pipeline/Terrain/Lit': dependency 'BaseMapGenShader' shader 'Hidden/Universal Render Pipeline/Terrain/Lit (Basemap Gen)' not found
The project currently uses the compatibility mode where the Render Graph API is disabled. Support for this mode will be removed in future Unity versions. Migrate existing ScriptableRenderPasses to the new RenderGraph API. After the migration, disable the compatibility mode in Edit > Projects Settings > Graphics > Render Graph.
UnityEngine.Debug:ExtractStackTraceNoAlloc (byte*,int,string)
UnityEngine.StackTraceUtility:ExtractStackTrace ()
UnityEngine.DebugLogHandler:Internal_Log (UnityEngine.LogType,UnityEngine.LogOption,string,UnityEngine.Object)
UnityEngine.DebugLogHandler:LogFormat (UnityEngine.LogType,UnityEngine.Object,string,object[])
UnityEngine.Logger:Log (UnityEngine.LogType,object)
UnityEngine.Debug:LogWarning (object)
UnityEngine.Rendering.Universal.WarnUsingNonRenderGraph:EmitConsoleWarning () (at ./Library/PackageCache/com.unity.render-pipelines.universal@bd2aa618476e/Runtime/Data/UniversalRenderPipelineAsset.cs:427)
System.Reflection.RuntimeMethodInfo:Invoke (object,System.Reflection.BindingFlags,System.Reflection.Binder,object[],System.Globalization.CultureInfo)
System.Reflection.MethodBase:Invoke (object,object[])
UnityEditor.EditorAssemblies:ProcessInitializeOnLoadMethodAttributes ()

(Filename: ./Library/PackageCache/com.unity.render-pipelines.universal@bd2aa618476e/Runtime/Data/UniversalRenderPipelineAsset.cs Line: 427)

Mono: successfully reloaded assembly
[Package Manager] Failed to launch server process. Reason: Unity was launched with the -noUpm command-line argument
[Package Manager] Unable to send message (not connected to server process).
[Package Manager] Cannot connect to Unity Package Manager local server
[Package Manager] Failed to launch server process. Reason: Unity was launched with the -noUpm command-line argument
[Package Manager] Unable to send message (not connected to server process).
[Package Manager] Cannot connect to Unity Package Manager local server
- Finished resetting the current domain, in  0.615 seconds
Domain Reload Profiling: 1155ms
	BeginReloadAssembly (113ms)
		ExecutionOrderSort (0ms)
		DisableScriptedObjects (3ms)
		BackupInstance (0ms)
		ReleaseScriptingObjects (0ms)
		CreateAndSetChildDomain (23ms)
	RebuildCommonClasses (24ms)
	RebuildNativeTypeToScriptingClass (8ms)
	initialDomainReloadingComplete (26ms)
	LoadAllAssembliesAndSetupDomain (369ms)
		LoadAssemblies (244ms)
		RebuildTransferFunctionScriptingTraits (0ms)
		AnalyzeDomain (191ms)
			TypeCache.Refresh (140ms)
				TypeCache.ScanAssembly (127ms)
			BuildScriptInfoCaches (35ms)
			ResolveRequiredComponents (12ms)
	FinalizeReload (615ms)
		ReleaseScriptCaches (0ms)
		RebuildScriptCaches (0ms)
		SetupLoadedEditorAssemblies (484ms)
			LogAssemblyErrors (0ms)
			InitializePlatformSupportModulesInManaged (13ms)
			SetLoadedEditorAssemblies (3ms)
			BeforeProcessingInitializeOnLoad (89ms)
			ProcessInitializeOnLoadAttributes (269ms)
			ProcessInitializeOnLoadMethodAttributes (108ms)
			AfterProcessingInitializeOnLoad (2ms)
			EditorAssembliesLoaded (0ms)
		ExecutionOrderSort2 (0ms)
		AwakeInstancesAfterBackupRestoration (4ms)
Shader 'Hidden/Universal Render Pipeline/Terrain/Lit (Base Pass)': fallback shader 'Hidden/Universal Render Pipeline/FallbackError' not found
WARNING: Shader Unsupported: 'Hidden/Universal Render Pipeline/Terrain/Lit (Base Pass)' - All subshaders removed
WARNING: Shader Did you use #pragma only_renderers and omit this platform?
WARNING: Shader If subshaders removal was intentional, you may have forgotten turning Fallback off?
WARNING: Shader Unsupported: 'Hidden/Universal Render Pipeline/Terrain/Lit (Base Pass)' - All subshaders removed
WARNING: Shader Did you use #pragma only_renderers and omit this platform?
WARNING: Shader If subshaders removal was intentional, you may have forgotten turning Fallback off?
Launched and connected shader compiler UnityShaderCompiler.exe after 0.01 seconds
Refreshing native plugins compatible for Editor in 4.26 ms, found 9 plugins.
Preloading 0 native plugins for Editor in 0.00 ms.
Unloading 206 Unused Serialized files (Serialized files now loaded: 0)
Unloading 6893 unused Assets / (3.6 MB). Loaded Objects now: 7583.
Memory consumption went from 168.8 MB to 165.2 MB.
Total: 6.002400 ms (FindLiveObjects: 0.420800 ms CreateObjectMapping: 0.285300 ms MarkObjects: 3.953500 ms  DeleteObjects: 1.341800 ms)

========================================================================
Received Import Request.
  Time since last request: 7518.381512 seconds.
  path: Assets/Challenges/01_Architecture/Materials/Tree_Trunk.mat
  artifactKey: Guid(c7de4067968824b97aec50980c444111) Importer(2089858483,192608db42251d675da83286b1cce702)
Start importing Assets/Challenges/01_Architecture/Materials/Tree_Trunk.mat using Guid(c7de4067968824b97aec50980c444111) Importer(2089858483,192608db42251d675da83286b1cce702) (ScriptedImporter) -> (artifact id: '698a94a56ea0190538c86679ad9760b1') in 0.1723116 seconds
Number of updated asset objects reloaded before import = 0Number of asset objects unloaded after import = 1

========================================================================
Received Import Request.
  Time since last request: 0.000011 seconds.
  path: Assets/_Course Library/Video/Video_Unity-for-everyone.mp4
  artifactKey: Guid(c675fc381244840f4900887e1b0870d7) Importer(2089858483,192608db42251d675da83286b1cce702)
Start importing Assets/_Course Library/Video/Video_Unity-for-everyone.mp4 using Guid(c675fc381244840f4900887e1b0870d7) Importer(2089858483,192608db42251d675da83286b1cce702) (ScriptedImporter) -> (artifact id: 'fe39901ccfc1ebfc45e699753752a8ed') in 0.0136501 seconds
Number of updated asset objects reloaded before import = 0Number of asset objects unloaded after import = 1

========================================================================
Received Import Request.
  Time since last request: 0.000014 seconds.
  path: Assets/TextMesh Pro/Shaders/TMP_Bitmap-Mobile.shader
  artifactKey: Guid(1e3b057af24249748ff873be7fafee47) Importer(2089858483,192608db42251d675da83286b1cce702)
Start importing Assets/TextMesh Pro/Shaders/TMP_Bitmap-Mobile.shader using Guid(1e3b057af24249748ff873be7fafee47) Importer(2089858483,192608db42251d675da83286b1cce702) (ScriptedImporter) -> (artifact id: '88fa29a54a1a858937dee7dca14ef6a2') in 0.0094538 seconds
Number of updated asset objects reloaded before import = 0Number of asset objects unloaded after import = 1

========================================================================
Received Import Request.
  Time since last request: 0.000021 seconds.
  path: Assets/_Course Library/Video/Video_Unity-shape-the-world.mp4
  artifactKey: Guid(8cd99a81a5fad4847b8aa48a15272de0) Importer(2089858483,192608db42251d675da83286b1cce702)
Start importing Assets/_Course Library/Video/Video_Unity-shape-the-world.mp4 using Guid(8cd99a81a5fad4847b8aa48a15272de0) Importer(2089858483,192608db42251d675da83286b1cce702) (ScriptedImporter) -> (artifact id: 'cde0a36e124f224a01c481f1ea901e89') in 0.0090193 seconds
Number of updated asset objects reloaded before import = 0Number of asset objects unloaded after import = 1

========================================================================
Received Import Request.
  Time since last request: 0.000012 seconds.
  path: Assets/Challenges/01_Architecture/Materials/Tree_Leaves.mat
  artifactKey: Guid(8e1a140a925b749f2a2dae931404e219) Importer(2089858483,192608db42251d675da83286b1cce702)
Start importing Assets/Challenges/01_Architecture/Materials/Tree_Leaves.mat using Guid(8e1a140a925b749f2a2dae931404e219) Importer(2089858483,192608db42251d675da83286b1cce702) (ScriptedImporter) -> (artifact id: 'a09d0be685054b82e434da4e9ba7919c') in 0.0115699 seconds
Number of updated asset objects reloaded before import = 0Number of asset objects unloaded after import = 1

========================================================================
Received Import Request.
  Time since last request: 0.000011 seconds.
  path: Assets/Challenges/01_Architecture/Materials/Cement.mat
  artifactKey: Guid(36b509c3d748ea74ba32a9c8ee14b91c) Importer(2089858483,192608db42251d675da83286b1cce702)
Start importing Assets/Challenges/01_Architecture/Materials/Cement.mat using Guid(36b509c3d748ea74ba32a9c8ee14b91c) Importer(2089858483,192608db42251d675da83286b1cce702) (ScriptedImporter) -> (artifact id: 'a278b459f9ad2ab318f1efb3a9a927c8') in 0.0106632 seconds
Number of updated asset objects reloaded before import = 0Number of asset objects unloaded after import = 1

========================================================================
Received Import Request.
  Time since last request: 0.000011 seconds.
  path: Assets/TextMesh Pro/Shaders/TMP_SDF.shader
  artifactKey: Guid(68e6db2ebdc24f95958faec2be5558d6) Importer(2089858483,192608db42251d675da83286b1cce702)
Start importing Assets/TextMesh Pro/Shaders/TMP_SDF.shader using Guid(68e6db2ebdc24f95958faec2be5558d6) Importer(2089858483,192608db42251d675da83286b1cce702) (ScriptedImporter) -> (artifact id: '091c0065e9cb2a81f3aa0c591a771857') in 0.0099206 seconds
Number of updated asset objects reloaded before import = 0Number of asset objects unloaded after import = 1

========================================================================
Received Import Request.
  Time since last request: 0.000012 seconds.
  path: Assets/Challenges/01_Architecture/Terrain/Terrain_Mountains.asset
  artifactKey: Guid(37bc5ad63a1654d94bc13b39a8c5f4ea) Importer(2089858483,192608db42251d675da83286b1cce702)
Start importing Assets/Challenges/01_Architecture/Terrain/Terrain_Mountains.asset using Guid(37bc5ad63a1654d94bc13b39a8c5f4ea) Importer(2089858483,192608db42251d675da83286b1cce702) (ScriptedImporter) -> (artifact id: '02db775229953cff8a62129d76878f54') in 0.0149614 seconds
Number of updated asset objects reloaded before import = 0Number of asset objects unloaded after import = 1

========================================================================
Received Import Request.
  Time since last request: 0.000017 seconds.
  path: Assets/TextMesh Pro/Sprites/EmojiOne.json
  artifactKey: Guid(8f05276190cf498a8153f6cbe761d4e6) Importer(2089858483,192608db42251d675da83286b1cce702)
Start importing Assets/TextMesh Pro/Sprites/EmojiOne.json using Guid(8f05276190cf498a8153f6cbe761d4e6) Importer(2089858483,192608db42251d675da83286b1cce702) (ScriptedImporter) -> (artifact id: '1e1a163f5c61fb141a0ef552a4a9cbd2') in 0.0073555 seconds
Number of updated asset objects reloaded before import = 0Number of asset objects unloaded after import = 1

========================================================================
Received Import Request.
  Time since last request: 0.000010 seconds.
  path: Assets/TextMesh Pro/Shaders/TMPro.cginc
  artifactKey: Guid(407bc68d299748449bbf7f48ee690f8d) Importer(2089858483,192608db42251d675da83286b1cce702)
Start importing Assets/TextMesh Pro/Shaders/TMPro.cginc using Guid(407bc68d299748449bbf7f48ee690f8d) Importer(2089858483,192608db42251d675da83286b1cce702) (ScriptedImporter) -> (artifact id: '437db1c892d6441143df1c289e99caf8') in 0.0103039 seconds
Number of updated asset objects reloaded before import = 0Number of asset objects unloaded after import = 1

========================================================================
Received Import Request.
  Time since last request: 0.000013 seconds.
  path: Assets/Scenes/RoomSample.unity
  artifactKey: Guid(99c9720ab356a0642a771bea13969a05) Importer(2089858483,192608db42251d675da83286b1cce702)
Start importing Assets/Scenes/RoomSample.unity using Guid(99c9720ab356a0642a771bea13969a05) Importer(2089858483,192608db42251d675da83286b1cce702) (ScriptedImporter) -> (artifact id: '29294a736c6de0644a8ccea4131a6576') in 0.017744 seconds
Number of updated asset objects reloaded before import = 0Number of asset objects unloaded after import = 1

========================================================================
Received Import Request.
  Time since last request: 0.000015 seconds.
  path: Assets/Settings/SampleSceneProfile.asset
  artifactKey: Guid(a6560a915ef98420e9faacc1c7438823) Importer(2089858483,192608db42251d675da83286b1cce702)
Start importing Assets/Settings/SampleSceneProfile.asset using Guid(a6560a915ef98420e9faacc1c7438823) Importer(2089858483,192608db42251d675da83286b1cce702) (ScriptedImporter) -> (artifact id: '7e7a87d82d6698b209cbf2dea7bec5dd') in 0.0119203 seconds
Number of updated asset objects reloaded before import = 0Number of asset objects unloaded after import = 4

========================================================================
Received Import Request.
  Time since last request: 0.000023 seconds.
  path: Assets/Challenges/02_3DPainting/Materials/Transparent.mat
  artifactKey: Guid(3df5595b00276d048879f23dcddc3f99) Importer(2089858483,192608db42251d675da83286b1cce702)
Start importing Assets/Challenges/02_3DPainting/Materials/Transparent.mat using Guid(3df5595b00276d048879f23dcddc3f99) Importer(2089858483,192608db42251d675da83286b1cce702) (ScriptedImporter) -> (artifact id: 'd4e681c1c23c3d15e799ad11bfca3b18') in 0.0147063 seconds
Number of updated asset objects reloaded before import = 0Number of asset objects unloaded after import = 1

========================================================================
Received Import Request.
  Time since last request: 0.000011 seconds.
  path: Assets/_Course Library/Licenses.txt
  artifactKey: Guid(1b7eb14cefbb2437f8fac132c8143a9e) Importer(2089858483,192608db42251d675da83286b1cce702)
Start importing Assets/_Course Library/Licenses.txt using Guid(1b7eb14cefbb2437f8fac132c8143a9e) Importer(2089858483,192608db42251d675da83286b1cce702) (ScriptedImporter) -> (artifact id: '4138548a6970cd8a13d27992cc207a8b') in 0.0099689 seconds
Number of updated asset objects reloaded before import = 0Number of asset objects unloaded after import = 1

========================================================================
Received Import Request.
  Time since last request: 0.000012 seconds.
  path: Assets/TextMesh Pro/Shaders/TMP_SDF-Mobile Masking.shader
  artifactKey: Guid(bc1ede39bf3643ee8e493720e4259791) Importer(2089858483,192608db42251d675da83286b1cce702)
Start importing Assets/TextMesh Pro/Shaders/TMP_SDF-Mobile Masking.shader using Guid(bc1ede39bf3643ee8e493720e4259791) Importer(2089858483,192608db42251d675da83286b1cce702) (ScriptedImporter) -> (artifact id: 'cfbfc6de3560204fbc8113a4fa123ac2') in 0.0110915 seconds
Number of updated asset objects reloaded before import = 0Number of asset objects unloaded after import = 1

========================================================================
Received Import Request.
  Time since last request: 0.000011 seconds.
  path: Assets/Challenges/01_Architecture/Prefabs/Tree_Big.prefab
  artifactKey: Guid(f461e686ffe1346c5a3b5b3f921c578b) Importer(2089858483,192608db42251d675da83286b1cce702)
Start importing Assets/Challenges/01_Architecture/Prefabs/Tree_Big.prefab using Guid(f461e686ffe1346c5a3b5b3f921c578b) Importer(2089858483,192608db42251d675da83286b1cce702) (ScriptedImporter) -> (artifact id: 'c0b70b4a44f39af6df480815739e7379') in 0.0165417 seconds
Number of updated asset objects reloaded before import = 0Number of asset objects unloaded after import = 19

========================================================================
Received Import Request.
  Time since last request: 0.318993 seconds.
  path: Assets/Challenges/03_Training/Materials/Button_Red.mat
  artifactKey: Guid(26f94bcb7e8d542468037d27f594d83a) Importer(2089858483,192608db42251d675da83286b1cce702)
Start importing Assets/Challenges/03_Training/Materials/Button_Red.mat using Guid(26f94bcb7e8d542468037d27f594d83a) Importer(2089858483,192608db42251d675da83286b1cce702) (ScriptedImporter) -> (artifact id: '7922a8950e82c5daff9533a30cb43f1c') in 0.0123596 seconds
Number of updated asset objects reloaded before import = 0Number of asset objects unloaded after import = 1

========================================================================
Received Import Request.
  Time since last request: 0.000010 seconds.
  path: Assets/_Course Library/Materials/Object Materials/Material_StoneWall.mat
  artifactKey: Guid(90ac924eb62506646af50d7048d7b437) Importer(2089858483,192608db42251d675da83286b1cce702)
Start importing Assets/_Course Library/Materials/Object Materials/Material_StoneWall.mat using Guid(90ac924eb62506646af50d7048d7b437) Importer(2089858483,192608db42251d675da83286b1cce702) (ScriptedImporter) -> (artifact id: '8079474ccc33becbf5209817359da2e4') in 0.0109762 seconds
Number of updated asset objects reloaded before import = 0Number of asset objects unloaded after import = 2

========================================================================
Received Import Request.
  Time since last request: 0.000009 seconds.
  path: Assets/_Course Library/Audio/FX/SFX_UI_SciFi_Forward.ogg
  artifactKey: Guid(8514acdb166b1499a9ee49941ff691f0) Importer(2089858483,192608db42251d675da83286b1cce702)
Start importing Assets/_Course Library/Audio/FX/SFX_UI_SciFi_Forward.ogg using Guid(8514acdb166b1499a9ee49941ff691f0) Importer(2089858483,192608db42251d675da83286b1cce702) (ScriptedImporter) -> (artifact id: '9013d0b964cdd4fd7717f1ceb379054d') in 0.0286139 seconds
Number of updated asset objects reloaded before import = 0Number of asset objects unloaded after import = 1

========================================================================
Received Import Request.
  Time since last request: 0.000013 seconds.
  path: Assets/TextMesh Pro/Resources/Fonts & Materials/LiberationSans SDF.asset
  artifactKey: Guid(8f586378b4e144a9851e7b34d9b748ee) Importer(2089858483,192608db42251d675da83286b1cce702)
Start importing Assets/TextMesh Pro/Resources/Fonts & Materials/LiberationSans SDF.asset using Guid(8f586378b4e144a9851e7b34d9b748ee) Importer(2089858483,192608db42251d675da83286b1cce702) (ScriptedImporter) -> (artifact id: 'f9afccbbc88d6bf8fe599adf7908de3e') in 0.0646814 seconds
Number of updated asset objects reloaded before import = 0Number of asset objects unloaded after import = 8

========================================================================
Received Import Request.
  Time since last request: 0.000012 seconds.
  path: Assets/_Course Library/Audio/FX/SFX_Bird_2.ogg
  artifactKey: Guid(5852b85f5b6c7456db15d397337533a3) Importer(2089858483,192608db42251d675da83286b1cce702)
Start importing Assets/_Course Library/Audio/FX/SFX_Bird_2.ogg using Guid(5852b85f5b6c7456db15d397337533a3) Importer(2089858483,192608db42251d675da83286b1cce702) (ScriptedImporter) -> (artifact id: '4391ea06638776a118087d5e33cbedf0') in 0.0227155 seconds
Number of updated asset objects reloaded before import = 0Number of asset objects unloaded after import = 1

========================================================================
Received Import Request.
  Time since last request: 0.000017 seconds.
  path: Assets/TextMesh Pro/Resources/Fonts & Materials/LiberationSans SDF - Drop Shadow.mat
  artifactKey: Guid(e73a58f6e2794ae7b1b7e50b7fb811b0) Importer(2089858483,192608db42251d675da83286b1cce702)
Start importing Assets/TextMesh Pro/Resources/Fonts & Materials/LiberationSans SDF - Drop Shadow.mat using Guid(e73a58f6e2794ae7b1b7e50b7fb811b0) Importer(2089858483,192608db42251d675da83286b1cce702) (ScriptedImporter) -> (artifact id: '0428413dbad1c630a70c6d8f567d6b90') in 0.0172908 seconds
Number of updated asset objects reloaded before import = 0Number of asset objects unloaded after import = 2

========================================================================
Received Import Request.
  Time since last request: 0.000014 seconds.
  path: Assets/_Course Library/Audio/FX/SFX_UI_Click_4.ogg
  artifactKey: Guid(d306fcf87f5874a5888091cab90ba4a5) Importer(2089858483,192608db42251d675da83286b1cce702)
Start importing Assets/_Course Library/Audio/FX/SFX_UI_Click_4.ogg using Guid(d306fcf87f5874a5888091cab90ba4a5) Importer(2089858483,192608db42251d675da83286b1cce702) (ScriptedImporter) -> (artifact id: 'c8ededf5550a39d1f391f8ad4fce5aa2') in 0.0289062 seconds
Number of updated asset objects reloaded before import = 0Number of asset objects unloaded after import = 1

========================================================================
Received Import Request.
  Time since last request: 0.000015 seconds.
  path: Assets/_Course Library/Audio/FX/SFX_Machine_Shoot_2.ogg
  artifactKey: Guid(5ba88ca933c5b4e579c5e971949a6295) Importer(2089858483,192608db42251d675da83286b1cce702)
Start importing Assets/_Course Library/Audio/FX/SFX_Machine_Shoot_2.ogg using Guid(5ba88ca933c5b4e579c5e971949a6295) Importer(2089858483,192608db42251d675da83286b1cce702) (ScriptedImporter) -> (artifact id: '5955d166498d3187c2b8cc5c7a2a6616') in 0.0212978 seconds
Number of updated asset objects reloaded before import = 0Number of asset objects unloaded after import = 1

========================================================================
Received Import Request.
  Time since last request: 0.000011 seconds.
  path: Assets/Challenges/03_Training/Prefabs/Warehouse.prefab
  artifactKey: Guid(8980268b5ce0408469f50acaabc17213) Importer(2089858483,192608db42251d675da83286b1cce702)
Start importing Assets/Challenges/03_Training/Prefabs/Warehouse.prefab using Guid(8980268b5ce0408469f50acaabc17213) Importer(2089858483,192608db42251d675da83286b1cce702) (ScriptedImporter) -> (artifact id: '1c8c84ffe3012bb382dd60b2bb8a379f') in 0.0147775 seconds
Number of updated asset objects reloaded before import = 0Number of asset objects unloaded after import = 603

========================================================================
Received Import Request.
  Time since last request: 0.000012 seconds.
  path: Assets/_Course Library/Audio/FX/SFX_Impact_Books.ogg
  artifactKey: Guid(fab5b2719139b410aab0fc2af968e4ff) Importer(2089858483,192608db42251d675da83286b1cce702)
Start importing Assets/_Course Library/Audio/FX/SFX_Impact_Books.ogg using Guid(fab5b2719139b410aab0fc2af968e4ff) Importer(2089858483,192608db42251d675da83286b1cce702) (ScriptedImporter) -> (artifact id: 'ec0e9812dd9850bd2a18990425e4f30f') in 0.016887 seconds
Number of updated asset objects reloaded before import = 0Number of asset objects unloaded after import = 1

========================================================================
Received Import Request.
  Time since last request: 0.000010 seconds.
  path: Assets/_Course Library/Audio/FX/SFX_Polaroid_Print.ogg
  artifactKey: Guid(c8da34f5308f447e8a07706592954d21) Importer(2089858483,192608db42251d675da83286b1cce702)
Start importing Assets/_Course Library/Audio/FX/SFX_Polaroid_Print.ogg using Guid(c8da34f5308f447e8a07706592954d21) Importer(2089858483,192608db42251d675da83286b1cce702) (ScriptedImporter) -> (artifact id: '275a0fdc709efd6c6cd33ebb6629538c') in 0.0269932 seconds
Number of updated asset objects reloaded before import = 0Number of asset objects unloaded after import = 1

========================================================================
Received Import Request.
  Time since last request: 0.000012 seconds.
  path: Assets/_Course Library/Materials/Object Materials/Material_Main_Matte.mat
  artifactKey: Guid(b4d6302e31e55472d96a0cbb775a6314) Importer(2089858483,192608db42251d675da83286b1cce702)
Start importing Assets/_Course Library/Materials/Object Materials/Material_Main_Matte.mat using Guid(b4d6302e31e55472d96a0cbb775a6314) Importer(2089858483,192608db42251d675da83286b1cce702) (ScriptedImporter) -> (artifact id: '120a74249e5451db35696c3afa24999d') in 0.0131471 seconds
Number of updated asset objects reloaded before import = 0Number of asset objects unloaded after import = 2

========================================================================
Received Import Request.
  Time since last request: 0.000017 seconds.
  path: Assets/_Course Library/Materials/Solid Colors/RedGlow.mat
  artifactKey: Guid(cb26f7e030d2caf42816d1e99c2b8dcb) Importer(2089858483,192608db42251d675da83286b1cce702)
Start importing Assets/_Course Library/Materials/Solid Colors/RedGlow.mat using Guid(cb26f7e030d2caf42816d1e99c2b8dcb) Importer(2089858483,192608db42251d675da83286b1cce702) (ScriptedImporter) -> (artifact id: '84a750b56eb18329bfd67418d2d03d3f') in 0.0160973 seconds
Number of updated asset objects reloaded before import = 0Number of asset objects unloaded after import = 1

========================================================================
Received Import Request.
  Time since last request: 0.214672 seconds.
  path: Assets/_Course Library/Scripts/Actions/ApplyPhysics.cs
  artifactKey: Guid(dac255a2ee16b0d47a3e485b497510aa) Importer(2089858483,192608db42251d675da83286b1cce702)
Start importing Assets/_Course Library/Scripts/Actions/ApplyPhysics.cs using Guid(dac255a2ee16b0d47a3e485b497510aa) Importer(2089858483,192608db42251d675da83286b1cce702) (ScriptedImporter) -> (artifact id: '264bfb432135f14ae694df558b0c3d3f') in 0.0094353 seconds
Number of updated asset objects reloaded before import = 0Number of asset objects unloaded after import = 0

========================================================================
Received Import Request.
  Time since last request: 0.000010 seconds.
  path: Assets/_Course Library/Source Files/Models/Art_Painting_5.fbx
  artifactKey: Guid(d6abe7a25983f9c4ea3bb6f1a0ae0d9a) Importer(2089858483,192608db42251d675da83286b1cce702)
Start importing Assets/_Course Library/Source Files/Models/Art_Painting_5.fbx using Guid(d6abe7a25983f9c4ea3bb6f1a0ae0d9a) Importer(2089858483,192608db42251d675da83286b1cce702) (ScriptedImporter) -> (artifact id: 'd49ea2f2d9b658d238ecf83983ee5288') in 0.03183 seconds
Number of updated asset objects reloaded before import = 0Number of asset objects unloaded after import = 8

========================================================================
Received Import Request.
  Time since last request: 0.000012 seconds.
  path: Assets/_Course Library/Source Files/Models/Fireplace_Rustic_Log5.FBX
  artifactKey: Guid(0c554a38aeb50d94b8b850dcde58a455) Importer(2089858483,192608db42251d675da83286b1cce702)
Start importing Assets/_Course Library/Source Files/Models/Fireplace_Rustic_Log5.FBX using Guid(0c554a38aeb50d94b8b850dcde58a455) Importer(2089858483,192608db42251d675da83286b1cce702) (ScriptedImporter) -> (artifact id: 'd15bed246c76f5561cf94a57df4af41c') in 0.0125345 seconds
Number of updated asset objects reloaded before import = 0Number of asset objects unloaded after import = 9

========================================================================
Received Import Request.
  Time since last request: 0.000010 seconds.
  path: Assets/_Course Library/Scripts/Actions/ToggleParticle.cs
  artifactKey: Guid(ad0a2892d8b703341afc39a5cf89bef8) Importer(2089858483,192608db42251d675da83286b1cce702)
Start importing Assets/_Course Library/Scripts/Actions/ToggleParticle.cs using Guid(ad0a2892d8b703341afc39a5cf89bef8) Importer(2089858483,192608db42251d675da83286b1cce702) (ScriptedImporter) -> (artifact id: 'db3f80a03aeb044af83c6eb4a1543ad2') in 0.0076594 seconds
Number of updated asset objects reloaded before import = 0Number of asset objects unloaded after import = 0

========================================================================
Received Import Request.
  Time since last request: 0.000012 seconds.
  path: Assets/_Course Library/Source Files/Models/Fireplace_Rustic_Log4.FBX
  artifactKey: Guid(31c163289e5a4a14a89443673679f516) Importer(2089858483,192608db42251d675da83286b1cce702)
Start importing Assets/_Course Library/Source Files/Models/Fireplace_Rustic_Log4.FBX using Guid(31c163289e5a4a14a89443673679f516) Importer(2089858483,192608db42251d675da83286b1cce702) (ScriptedImporter) -> (artifact id: '82d72e35df931f7ba8583252f6c20d0c') in 0.0233982 seconds
Number of updated asset objects reloaded before import = 0Number of asset objects unloaded after import = 9

========================================================================
Received Import Request.
  Time since last request: 0.000014 seconds.
  path: Assets/_Course Library/Source Files/Models/Container_Can_1.fbx
  artifactKey: Guid(2d4967b7adb42d540a5ff14c43037698) Importer(2089858483,192608db42251d675da83286b1cce702)
Start importing Assets/_Course Library/Source Files/Models/Container_Can_1.fbx using Guid(2d4967b7adb42d540a5ff14c43037698) Importer(2089858483,192608db42251d675da83286b1cce702) (ScriptedImporter) -> (artifact id: '0e3e40ecf14a12e15a3aa03326469189') in 0.0168477 seconds
Number of updated asset objects reloaded before import = 0Number of asset objects unloaded after import = 20

========================================================================
Received Import Request.
  Time since last request: 0.000019 seconds.
  path: Assets/_Course Library/Source Files/Models/Couch_Rustic_B.fbx
  artifactKey: Guid(258a0c3793358de4b919898e84038697) Importer(2089858483,192608db42251d675da83286b1cce702)
Start importing Assets/_Course Library/Source Files/Models/Couch_Rustic_B.fbx using Guid(258a0c3793358de4b919898e84038697) Importer(2089858483,192608db42251d675da83286b1cce702) (ScriptedImporter) -> (artifact id: '694a837e187c1cba51be4bc97147efae') in 0.0137016 seconds
Number of updated asset objects reloaded before import = 0Number of asset objects unloaded after import = 8

========================================================================
Received Import Request.
  Time since last request: 0.000011 seconds.
  path: Assets/_Course Library/Source Files/Models/Fireplace_Traditional.fbx
  artifactKey: Guid(4a44de4be2f18c84689cc6908ee2bfdb) Importer(2089858483,192608db42251d675da83286b1cce702)
Start importing Assets/_Course Library/Source Files/Models/Fireplace_Traditional.fbx using Guid(4a44de4be2f18c84689cc6908ee2bfdb) Importer(2089858483,192608db42251d675da83286b1cce702) (ScriptedImporter) -> (artifact id: 'a9e9bace493977043eabf0e03ca39110') in 0.0152071 seconds
Number of updated asset objects reloaded before import = 0Number of asset objects unloaded after import = 16

========================================================================
Received Import Request.
  Time since last request: 0.000010 seconds.
  path: Assets/_Course Library/Source Files/Models/Dimmer_1.fbx
  artifactKey: Guid(474d742cc0076d3428ba1caf5382a962) Importer(2089858483,192608db42251d675da83286b1cce702)
Start importing Assets/_Course Library/Source Files/Models/Dimmer_1.fbx using Guid(474d742cc0076d3428ba1caf5382a962) Importer(2089858483,192608db42251d675da83286b1cce702) (ScriptedImporter) -> (artifact id: 'dfc89c02e20260f116026c85e31acb06') in 0.0129937 seconds
Number of updated asset objects reloaded before import = 0Number of asset objects unloaded after import = 16

========================================================================
Received Import Request.
  Time since last request: 0.000017 seconds.
  path: Assets/_Course Library/Source Files/Models/Bin_B_1.fbx
  artifactKey: Guid(b906d7d1081bedc43ab2158c09239d19) Importer(2089858483,192608db42251d675da83286b1cce702)
Start importing Assets/_Course Library/Source Files/Models/Bin_B_1.fbx using Guid(b906d7d1081bedc43ab2158c09239d19) Importer(2089858483,192608db42251d675da83286b1cce702) (ScriptedImporter) -> (artifact id: '4c58224bd6f319282537a56803d90729') in 0.0125284 seconds
Number of updated asset objects reloaded before import = 0Number of asset objects unloaded after import = 8

========================================================================
Received Import Request.
  Time since last request: 0.000010 seconds.
  path: Assets/_Course Library/Scripts/Actions/PlayVideo.cs
  artifactKey: Guid(3d4642753971e264fbb20044fa231cd5) Importer(2089858483,192608db42251d675da83286b1cce702)
Start importing Assets/_Course Library/Scripts/Actions/PlayVideo.cs using Guid(3d4642753971e264fbb20044fa231cd5) Importer(2089858483,192608db42251d675da83286b1cce702) (ScriptedImporter) -> (artifact id: 'b198fc2b6c88c1b4cc0e6c0d0f9f441a') in 0.0066358 seconds
Number of updated asset objects reloaded before import = 0Number of asset objects unloaded after import = 0

========================================================================
Received Import Request.
  Time since last request: 0.000013 seconds.
  path: Assets/_Course Library/Source Files/Models/Food_Apple_B.fbx
  artifactKey: Guid(ae4c2bc1a8ad5254dbeabd398a416c3c) Importer(2089858483,192608db42251d675da83286b1cce702)
Start importing Assets/_Course Library/Source Files/Models/Food_Apple_B.fbx using Guid(ae4c2bc1a8ad5254dbeabd398a416c3c) Importer(2089858483,192608db42251d675da83286b1cce702) (ScriptedImporter) -> (artifact id: 'bcff652c361e24483fa3fefcfe58544d') in 0.0136974 seconds
Number of updated asset objects reloaded before import = 0Number of asset objects unloaded after import = 8

========================================================================
Received Import Request.
  Time since last request: 0.000011 seconds.
  path: Assets/_Course Library/Source Files/Models/Chair_Rustic.fbx
  artifactKey: Guid(8c1fb203490f1664ba9890dee69d5a12) Importer(2089858483,192608db42251d675da83286b1cce702)
Start importing Assets/_Course Library/Source Files/Models/Chair_Rustic.fbx using Guid(8c1fb203490f1664ba9890dee69d5a12) Importer(2089858483,192608db42251d675da83286b1cce702) (ScriptedImporter) -> (artifact id: '120b0f94a653db0cb303e6b8b0c1f1e5') in 0.02322 seconds
Number of updated asset objects reloaded before import = 0Number of asset objects unloaded after import = 8

========================================================================
Received Import Request.
  Time since last request: 0.000013 seconds.
  path: Assets/_Course Library/Source Files/Models/Fireplace_modern_Log4.FBX
  artifactKey: Guid(cd58a5341918c884a948876bd8a90b9a) Importer(2089858483,192608db42251d675da83286b1cce702)
Start importing Assets/_Course Library/Source Files/Models/Fireplace_modern_Log4.FBX using Guid(cd58a5341918c884a948876bd8a90b9a) Importer(2089858483,192608db42251d675da83286b1cce702) (ScriptedImporter) -> (artifact id: '560b3060a14ae47f5124cf97128e4b36') in 0.0174041 seconds
Number of updated asset objects reloaded before import = 0Number of asset objects unloaded after import = 9

========================================================================
Received Import Request.
  Time since last request: 0.000019 seconds.
  path: Assets/_Course Library/Source Files/Models/Fireplace_Rustic_Log3.FBX
  artifactKey: Guid(2e83f813a2e2b1c4b8c973144bcd0aab) Importer(2089858483,192608db42251d675da83286b1cce702)
Start importing Assets/_Course Library/Source Files/Models/Fireplace_Rustic_Log3.FBX using Guid(2e83f813a2e2b1c4b8c973144bcd0aab) Importer(2089858483,192608db42251d675da83286b1cce702) (ScriptedImporter) -> (artifact id: '415e235422c556959e7f8cae8ec358ff') in 0.0205594 seconds
Number of updated asset objects reloaded before import = 0Number of asset objects unloaded after import = 9

========================================================================
Received Import Request.
  Time since last request: 0.000016 seconds.
  path: Assets/_Course Library/Scripts/Conditions/OnButtonPress.cs
  artifactKey: Guid(4a8d337e8bc7ac4498e0df29e7b8bd5e) Importer(2089858483,192608db42251d675da83286b1cce702)
Start importing Assets/_Course Library/Scripts/Conditions/OnButtonPress.cs using Guid(4a8d337e8bc7ac4498e0df29e7b8bd5e) Importer(2089858483,192608db42251d675da83286b1cce702) (ScriptedImporter) -> (artifact id: '6d4e6101ab299f17b6baed4430f2a053') in 0.0098798 seconds
Number of updated asset objects reloaded before import = 0Number of asset objects unloaded after import = 0

========================================================================
Received Import Request.
  Time since last request: 0.000011 seconds.
  path: Assets/_Course Library/Source Files/Models/Fireplace_modern_Log3.FBX
  artifactKey: Guid(896aa0408c13d9049abff6d64370b61a) Importer(2089858483,192608db42251d675da83286b1cce702)
Start importing Assets/_Course Library/Source Files/Models/Fireplace_modern_Log3.FBX using Guid(896aa0408c13d9049abff6d64370b61a) Importer(2089858483,192608db42251d675da83286b1cce702) (ScriptedImporter) -> (artifact id: '18bbbf36d56cd859c3767b19f240b3c4') in 0.015988 seconds
Number of updated asset objects reloaded before import = 0Number of asset objects unloaded after import = 9

========================================================================
Received Import Request.
  Time since last request: 0.000011 seconds.
  path: Assets/_Course Library/Source Files/Models/Ball_Tennis_B.fbx
  artifactKey: Guid(479d30e27e09d5d40ad7bc3e3c719170) Importer(2089858483,192608db42251d675da83286b1cce702)
Start importing Assets/_Course Library/Source Files/Models/Ball_Tennis_B.fbx using Guid(479d30e27e09d5d40ad7bc3e3c719170) Importer(2089858483,192608db42251d675da83286b1cce702) (ScriptedImporter) -> (artifact id: '415b725a9438d8241fb9955c1afd2fe2') in 0.0128728 seconds
Number of updated asset objects reloaded before import = 0Number of asset objects unloaded after import = 8

========================================================================
Received Import Request.
  Time since last request: 0.048328 seconds.
  path: Assets/_Course Library/Source Files/Models/Hat_Witch_B.fbx
  artifactKey: Guid(5df4439e1377fd54294876933414aa54) Importer(2089858483,192608db42251d675da83286b1cce702)
Start importing Assets/_Course Library/Source Files/Models/Hat_Witch_B.fbx using Guid(5df4439e1377fd54294876933414aa54) Importer(2089858483,192608db42251d675da83286b1cce702) (ScriptedImporter) -> (artifact id: 'de57f685aa83d904c794ef94254e0b99') in 0.0124606 seconds
Number of updated asset objects reloaded before import = 0Number of asset objects unloaded after import = 8

========================================================================
Received Import Request.
  Time since last request: 0.000010 seconds.
  path: Assets/_Course Library/_Prefabs/Lighting/Chandelier_Modern.prefab
  artifactKey: Guid(d5bb5377bb2f0bd45a41101a27ddecee) Importer(2089858483,192608db42251d675da83286b1cce702)
Start importing Assets/_Course Library/_Prefabs/Lighting/Chandelier_Modern.prefab using Guid(d5bb5377bb2f0bd45a41101a27ddecee) Importer(2089858483,192608db42251d675da83286b1cce702) (ScriptedImporter) -> (artifact id: '1af9ced95c1eae4035d2dd0ba00da193') in 0.0206426 seconds
Number of updated asset objects reloaded before import = 0Number of asset objects unloaded after import = 14

========================================================================
Received Import Request.
  Time since last request: 0.000017 seconds.
  path: Assets/_Course Library/_Prefabs/Lighting/Lamp_Table_Red.prefab
  artifactKey: Guid(26d3e19b3dd80ed4eb2217904b56f876) Importer(2089858483,192608db42251d675da83286b1cce702)
Start importing Assets/_Course Library/_Prefabs/Lighting/Lamp_Table_Red.prefab using Guid(26d3e19b3dd80ed4eb2217904b56f876) Importer(2089858483,192608db42251d675da83286b1cce702) (ScriptedImporter) -> (artifact id: '585b8f1ff41d9ae32390da583373bf63') in 0.0123429 seconds
Number of updated asset objects reloaded before import = 0Number of asset objects unloaded after import = 35

========================================================================
Received Import Request.
  Time since last request: 0.000010 seconds.
  path: Assets/_Course Library/_Prefabs/Bins/Bin_Square_White.prefab
  artifactKey: Guid(dbe7b9e1570050841a8f1d6f3ee2629f) Importer(2089858483,192608db42251d675da83286b1cce702)
Start importing Assets/_Course Library/_Prefabs/Bins/Bin_Square_White.prefab using Guid(dbe7b9e1570050841a8f1d6f3ee2629f) Importer(2089858483,192608db42251d675da83286b1cce702) (ScriptedImporter) -> (artifact id: '24ce113a403961aaeb3bde6b9fef01f3') in 0.0120626 seconds
Number of updated asset objects reloaded before import = 0Number of asset objects unloaded after import = 9

========================================================================
Received Import Request.
  Time since last request: 0.000011 seconds.
  path: Assets/_Course Library/_Prefabs/Controls/Control_Button_Pause.prefab
  artifactKey: Guid(f23518a35037252409252c1ade394e8a) Importer(2089858483,192608db42251d675da83286b1cce702)
Start importing Assets/_Course Library/_Prefabs/Controls/Control_Button_Pause.prefab using Guid(f23518a35037252409252c1ade394e8a) Importer(2089858483,192608db42251d675da83286b1cce702) (ScriptedImporter) -> (artifact id: '853c797af4a91c218fe90f66af12edab') in 0.0123095 seconds
Number of updated asset objects reloaded before import = 0Number of asset objects unloaded after import = 9

========================================================================
Received Import Request.
  Time since last request: 0.000010 seconds.
  path: Assets/_Course Library/Source Files/Models/Lightsource_Flashlight_B.fbx
  artifactKey: Guid(8cf70768566c78c49858ce5ac149a07d) Importer(2089858483,192608db42251d675da83286b1cce702)
Start importing Assets/_Course Library/Source Files/Models/Lightsource_Flashlight_B.fbx using Guid(8cf70768566c78c49858ce5ac149a07d) Importer(2089858483,192608db42251d675da83286b1cce702) (ScriptedImporter) -> (artifact id: 'aef9a9a21b1d833e46ff2f8363659c54') in 0.0119262 seconds
Number of updated asset objects reloaded before import = 0Number of asset objects unloaded after import = 8

========================================================================
Received Import Request.
  Time since last request: 0.000009 seconds.
  path: Assets/_Course Library/Source Files/Textures/Icon_Gear.png
  artifactKey: Guid(5cc05834449b82544bd1a87bc90bd81e) Importer(2089858483,192608db42251d675da83286b1cce702)
Start importing Assets/_Course Library/Source Files/Textures/Icon_Gear.png using Guid(5cc05834449b82544bd1a87bc90bd81e) Importer(2089858483,192608db42251d675da83286b1cce702) (ScriptedImporter) -> (artifact id: '990abf64273a302a7b42428caa218d78') in 0.0303385 seconds
Number of updated asset objects reloaded before import = 0Number of asset objects unloaded after import = 3

========================================================================
Received Import Request.
  Time since last request: 0.000017 seconds.
  path: Assets/_Course Library/Source Files/Models/Sports_Cricket_Bat_B.fbx
  artifactKey: Guid(163336123a8366e468095f7c5efe0a33) Importer(2089858483,192608db42251d675da83286b1cce702)
Start importing Assets/_Course Library/Source Files/Models/Sports_Cricket_Bat_B.fbx using Guid(163336123a8366e468095f7c5efe0a33) Importer(2089858483,192608db42251d675da83286b1cce702) (ScriptedImporter) -> (artifact id: '8754b995cb6ba0860dcf783456cd180d') in 0.014903 seconds
Number of updated asset objects reloaded before import = 0Number of asset objects unloaded after import = 8

========================================================================
Received Import Request.
  Time since last request: 0.000010 seconds.
  path: Assets/_Course Library/Source Files/Models/Speaker_Boombox.fbx
  artifactKey: Guid(b0befbd5b40c17d4c90a8db749239bb1) Importer(2089858483,192608db42251d675da83286b1cce702)
Start importing Assets/_Course Library/Source Files/Models/Speaker_Boombox.fbx using Guid(b0befbd5b40c17d4c90a8db749239bb1) Importer(2089858483,192608db42251d675da83286b1cce702) (ScriptedImporter) -> (artifact id: 'cce9e8b856620b7a574cba7e5341f4f3') in 0.0204447 seconds
Number of updated asset objects reloaded before import = 0Number of asset objects unloaded after import = 13

========================================================================
Received Import Request.
  Time since last request: 0.000011 seconds.
  path: Assets/_Course Library/Source Files/Models/Speaker_RecordPlayer_B.fbx
  artifactKey: Guid(7f86208f05f1899429837e10e0907ff8) Importer(2089858483,192608db42251d675da83286b1cce702)
Start importing Assets/_Course Library/Source Files/Models/Speaker_RecordPlayer_B.fbx using Guid(7f86208f05f1899429837e10e0907ff8) Importer(2089858483,192608db42251d675da83286b1cce702) (ScriptedImporter) -> (artifact id: 'e835dd8ec88b7be8755700ce067343d1') in 0.0148001 seconds
Number of updated asset objects reloaded before import = 0Number of asset objects unloaded after import = 30

========================================================================
Received Import Request.
  Time since last request: 0.000018 seconds.
  path: Assets/_Course Library/_Prefabs/Lighting/Chandelier_Rustic.prefab
  artifactKey: Guid(eb39e0724dfebcf41b75eeb6574fffef) Importer(2089858483,192608db42251d675da83286b1cce702)
Start importing Assets/_Course Library/_Prefabs/Lighting/Chandelier_Rustic.prefab using Guid(eb39e0724dfebcf41b75eeb6574fffef) Importer(2089858483,192608db42251d675da83286b1cce702) (ScriptedImporter) -> (artifact id: '0594fba8eea937ed5f4ce99749db5414') in 0.0072455 seconds
Number of updated asset objects reloaded before import = 0Number of asset objects unloaded after import = 23

========================================================================
Received Import Request.
  Time since last request: 0.000010 seconds.
  path: Assets/_Course Library/Source Files/Models/Slider_2.FBX
  artifactKey: Guid(dcbacd2e11ea73b4ea57e56fed4ae4b8) Importer(2089858483,192608db42251d675da83286b1cce702)
Start importing Assets/_Course Library/Source Files/Models/Slider_2.FBX using Guid(dcbacd2e11ea73b4ea57e56fed4ae4b8) Importer(2089858483,192608db42251d675da83286b1cce702) (ScriptedImporter) -> (artifact id: 'f72f94b5602493ef5272a06d7ff1691d') in 0.0144296 seconds
Number of updated asset objects reloaded before import = 0Number of asset objects unloaded after import = 16

========================================================================
Received Import Request.
  Time since last request: 0.000009 seconds.
  path: Assets/_Course Library/_Prefabs/Environments/Foreground_Hills.prefab
  artifactKey: Guid(445506bfe97f74618aa3dac2a010ced3) Importer(2089858483,192608db42251d675da83286b1cce702)
Start importing Assets/_Course Library/_Prefabs/Environments/Foreground_Hills.prefab using Guid(445506bfe97f74618aa3dac2a010ced3) Importer(2089858483,192608db42251d675da83286b1cce702) (ScriptedImporter) -> (artifact id: '0444243be14e91e59278b587aa5d392a') in 0.0104859 seconds
Number of updated asset objects reloaded before import = 0Number of asset objects unloaded after import = 8

========================================================================
Received Import Request.
  Time since last request: 0.000019 seconds.
  path: Assets/_Course Library/Source Files/Models/Shelving_Traditional.fbx
  artifactKey: Guid(0d4d732aba5e45641b2ae52d0ea88dfe) Importer(2089858483,192608db42251d675da83286b1cce702)
Start importing Assets/_Course Library/Source Files/Models/Shelving_Traditional.fbx using Guid(0d4d732aba5e45641b2ae52d0ea88dfe) Importer(2089858483,192608db42251d675da83286b1cce702) (ScriptedImporter) -> (artifact id: '4593839ceaa0c9d645430aac380bcbbd') in 0.0160168 seconds
Number of updated asset objects reloaded before import = 0Number of asset objects unloaded after import = 8

========================================================================
Received Import Request.
  Time since last request: 0.000013 seconds.
  path: Assets/_Course Library/_Prefabs/Fireplaces/Fireplace_Traditional.prefab
  artifactKey: Guid(deb9c7803f41d864c8272ceb6ff2d290) Importer(2089858483,192608db42251d675da83286b1cce702)
Start importing Assets/_Course Library/_Prefabs/Fireplaces/Fireplace_Traditional.prefab using Guid(deb9c7803f41d864c8272ceb6ff2d290) Importer(2089858483,192608db42251d675da83286b1cce702) (ScriptedImporter) -> (artifact id: '3769e1db7f36b1ac32fb839f5ab95400') in 0.0158534 seconds
Number of updated asset objects reloaded before import = 0Number of asset objects unloaded after import = 68

========================================================================
Received Import Request.
  Time since last request: 0.000010 seconds.
  path: Assets/_Course Library/Source Files/Models/Mat_A_2.fbx
  artifactKey: Guid(f0c4fc1a1cb6be0448079480c9b9c38f) Importer(2089858483,192608db42251d675da83286b1cce702)
Start importing Assets/_Course Library/Source Files/Models/Mat_A_2.fbx using Guid(f0c4fc1a1cb6be0448079480c9b9c38f) Importer(2089858483,192608db42251d675da83286b1cce702) (ScriptedImporter) -> (artifact id: 'dd69295b4705895c0ed9e38be6ddb29c') in 0.0162321 seconds
Number of updated asset objects reloaded before import = 0Number of asset objects unloaded after import = 8

========================================================================
Received Import Request.
  Time since last request: 0.000015 seconds.
  path: Assets/Samples/XR Interaction Toolkit/2.5.2/Starter Assets/Unity.XR.Interaction.Toolkit.Samples.StarterAssets.asmdef
  artifactKey: Guid(8f07e33567e0ee542b40769c456c6b53) Importer(2089858483,192608db42251d675da83286b1cce702)
Start importing Assets/Samples/XR Interaction Toolkit/2.5.2/Starter Assets/Unity.XR.Interaction.Toolkit.Samples.StarterAssets.asmdef using Guid(8f07e33567e0ee542b40769c456c6b53) Importer(2089858483,192608db42251d675da83286b1cce702) (ScriptedImporter) -> (artifact id: '87c95b7a079f862afc6a391b0f00c92b') in 0.0085822 seconds
Number of updated asset objects reloaded before import = 0Number of asset objects unloaded after import = 1

========================================================================
Received Import Request.
  Time since last request: 0.000012 seconds.
  path: Assets/_Course Library/_Prefabs/Storage/Chest_Modern_Dark.prefab
  artifactKey: Guid(0f35b98739529f9448c26470b6f4187b) Importer(2089858483,192608db42251d675da83286b1cce702)
Start importing Assets/_Course Library/_Prefabs/Storage/Chest_Modern_Dark.prefab using Guid(0f35b98739529f9448c26470b6f4187b) Importer(2089858483,192608db42251d675da83286b1cce702) (ScriptedImporter) -> (artifact id: 'e4dbc4edeb9375cd9be9e71058020a98') in 0.0154451 seconds
Number of updated asset objects reloaded before import = 0Number of asset objects unloaded after import = 22

========================================================================
Received Import Request.
  Time since last request: 0.000016 seconds.
  path: Assets/_Course Library/_Prefabs/Objects/Speakers/Speaker_Boombox.prefab
  artifactKey: Guid(b1537290f47c63744ac10546e5a71f18) Importer(2089858483,192608db42251d675da83286b1cce702)
Start importing Assets/_Course Library/_Prefabs/Objects/Speakers/Speaker_Boombox.prefab using Guid(b1537290f47c63744ac10546e5a71f18) Importer(2089858483,192608db42251d675da83286b1cce702) (ScriptedImporter) -> (artifact id: '2fd9afd628e7e9c31e720cd2edfb57d0') in 0.0113506 seconds
Number of updated asset objects reloaded before import = 0Number of asset objects unloaded after import = 17

========================================================================
Received Import Request.
  Time since last request: 0.000012 seconds.
  path: Assets/_Course Library/_Prefabs/Objects/Books/Book_C_Green.prefab
  artifactKey: Guid(aceac99ed0f74f443850d9a9365d671f) Importer(2089858483,192608db42251d675da83286b1cce702)
Start importing Assets/_Course Library/_Prefabs/Objects/Books/Book_C_Green.prefab using Guid(aceac99ed0f74f443850d9a9365d671f) Importer(2089858483,192608db42251d675da83286b1cce702) (ScriptedImporter) -> (artifact id: '512c4f7980e6fc2bce5553276a14ec1c') in 0.0114755 seconds
Number of updated asset objects reloaded before import = 0Number of asset objects unloaded after import = 9

========================================================================
Received Import Request.
  Time since last request: 0.000010 seconds.
  path: Assets/_Course Library/_Prefabs/Storage/Chest_Traditional.prefab
  artifactKey: Guid(8197e8d854c12244184c7c0f390c00dc) Importer(2089858483,192608db42251d675da83286b1cce702)
Start importing Assets/_Course Library/_Prefabs/Storage/Chest_Traditional.prefab using Guid(8197e8d854c12244184c7c0f390c00dc) Importer(2089858483,192608db42251d675da83286b1cce702) (ScriptedImporter) -> (artifact id: '565865b4dd0a8809c6f0a4c782985300') in 0.0087103 seconds
Number of updated asset objects reloaded before import = 0Number of asset objects unloaded after import = 22

========================================================================
Received Import Request.
  Time since last request: 0.000010 seconds.
  path: Assets/_Course Library/_Prefabs/Tables/Table_Dining_Modern_Light.prefab
  artifactKey: Guid(578b05d48f135824788f29020766e26b) Importer(2089858483,192608db42251d675da83286b1cce702)
Start importing Assets/_Course Library/_Prefabs/Tables/Table_Dining_Modern_Light.prefab using Guid(578b05d48f135824788f29020766e26b) Importer(2089858483,192608db42251d675da83286b1cce702) (ScriptedImporter) -> (artifact id: 'dba8acbe463d7a1474c0326a2ca6be49') in 0.0104621 seconds
Number of updated asset objects reloaded before import = 0Number of asset objects unloaded after import = 24

========================================================================
Received Import Request.
  Time since last request: 0.000009 seconds.
  path: Assets/_Course Library/_Prefabs/Objects/Electronics/Tablet_White.prefab
  artifactKey: Guid(c38a24daa20a8604f94580629bfdbd9b) Importer(2089858483,192608db42251d675da83286b1cce702)
Start importing Assets/_Course Library/_Prefabs/Objects/Electronics/Tablet_White.prefab using Guid(c38a24daa20a8604f94580629bfdbd9b) Importer(2089858483,192608db42251d675da83286b1cce702) (ScriptedImporter) -> (artifact id: '335ff8ffa47d3c1d3530bbeb7d23a5f6') in 0.0121496 seconds
Number of updated asset objects reloaded before import = 0Number of asset objects unloaded after import = 14

========================================================================
Received Import Request.
  Time since last request: 0.000027 seconds.
  path: Assets/_Course Library/Source Files/Models/RoomModern_Models/Room_Modern_WindowPanel.fbx
  artifactKey: Guid(2778dad60f753d44094bdd4e836725df) Importer(2089858483,192608db42251d675da83286b1cce702)
Start importing Assets/_Course Library/Source Files/Models/RoomModern_Models/Room_Modern_WindowPanel.fbx using Guid(2778dad60f753d44094bdd4e836725df) Importer(2089858483,192608db42251d675da83286b1cce702) (ScriptedImporter) -> (artifact id: '61ecb9945095437757908413de61fa7a') in 0.0141962 seconds
Number of updated asset objects reloaded before import = 0Number of asset objects unloaded after import = 8

========================================================================
Received Import Request.
  Time since last request: 0.000010 seconds.
  path: Assets/_Course Library/Source Files/Models/RoomTraditional_Models/Room_Traditional_Ceiling.fbx
  artifactKey: Guid(3f58e30f741850748b952ba0fbfb300a) Importer(2089858483,192608db42251d675da83286b1cce702)
Start importing Assets/_Course Library/Source Files/Models/RoomTraditional_Models/Room_Traditional_Ceiling.fbx using Guid(3f58e30f741850748b952ba0fbfb300a) Importer(2089858483,192608db42251d675da83286b1cce702) (ScriptedImporter) -> (artifact id: '8e5595376e4f0b601f30cf632fb23bac') in 0.0148749 seconds
Number of updated asset objects reloaded before import = 0Number of asset objects unloaded after import = 8

========================================================================
Received Import Request.
  Time since last request: 0.000011 seconds.
  path: Assets/Samples/XR Interaction Toolkit/2.5.2/Starter Assets/XRI Default Input Actions.inputactions
  artifactKey: Guid(c348712bda248c246b8c49b3db54643f) Importer(2089858483,192608db42251d675da83286b1cce702)
Start importing Assets/Samples/XR Interaction Toolkit/2.5.2/Starter Assets/XRI Default Input Actions.inputactions using Guid(c348712bda248c246b8c49b3db54643f) Importer(2089858483,192608db42251d675da83286b1cce702) (ScriptedImporter) -> (artifact id: '6a4a5b6926efc0c9577b9691429fb635') in 0.1827374 seconds
Number of updated asset objects reloaded before import = 0Number of asset objects unloaded after import = 92

========================================================================
Received Import Request.
  Time since last request: 0.000011 seconds.
  path: Assets/_Course Library/_Prefabs/Objects/Containers/Container_WateringCan_Yellow.prefab
  artifactKey: Guid(f89ff3fba44a22c45828d9cf21154f49) Importer(2089858483,192608db42251d675da83286b1cce702)
Start importing Assets/_Course Library/_Prefabs/Objects/Containers/Container_WateringCan_Yellow.prefab using Guid(f89ff3fba44a22c45828d9cf21154f49) Importer(2089858483,192608db42251d675da83286b1cce702) (ScriptedImporter) -> (artifact id: '766b4ae49759b574da76174784c540c2') in 0.0119 seconds
Number of updated asset objects reloaded before import = 0Number of asset objects unloaded after import = 9

========================================================================
Received Import Request.
  Time since last request: 0.000017 seconds.
  path: Assets/_Course Library/_Prefabs/Objects/Sports/PingPong_Paddle_Red.prefab
  artifactKey: Guid(c8f3c4914ed09be4999d3eb1e3a7b5f5) Importer(2089858483,192608db42251d675da83286b1cce702)
Start importing Assets/_Course Library/_Prefabs/Objects/Sports/PingPong_Paddle_Red.prefab using Guid(c8f3c4914ed09be4999d3eb1e3a7b5f5) Importer(2089858483,192608db42251d675da83286b1cce702) (ScriptedImporter) -> (artifact id: 'ce4e52d9d018e507294d74df5bc0c313') in 0.0091783 seconds
Number of updated asset objects reloaded before import = 0Number of asset objects unloaded after import = 16

========================================================================
Received Import Request.
  Time since last request: 0.000011 seconds.
  path: Assets/_Course Library/Source Files/Models/RoomModern_Models/Room_Modern_DoorPanel.fbx
  artifactKey: Guid(06fa93e6873e8c44fbd668b15d71fb14) Importer(2089858483,192608db42251d675da83286b1cce702)
Start importing Assets/_Course Library/Source Files/Models/RoomModern_Models/Room_Modern_DoorPanel.fbx using Guid(06fa93e6873e8c44fbd668b15d71fb14) Importer(2089858483,192608db42251d675da83286b1cce702) (ScriptedImporter) -> (artifact id: '63c93410888805a13110bd38c111313c') in 0.0127412 seconds
Number of updated asset objects reloaded before import = 0Number of asset objects unloaded after import = 8

========================================================================
Received Import Request.
  Time since last request: 0.000011 seconds.
  path: Assets/_Course Library/_Prefabs/Storage/Drawers_Modern_Light.prefab
  artifactKey: Guid(9d9f0464e931ebd48bf01c0ef3c09ba2) Importer(2089858483,192608db42251d675da83286b1cce702)
Start importing Assets/_Course Library/_Prefabs/Storage/Drawers_Modern_Light.prefab using Guid(9d9f0464e931ebd48bf01c0ef3c09ba2) Importer(2089858483,192608db42251d675da83286b1cce702) (ScriptedImporter) -> (artifact id: 'a229358c5d8174764274a80cabcd86c9') in 0.0084725 seconds
Number of updated asset objects reloaded before import = 0Number of asset objects unloaded after import = 52

========================================================================
Received Import Request.
  Time since last request: 0.000013 seconds.
  path: Assets/_Course Library/_Prefabs/Rooms/Room_Modern.prefab
  artifactKey: Guid(d9470993b9bd0a541a884d6f6704a421) Importer(2089858483,192608db42251d675da83286b1cce702)
Start importing Assets/_Course Library/_Prefabs/Rooms/Room_Modern.prefab using Guid(d9470993b9bd0a541a884d6f6704a421) Importer(2089858483,192608db42251d675da83286b1cce702) (ScriptedImporter) -> (artifact id: '07f7c826a6ca8df339e937bdf85639b9') in 0.0103331 seconds
Number of updated asset objects reloaded before import = 0Number of asset objects unloaded after import = 55

========================================================================
Received Import Request.
  Time since last request: 0.000010 seconds.
  path: Assets/_Course Library/_Prefabs/Objects/Sports/Tennis_Ball_Green.prefab
  artifactKey: Guid(d0c00082fbae52742bbd03cc0bccf5ea) Importer(2089858483,192608db42251d675da83286b1cce702)
Start importing Assets/_Course Library/_Prefabs/Objects/Sports/Tennis_Ball_Green.prefab using Guid(d0c00082fbae52742bbd03cc0bccf5ea) Importer(2089858483,192608db42251d675da83286b1cce702) (ScriptedImporter) -> (artifact id: '026b72fcb3fc1086fe46802e28ecd60a') in 0.016378 seconds
Number of updated asset objects reloaded before import = 0Number of asset objects unloaded after import = 9

========================================================================
Received Import Request.
  Time since last request: 0.000024 seconds.
  path: Assets/_Course Library/_Prefabs/Tables/Table_Coffee_Traditional.prefab
  artifactKey: Guid(0d96f7bd47e015244b495190ca7e753d) Importer(2089858483,192608db42251d675da83286b1cce702)
Start importing Assets/_Course Library/_Prefabs/Tables/Table_Coffee_Traditional.prefab using Guid(0d96f7bd47e015244b495190ca7e753d) Importer(2089858483,192608db42251d675da83286b1cce702) (ScriptedImporter) -> (artifact id: '782eaf56000610bb56ad7600fa1696e5') in 0.011806 seconds
Number of updated asset objects reloaded before import = 0Number of asset objects unloaded after import = 15

========================================================================
Received Import Request.
  Time since last request: 0.000010 seconds.
  path: Assets/_Course Library/_Prefabs/Objects/Miscellaneous/Lighter_Candle_Green.prefab
  artifactKey: Guid(710e78790f563cb439a579a906727a28) Importer(2089858483,192608db42251d675da83286b1cce702)
Start importing Assets/_Course Library/_Prefabs/Objects/Miscellaneous/Lighter_Candle_Green.prefab using Guid(710e78790f563cb439a579a906727a28) Importer(2089858483,192608db42251d675da83286b1cce702) (ScriptedImporter) -> (artifact id: '67713cf43e0186c6462e904724d1b3de') in 0.0120279 seconds
Number of updated asset objects reloaded before import = 0Number of asset objects unloaded after import = 9

========================================================================
Received Import Request.
  Time since last request: 0.000011 seconds.
  path: Assets/_Course Library/_Prefabs/Objects/Electronics/Gaming_Console.prefab
  artifactKey: Guid(0f1dd0ba4b8377140b6dcfbb7e623ac9) Importer(2089858483,192608db42251d675da83286b1cce702)
Start importing Assets/_Course Library/_Prefabs/Objects/Electronics/Gaming_Console.prefab using Guid(0f1dd0ba4b8377140b6dcfbb7e623ac9) Importer(2089858483,192608db42251d675da83286b1cce702) (ScriptedImporter) -> (artifact id: 'bd0d4354fb09efcc12e37cbb8ee3e3a3') in 0.0066991 seconds
Number of updated asset objects reloaded before import = 0Number of asset objects unloaded after import = 27

========================================================================
Received Import Request.
  Time since last request: 0.000010 seconds.
  path: Assets/Samples/XR Interaction Toolkit/2.5.2/Starter Assets/Presets/XRI Default Snap Turn.preset
  artifactKey: Guid(18697d253d848974aa7052cba872c9f0) Importer(2089858483,192608db42251d675da83286b1cce702)
Start importing Assets/Samples/XR Interaction Toolkit/2.5.2/Starter Assets/Presets/XRI Default Snap Turn.preset using Guid(18697d253d848974aa7052cba872c9f0) Importer(2089858483,192608db42251d675da83286b1cce702) (ScriptedImporter) -> (artifact id: '1e21edfc2707c3712616ea9feddf3eee') in 0.0144889 seconds
Number of updated asset objects reloaded before import = 0Number of asset objects unloaded after import = 4

========================================================================
Received Import Request.
  Time since last request: 0.000012 seconds.
  path: Assets/_Course Library/_Prefabs/Seating/Chair_Traditional_Light.prefab
  artifactKey: Guid(b4d538715c7469342811939a08b911d2) Importer(2089858483,192608db42251d675da83286b1cce702)
Start importing Assets/_Course Library/_Prefabs/Seating/Chair_Traditional_Light.prefab using Guid(b4d538715c7469342811939a08b911d2) Importer(2089858483,192608db42251d675da83286b1cce702) (ScriptedImporter) -> (artifact id: '697e923e767276e3e1a50531bb406f68') in 0.0115668 seconds
Number of updated asset objects reloaded before import = 0Number of asset objects unloaded after import = 26

========================================================================
Received Import Request.
  Time since last request: 0.000017 seconds.
  path: Assets/_Course Library/_Prefabs/Rugs/Mat_Round_Blue.prefab
  artifactKey: Guid(cc8e9c60e8b51f541b58d256ac509ffd) Importer(2089858483,192608db42251d675da83286b1cce702)
Start importing Assets/_Course Library/_Prefabs/Rugs/Mat_Round_Blue.prefab using Guid(cc8e9c60e8b51f541b58d256ac509ffd) Importer(2089858483,192608db42251d675da83286b1cce702) (ScriptedImporter) -> (artifact id: '68daa2bfb104260e0dffc5f8f2d4fae2') in 0.013236 seconds
Number of updated asset objects reloaded before import = 0Number of asset objects unloaded after import = 26

========================================================================
Received Import Request.
  Time since last request: 0.000016 seconds.
  path: Assets/_Course Library/_Prefabs/Fireplaces/Fireplace_Rustic.prefab
  artifactKey: Guid(9613f127c4654fd4ca17526faa6e34bb) Importer(2089858483,192608db42251d675da83286b1cce702)
Start importing Assets/_Course Library/_Prefabs/Fireplaces/Fireplace_Rustic.prefab using Guid(9613f127c4654fd4ca17526faa6e34bb) Importer(2089858483,192608db42251d675da83286b1cce702) (ScriptedImporter) -> (artifact id: '2f311904c6b01d4664baabf09f971466') in 0.0109943 seconds
Number of updated asset objects reloaded before import = 0Number of asset objects unloaded after import = 71

========================================================================
Received Import Request.
  Time since last request: 0.000013 seconds.
  path: Assets/_Course Library/Source Files/Models/Object_Book_C_3.fbx
  artifactKey: Guid(48d9919b6a821a049b892481e0a2b6d6) Importer(2089858483,192608db42251d675da83286b1cce702)
Start importing Assets/_Course Library/Source Files/Models/Object_Book_C_3.fbx using Guid(48d9919b6a821a049b892481e0a2b6d6) Importer(2089858483,192608db42251d675da83286b1cce702) (ScriptedImporter) -> (artifact id: '7b0ae9a7c4b8da4c14070ee2da72ca88') in 0.0158461 seconds
Number of updated asset objects reloaded before import = 0Number of asset objects unloaded after import = 8

========================================================================
Received Import Request.
  Time since last request: 0.630312 seconds.
  path: Assets/Samples/XR Interaction Toolkit/2.5.2/Starter Assets/Presets/XRI Default XR Screen Space Controller.preset
  artifactKey: Guid(d3223012ddb39d24584825882e7ea40b) Importer(2089858483,192608db42251d675da83286b1cce702)
Start importing Assets/Samples/XR Interaction Toolkit/2.5.2/Starter Assets/Presets/XRI Default XR Screen Space Controller.preset using Guid(d3223012ddb39d24584825882e7ea40b) Importer(2089858483,192608db42251d675da83286b1cce702) (ScriptedImporter) -> (artifact id: '35c6922ab7a07438d9a0b16ddee24e43') in 0.0186123 seconds
Number of updated asset objects reloaded before import = 0Number of asset objects unloaded after import = 11

========================================================================
Received Import Request.
  Time since last request: 0.000011 seconds.
  path: Assets/Samples/XR Interaction Toolkit/3.0.8/XR Device Simulator/UI/Hands/Hand_Pinch.png
  artifactKey: Guid(a6721511441c05a43964dac58584c890) Importer(2089858483,192608db42251d675da83286b1cce702)
Start importing Assets/Samples/XR Interaction Toolkit/3.0.8/XR Device Simulator/UI/Hands/Hand_Pinch.png using Guid(a6721511441c05a43964dac58584c890) Importer(2089858483,192608db42251d675da83286b1cce702) (ScriptedImporter) -> (artifact id: 'abf58f9ffb9636e8545d01b90e34e989') in 0.0136969 seconds
Number of updated asset objects reloaded before import = 0Number of asset objects unloaded after import = 3

========================================================================
Received Import Request.
  Time since last request: 0.000010 seconds.
  path: Assets/Samples/XR Interaction Toolkit/2.5.2/Starter Assets/DemoSceneAssets/Prefabs/Climb/Climb Sample.prefab
  artifactKey: Guid(2ea572d587ee60f44bd5baa3bc2d6503) Importer(2089858483,192608db42251d675da83286b1cce702)
Start importing Assets/Samples/XR Interaction Toolkit/2.5.2/Starter Assets/DemoSceneAssets/Prefabs/Climb/Climb Sample.prefab using Guid(2ea572d587ee60f44bd5baa3bc2d6503) Importer(2089858483,192608db42251d675da83286b1cce702) (ScriptedImporter) -> (artifact id: '29388a995649a9b60b2c95120822344f') in 0.0225403 seconds
Number of updated asset objects reloaded before import = 0Number of asset objects unloaded after import = 493

========================================================================
Received Import Request.
  Time since last request: 0.000013 seconds.
  path: Assets/Samples/XR Interaction Toolkit/2.5.2/Starter Assets/DemoSceneAssets/Sprites/Checkmark.png
  artifactKey: Guid(db3e7b7c8db355e499429545071a0321) Importer(2089858483,192608db42251d675da83286b1cce702)
Start importing Assets/Samples/XR Interaction Toolkit/2.5.2/Starter Assets/DemoSceneAssets/Sprites/Checkmark.png using Guid(db3e7b7c8db355e499429545071a0321) Importer(2089858483,192608db42251d675da83286b1cce702) (ScriptedImporter) -> (artifact id: 'a3cd1a5116d63a54a317355169ec8fc1') in 0.0141154 seconds
Number of updated asset objects reloaded before import = 0Number of asset objects unloaded after import = 3

========================================================================
Received Import Request.
  Time since last request: 0.000016 seconds.
  path: Assets/Samples/XR Interaction Toolkit/2.5.2/Starter Assets/DemoSceneAssets/Prefabs/UI/ModalSingleButton.prefab
  artifactKey: Guid(c24a7635b5761984d81cf6c4aac26e0d) Importer(2089858483,192608db42251d675da83286b1cce702)
Start importing Assets/Samples/XR Interaction Toolkit/2.5.2/Starter Assets/DemoSceneAssets/Prefabs/UI/ModalSingleButton.prefab using Guid(c24a7635b5761984d81cf6c4aac26e0d) Importer(2089858483,192608db42251d675da83286b1cce702) (ScriptedImporter) -> (artifact id: '4528f7c4a44deaab831af540d07d9452') in 0.0405682 seconds
Number of updated asset objects reloaded before import = 0Number of asset objects unloaded after import = 40

========================================================================
Received Import Request.
  Time since last request: 0.000012 seconds.
  path: Assets/Samples/XR Interaction Toolkit/3.0.8/XR Device Simulator/Hand Expression Captures/Open Expression Capture.asset
  artifactKey: Guid(05293ab353dc8a747a36ed129311686d) Importer(2089858483,192608db42251d675da83286b1cce702)
Start importing Assets/Samples/XR Interaction Toolkit/3.0.8/XR Device Simulator/Hand Expression Captures/Open Expression Capture.asset using Guid(05293ab353dc8a747a36ed129311686d) Importer(2089858483,192608db42251d675da83286b1cce702) (ScriptedImporter) -> (artifact id: 'd711a6690f64cd861c7f4282decb8caf') in 0.0107145 seconds
Number of updated asset objects reloaded before import = 0Number of asset objects unloaded after import = 2

========================================================================
Received Import Request.
  Time since last request: 0.000016 seconds.
  path: Assets/Samples/XR Interaction Toolkit/3.0.8/XR Device Simulator/UI/HeadDevice/HMD_d.png
  artifactKey: Guid(177f60e6b21ff774093004ca330b2241) Importer(2089858483,192608db42251d675da83286b1cce702)
Start importing Assets/Samples/XR Interaction Toolkit/3.0.8/XR Device Simulator/UI/HeadDevice/HMD_d.png using Guid(177f60e6b21ff774093004ca330b2241) Importer(2089858483,192608db42251d675da83286b1cce702) (ScriptedImporter) -> (artifact id: 'e858c2adfb87f9ff6d0c79a67e493389') in 0.0176024 seconds
Number of updated asset objects reloaded before import = 0Number of asset objects unloaded after import = 3

========================================================================
Received Import Request.
  Time since last request: 0.000011 seconds.
  path: Assets/Samples/XR Interaction Toolkit/3.0.8/XR Device Simulator/Scripts/XRDeviceSimulatorControllerUI.cs
  artifactKey: Guid(a907ece591e731e49b5d7be45f089972) Importer(2089858483,192608db42251d675da83286b1cce702)
Start importing Assets/Samples/XR Interaction Toolkit/3.0.8/XR Device Simulator/Scripts/XRDeviceSimulatorControllerUI.cs using Guid(a907ece591e731e49b5d7be45f089972) Importer(2089858483,192608db42251d675da83286b1cce702) (ScriptedImporter) -> (artifact id: 'cbfef8d32f61b630c82c813ab5f7113f') in 0.0104744 seconds
Number of updated asset objects reloaded before import = 0Number of asset objects unloaded after import = 0

========================================================================
Received Import Request.
  Time since last request: 0.000011 seconds.
  path: Assets/Samples/XR Interaction Toolkit/2.5.2/Starter Assets/Tunneling Vignette/TunnelingVignette.mat
  artifactKey: Guid(0a35b7e20f75a8540a2c14b9555078cb) Importer(2089858483,192608db42251d675da83286b1cce702)
Start importing Assets/Samples/XR Interaction Toolkit/2.5.2/Starter Assets/Tunneling Vignette/TunnelingVignette.mat using Guid(0a35b7e20f75a8540a2c14b9555078cb) Importer(2089858483,192608db42251d675da83286b1cce702) (ScriptedImporter) -> (artifact id: '649684d5d201eb6849d00294feb7059f') in 0.0122279 seconds
Number of updated asset objects reloaded before import = 0Number of asset objects unloaded after import = 1

========================================================================
Received Import Request.
  Time since last request: 0.000013 seconds.
  path: Assets/Samples/XR Interaction Toolkit/2.5.2/Starter Assets/DemoSceneAssets/Prefabs/UI/Icon Button.prefab
  artifactKey: Guid(56686f82f64b0af4688a89676403a500) Importer(2089858483,192608db42251d675da83286b1cce702)
Start importing Assets/Samples/XR Interaction Toolkit/2.5.2/Starter Assets/DemoSceneAssets/Prefabs/UI/Icon Button.prefab using Guid(56686f82f64b0af4688a89676403a500) Importer(2089858483,192608db42251d675da83286b1cce702) (ScriptedImporter) -> (artifact id: '9e6aad905448e2c21749a43f11137631') in 0.0287768 seconds
Number of updated asset objects reloaded before import = 0Number of asset objects unloaded after import = 24

========================================================================
Received Import Request.
  Time since last request: 0.000013 seconds.
  path: Assets/Samples/XR Interaction Toolkit/2.5.2/Starter Assets/Editor/Scripts/StarterAssetsSampleProjectValidation.cs
  artifactKey: Guid(ef67ceb22b2224643a2d5004fc2a678a) Importer(2089858483,192608db42251d675da83286b1cce702)
Start importing Assets/Samples/XR Interaction Toolkit/2.5.2/Starter Assets/Editor/Scripts/StarterAssetsSampleProjectValidation.cs using Guid(ef67ceb22b2224643a2d5004fc2a678a) Importer(2089858483,192608db42251d675da83286b1cce702) (ScriptedImporter) -> (artifact id: '79a9fee712bb27c83f056ffc4518f8fc') in 0.0084818 seconds
Number of updated asset objects reloaded before import = 0Number of asset objects unloaded after import = 0

========================================================================
Received Import Request.
  Time since last request: 0.000019 seconds.
  path: Assets/Samples/XR Interaction Toolkit/3.0.8/XR Device Simulator/Scripts/XRDeviceSimulatorHandsUI.cs
  artifactKey: Guid(f35ac646ecbef4ece8c3eac9e74e1828) Importer(2089858483,192608db42251d675da83286b1cce702)
Start importing Assets/Samples/XR Interaction Toolkit/3.0.8/XR Device Simulator/Scripts/XRDeviceSimulatorHandsUI.cs using Guid(f35ac646ecbef4ece8c3eac9e74e1828) Importer(2089858483,192608db42251d675da83286b1cce702) (ScriptedImporter) -> (artifact id: 'ec2011bdfa410b7bfe01608d531d75db') in 0.009572 seconds
Number of updated asset objects reloaded before import = 0Number of asset objects unloaded after import = 0

========================================================================
Received Import Request.
  Time since last request: 0.000013 seconds.
  path: Assets/Samples/XR Interaction Toolkit/2.5.2/Starter Assets/Prefabs/Interactors/Poke Interactor.prefab
  artifactKey: Guid(27024f5809f4a4347b9cd7f26a1bdf93) Importer(2089858483,192608db42251d675da83286b1cce702)
Start importing Assets/Samples/XR Interaction Toolkit/2.5.2/Starter Assets/Prefabs/Interactors/Poke Interactor.prefab using Guid(27024f5809f4a4347b9cd7f26a1bdf93) Importer(2089858483,192608db42251d675da83286b1cce702) (ScriptedImporter) -> (artifact id: 'eb38b1f6ac806732eb9bf4786a34f8a5') in 0.0277842 seconds
Number of updated asset objects reloaded before import = 0Number of asset objects unloaded after import = 13

========================================================================
Received Import Request.
  Time since last request: 0.000011 seconds.
  path: Assets/Samples/XR Interaction Toolkit/2.5.2/Starter Assets/DemoSceneAssets/Prefabs/Climb/Climbing Wall.prefab
  artifactKey: Guid(a0ea40bd139aedc43b0e8374d6139437) Importer(2089858483,192608db42251d675da83286b1cce702)
Start importing Assets/Samples/XR Interaction Toolkit/2.5.2/Starter Assets/DemoSceneAssets/Prefabs/Climb/Climbing Wall.prefab using Guid(a0ea40bd139aedc43b0e8374d6139437) Importer(2089858483,192608db42251d675da83286b1cce702) (ScriptedImporter) -> (artifact id: 'c7bdcaeda6074087a58924f87890931f') in 0.0127669 seconds
Number of updated asset objects reloaded before import = 0Number of asset objects unloaded after import = 345

========================================================================
Received Import Request.
  Time since last request: 0.000012 seconds.
  path: Assets/_Course Library/_Prefabs/Rooms/Room_Components/Room_Rustic/Room_Rustic_DoorPanel.prefab
  artifactKey: Guid(5abfc42e15c9547b18d17506d115bb9f) Importer(2089858483,192608db42251d675da83286b1cce702)
Start importing Assets/_Course Library/_Prefabs/Rooms/Room_Components/Room_Rustic/Room_Rustic_DoorPanel.prefab using Guid(5abfc42e15c9547b18d17506d115bb9f) Importer(2089858483,192608db42251d675da83286b1cce702) (ScriptedImporter) -> (artifact id: 'f2c5c575f0fdcd54e0be8b9796473eb6') in 0.0123108 seconds
Number of updated asset objects reloaded before import = 0Number of asset objects unloaded after import = 17

========================================================================
Received Import Request.
  Time since last request: 0.000011 seconds.
  path: Assets/Samples/XR Interaction Toolkit/2.5.2/Starter Assets/Prefabs/Interactors/Ray Interactor.prefab
  artifactKey: Guid(ad818c36731146e994540a1896ad8f24) Importer(2089858483,192608db42251d675da83286b1cce702)
Start importing Assets/Samples/XR Interaction Toolkit/2.5.2/Starter Assets/Prefabs/Interactors/Ray Interactor.prefab using Guid(ad818c36731146e994540a1896ad8f24) Importer(2089858483,192608db42251d675da83286b1cce702) (ScriptedImporter) -> (artifact id: '83cc0fed2013d36b74094685e8961e13') in 0.0659405 seconds
Number of updated asset objects reloaded before import = 0Number of asset objects unloaded after import = 9

========================================================================
Received Import Request.
  Time since last request: 5124.951410 seconds.
  path: Assets/Scenes/RoomSample.unity
  artifactKey: Guid(99c9720ab356a0642a771bea13969a05) Importer(815301076,1909f56bfc062723c751e8b465ee728b)
Start importing Assets/Scenes/RoomSample.unity using Guid(99c9720ab356a0642a771bea13969a05) Importer(815301076,1909f56bfc062723c751e8b465ee728b) (PreviewImporter) -> (artifact id: 'ee550a30ec8d96ce25f1c9456776bf4b') in 0.0006114 seconds
Number of updated asset objects reloaded before import = 0Number of asset objects unloaded after import = 0

========================================================================
Received Import Request.
  Time since last request: 182.721081 seconds.
  path: Assets/XR/Settings/OpenXR Package Settings.asset
  artifactKey: Guid(b53b89ca9241447b0a56ff61fa931615) Importer(2089858483,192608db42251d675da83286b1cce702)
Start importing Assets/XR/Settings/OpenXR Package Settings.asset using Guid(b53b89ca9241447b0a56ff61fa931615) Importer(2089858483,192608db42251d675da83286b1cce702) (ScriptedImporter) -> (artifact id: 'e8b5d934b3c9fb2d425cfde20a6686f5') in 0.0430789 seconds
Number of updated asset objects reloaded before import = 41Number of asset objects unloaded after import = 1

========================================================================
Received Import Request.
  Time since last request: 411.180469 seconds.
  path: Assets/Scenes/RoomSample.unity
  artifactKey: Guid(99c9720ab356a0642a771bea13969a05) Importer(2089858483,192608db42251d675da83286b1cce702)
Start importing Assets/Scenes/RoomSample.unity using Guid(99c9720ab356a0642a771bea13969a05) Importer(2089858483,192608db42251d675da83286b1cce702) (ScriptedImporter) -> (artifact id: '308f3192f1ee88e6f054a359373ee1fa') in 0.0116069 seconds
Number of updated asset objects reloaded before import = 0Number of asset objects unloaded after import = 1

========================================================================
Received Import Request.
  Time since last request: 177.873793 seconds.
  path: Assets/Scenes/RoomSample.unity
  artifactKey: Guid(99c9720ab356a0642a771bea13969a05) Importer(2089858483,192608db42251d675da83286b1cce702)
Start importing Assets/Scenes/RoomSample.unity using Guid(99c9720ab356a0642a771bea13969a05) Importer(2089858483,192608db42251d675da83286b1cce702) (ScriptedImporter) -> (artifact id: 'e0d410d945c6a8636f18f11226af6ab7') in 0.0123014 seconds
Number of updated asset objects reloaded before import = 0Number of asset objects unloaded after import = 1

