Using pre-set license
Built from '6000.0/staging' branch; Version is '6000.0.40f1 (157d81624ddf) revision 1408385'; Using compiler version '193933523'; Build Type 'Release'
OS: 'Windows 11  (10.0.26100) 64bit Professional' Language: 'pl' Physical Memory: 32537 MB
BatchMode: 1, IsHumanControllingUs: 0, StartBugReporterOnCrash: 0, Is64bit: 1, IsPro: 1

COMMAND LINE ARGUMENTS:
C:\Program Files\Unity\Hub\Editor\6000.0.40f1\Editor\Unity.exe
-adb2
-batchMode
-noUpm
-name
AssetImportWorker0
-projectPath
C:/Users/jrkew/OneDrive/Desktop/Unity projects/VR2025/VR Room
-logFile
Logs/AssetImportWorker0.log
-srvPort
59230
-job-worker-count
15
-background-job-worker-count
8
-gc-helper-count
1
Successfully changed project path to: C:/Users/jrkew/OneDrive/Desktop/Unity projects/VR2025/VR Room
C:/Users/jrkew/OneDrive/Desktop/Unity projects/VR2025/VR Room
[UnityMemory] Configuration Parameters - Can be set up in boot.config
    "memorysetup-bucket-allocator-granularity=16"
    "memorysetup-bucket-allocator-bucket-count=8"
    "memorysetup-bucket-allocator-block-size=33554432"
    "memorysetup-bucket-allocator-block-count=8"
    "memorysetup-main-allocator-block-size=16777216"
    "memorysetup-thread-allocator-block-size=16777216"
    "memorysetup-gfx-main-allocator-block-size=16777216"
    "memorysetup-gfx-thread-allocator-block-size=16777216"
    "memorysetup-cache-allocator-block-size=4194304"
    "memorysetup-typetree-allocator-block-size=2097152"
    "memorysetup-profiler-bucket-allocator-granularity=16"
    "memorysetup-profiler-bucket-allocator-bucket-count=8"
    "memorysetup-profiler-bucket-allocator-block-size=33554432"
    "memorysetup-profiler-bucket-allocator-block-count=8"
    "memorysetup-profiler-allocator-block-size=16777216"
    "memorysetup-profiler-editor-allocator-block-size=1048576"
    "memorysetup-temp-allocator-size-main=16777216"
    "memorysetup-job-temp-allocator-block-size=2097152"
    "memorysetup-job-temp-allocator-block-size-background=1048576"
    "memorysetup-job-temp-allocator-reduction-small-platforms=262144"
    "memorysetup-allocator-temp-initial-block-size-main=262144"
    "memorysetup-allocator-temp-initial-block-size-worker=262144"
    "memorysetup-temp-allocator-size-background-worker=32768"
    "memorysetup-temp-allocator-size-job-worker=262144"
    "memorysetup-temp-allocator-size-preload-manager=33554432"
    "memorysetup-temp-allocator-size-nav-mesh-worker=65536"
    "memorysetup-temp-allocator-size-audio-worker=65536"
    "memorysetup-temp-allocator-size-cloud-worker=32768"
    "memorysetup-temp-allocator-size-gi-baking-worker=262144"
    "memorysetup-temp-allocator-size-gi-baking-worker=262144"
    "memorysetup-temp-allocator-size-gi-baking-worker=262144"
    "memorysetup-temp-allocator-size-gi-baking-worker=262144"
    "memorysetup-temp-allocator-size-gi-baking-worker=262144"
    "memorysetup-temp-allocator-size-gfx=262144"
Player connection [30936]  Target information:

Player connection [30936]  * "[IP] 192.168.0.158 [Port] 0 [Flags] 2 [Guid] 115495360 [EditorId] 115495360 [Version] 1048832 [Id] WindowsEditor(7,PC) [Debug] 1 [PackageName] WindowsEditor [ProjectName] Editor" 

Player connection [30936] Host joined multi-casting on [225.0.0.222:54997]...
Player connection [30936] Host joined alternative multi-casting on [225.0.0.222:34997]...
JobSystem: Creating JobQueue using job-worker-count value 15
Input System module state changed to: Initialized.
[Physics::Module] Initialized fallback backend.
[Physics::Module] Id: 0xdecafbad
Library Redirect Path: Library/
[Physics::Module] Selected backend.
[Physics::Module] Name: PhysX
[Physics::Module] Id: 0xf2b8ea05
[Physics::Module] SDK Version: 4.1.2
[Physics::Module] Integration Version: 1.0.0
[Physics::Module] Threading Mode: Multi-Threaded
Refreshing native plugins compatible for Editor in 8.22 ms, found 9 plugins.
Preloading 0 native plugins for Editor in 0.00 ms.
Initialize engine version: 6000.0.40f1 (157d81624ddf)
[Subsystems] Discovering subsystems at path C:/Program Files/Unity/Hub/Editor/6000.0.40f1/Editor/Data/Resources/UnitySubsystems
[Subsystems] Discovering subsystems at path C:/Users/jrkew/OneDrive/Desktop/Unity projects/VR2025/VR Room/Assets
GfxDevice: creating device client; kGfxThreadingModeNonThreaded
Direct3D:
    Version:  Direct3D 11.0 [level 11.1]
    Renderer: AMD Radeon RX 7900 XTX (ID=0x744c)
    Vendor:   ATI
    VRAM:     24496 MB
    Driver:   32.0.13031.3015
Shader 'Universal Render Pipeline/Nature/SpeedTree7': fallback shader 'Hidden/Universal Render Pipeline/FallbackError' not found
Shader 'Universal Render Pipeline/Nature/SpeedTree7': dependency 'BillboardShader' shader 'Universal Render Pipeline/Nature/SpeedTree7 Billboard' not found
Shader 'Hidden/Universal Render Pipeline/FallbackError': fallback shader 'Hidden/Core/FallbackError' not found
Shader 'Hidden/Universal Render Pipeline/StencilDeferred': fallback shader 'Hidden/Universal Render Pipeline/FallbackError' not found
Shader 'Universal Render Pipeline/Lit': fallback shader 'Hidden/Universal Render Pipeline/FallbackError' not found
Shader 'Universal Render Pipeline/Particles/Unlit': fallback shader 'Hidden/Universal Render Pipeline/FallbackError' not found
Shader 'Universal Render Pipeline/Unlit': fallback shader 'Hidden/Universal Render Pipeline/FallbackError' not found
Shader 'Universal Render Pipeline/VR/SpatialMapping/Occlusion': fallback shader 'Hidden/Universal Render Pipeline/FallbackError' not found
Shader 'Universal Render Pipeline/VR/SpatialMapping/Wireframe': fallback shader 'Hidden/Universal Render Pipeline/FallbackError' not found
Shader 'Universal Render Pipeline/Simple Lit': fallback shader 'Hidden/Universal Render Pipeline/FallbackError' not found
Shader 'TextMeshPro/Distance Field': fallback shader 'TextMeshPro/Mobile/Distance Field' not found
Shader 'Universal Render Pipeline/Particles/Simple Lit': fallback shader 'Universal Render Pipeline/Particles/Unlit' not found
Shader 'Universal Render Pipeline/Particles/Lit': fallback shader 'Universal Render Pipeline/Particles/Simple Lit' not found
Shader 'Universal Render Pipeline/Nature/SpeedTree7 Billboard': fallback shader 'Hidden/Universal Render Pipeline/FallbackError' not found
Shader 'Universal Render Pipeline/Complex Lit': fallback shader 'Hidden/Universal Render Pipeline/FallbackError' not found
Shader 'Universal Render Pipeline/Nature/SpeedTree8': fallback shader 'Hidden/Universal Render Pipeline/FallbackError' not found
Shader 'Hidden/Universal Render Pipeline/Terrain/Lit (Add Pass)': fallback shader 'Hidden/Universal Render Pipeline/FallbackError' not found
Shader 'TextMeshPro/Distance Field Overlay': fallback shader 'TextMeshPro/Mobile/Distance Field' not found
Shader 'Universal Render Pipeline/Baked Lit': fallback shader 'Universal Render Pipeline/Unlit' not found
Shader 'TextMeshPro/Distance Field SSD': fallback shader 'TextMeshPro/Mobile/Distance Field' not found
Initialize mono
Mono path[0] = 'C:/Program Files/Unity/Hub/Editor/6000.0.40f1/Editor/Data/Managed'
Mono path[1] = 'C:/Program Files/Unity/Hub/Editor/6000.0.40f1/Editor/Data/MonoBleedingEdge/lib/mono/unityjit-win32'
Mono config path = 'C:/Program Files/Unity/Hub/Editor/6000.0.40f1/Editor/Data/MonoBleedingEdge/etc'
Using monoOptions --debugger-agent=transport=dt_socket,embedding=1,server=y,suspend=n,address=127.0.0.1:56584
Begin MonoManager ReloadAssembly
Registering precompiled unity dll's ...
Register platform support module: C:/Program Files/Unity/Hub/Editor/6000.0.40f1/Editor/Data/PlaybackEngines/WebGLSupport/UnityEditor.WebGL.Extensions.dll
Register platform support module: C:/Program Files/Unity/Hub/Editor/6000.0.40f1/Editor/Data/PlaybackEngines/WindowsStandaloneSupport/UnityEditor.WindowsStandalone.Extensions.dll
Register platform support module: C:/Program Files/Unity/Hub/Editor/6000.0.40f1/Editor/Data/PlaybackEngines/AndroidPlayer/UnityEditor.Android.Extensions.dll
Registered in 0.002822 seconds.
- Loaded All Assemblies, in  0.262 seconds
Native extension for Android target not found
Android Extension - Scanning For ADB Devices 264 ms
Native extension for WindowsStandalone target not found
Native extension for WebGL target not found
Mono: successfully reloaded assembly
- Finished resetting the current domain, in  0.548 seconds
Domain Reload Profiling: 810ms
	BeginReloadAssembly (86ms)
		ExecutionOrderSort (0ms)
		DisableScriptedObjects (0ms)
		BackupInstance (0ms)
		ReleaseScriptingObjects (0ms)
		CreateAndSetChildDomain (1ms)
	RebuildCommonClasses (24ms)
	RebuildNativeTypeToScriptingClass (8ms)
	initialDomainReloadingComplete (30ms)
	LoadAllAssembliesAndSetupDomain (113ms)
		LoadAssemblies (84ms)
		RebuildTransferFunctionScriptingTraits (0ms)
		AnalyzeDomain (111ms)
			TypeCache.Refresh (110ms)
				TypeCache.ScanAssembly (98ms)
			BuildScriptInfoCaches (0ms)
			ResolveRequiredComponents (0ms)
	FinalizeReload (549ms)
		ReleaseScriptCaches (0ms)
		RebuildScriptCaches (0ms)
		SetupLoadedEditorAssemblies (518ms)
			LogAssemblyErrors (0ms)
			InitializePlatformSupportModulesInManaged (329ms)
			SetLoadedEditorAssemblies (4ms)
			BeforeProcessingInitializeOnLoad (42ms)
			ProcessInitializeOnLoadAttributes (94ms)
			ProcessInitializeOnLoadMethodAttributes (49ms)
			AfterProcessingInitializeOnLoad (0ms)
			EditorAssembliesLoaded (0ms)
		ExecutionOrderSort2 (0ms)
		AwakeInstancesAfterBackupRestoration (0ms)
========================================================================
Worker process is ready to serve import requests
Import Worker Mode flag is 0x00
Begin MonoManager ReloadAssembly
- Loaded All Assemblies, in  0.517 seconds
'Packages/com.unity.xr.openxr/Runtime/OpenXRLoader.cs' contains partial class of Unity.Object, exactly 1 of the partial classes needs to be in a file with the same filename. This is to know the one that can be referenced from ie. GameObjects
'Packages/com.unity.xr.openxr/Runtime/OpenXRLoaderInternal.cs' contains partial class of Unity.Object, exactly 1 of the partial classes needs to be in a file with the same filename. This is to know the one that can be referenced from ie. GameObjects
Refreshing native plugins compatible for Editor in 3.25 ms, found 9 plugins.
Native extension for Android target not found
Native extension for WindowsStandalone target not found
Native extension for WebGL target not found
Package Manager log level set to [2]
[Package Manager] Failed to launch server process. Reason: Unity was launched with the -noUpm command-line argument
[Package Manager] Unable to send message (not connected to server process).
[Package Manager] Cannot connect to Unity Package Manager local server
Shader 'Universal Render Pipeline/Terrain/Lit': fallback shader 'Hidden/Universal Render Pipeline/FallbackError' not found
Shader 'Universal Render Pipeline/Terrain/Lit': dependency 'AddPassShader' shader 'Hidden/Universal Render Pipeline/Terrain/Lit (Add Pass)' not found
Shader 'Universal Render Pipeline/Terrain/Lit': dependency 'BaseMapShader' shader 'Hidden/Universal Render Pipeline/Terrain/Lit (Base Pass)' not found
Shader 'Universal Render Pipeline/Terrain/Lit': dependency 'BaseMapGenShader' shader 'Hidden/Universal Render Pipeline/Terrain/Lit (Basemap Gen)' not found
The project currently uses the compatibility mode where the Render Graph API is disabled. Support for this mode will be removed in future Unity versions. Migrate existing ScriptableRenderPasses to the new RenderGraph API. After the migration, disable the compatibility mode in Edit > Projects Settings > Graphics > Render Graph.
UnityEngine.Debug:ExtractStackTraceNoAlloc (byte*,int,string)
UnityEngine.StackTraceUtility:ExtractStackTrace ()
UnityEngine.DebugLogHandler:Internal_Log (UnityEngine.LogType,UnityEngine.LogOption,string,UnityEngine.Object)
UnityEngine.DebugLogHandler:LogFormat (UnityEngine.LogType,UnityEngine.Object,string,object[])
UnityEngine.Logger:Log (UnityEngine.LogType,object)
UnityEngine.Debug:LogWarning (object)
UnityEngine.Rendering.Universal.WarnUsingNonRenderGraph:EmitConsoleWarning () (at ./Library/PackageCache/com.unity.render-pipelines.universal@bd2aa618476e/Runtime/Data/UniversalRenderPipelineAsset.cs:427)
System.Reflection.RuntimeMethodInfo:Invoke (object,System.Reflection.BindingFlags,System.Reflection.Binder,object[],System.Globalization.CultureInfo)
System.Reflection.MethodBase:Invoke (object,object[])
UnityEditor.EditorAssemblies:ProcessInitializeOnLoadMethodAttributes ()

(Filename: ./Library/PackageCache/com.unity.render-pipelines.universal@bd2aa618476e/Runtime/Data/UniversalRenderPipelineAsset.cs Line: 427)

Mono: successfully reloaded assembly
[Package Manager] Failed to launch server process. Reason: Unity was launched with the -noUpm command-line argument
[Package Manager] Unable to send message (not connected to server process).
[Package Manager] Cannot connect to Unity Package Manager local server
[Package Manager] Failed to launch server process. Reason: Unity was launched with the -noUpm command-line argument
[Package Manager] Unable to send message (not connected to server process).
[Package Manager] Cannot connect to Unity Package Manager local server
- Finished resetting the current domain, in  0.568 seconds
Domain Reload Profiling: 1083ms
	BeginReloadAssembly (109ms)
		ExecutionOrderSort (0ms)
		DisableScriptedObjects (3ms)
		BackupInstance (0ms)
		ReleaseScriptingObjects (0ms)
		CreateAndSetChildDomain (24ms)
	RebuildCommonClasses (24ms)
	RebuildNativeTypeToScriptingClass (8ms)
	initialDomainReloadingComplete (30ms)
	LoadAllAssembliesAndSetupDomain (342ms)
		LoadAssemblies (216ms)
		RebuildTransferFunctionScriptingTraits (0ms)
		AnalyzeDomain (186ms)
			TypeCache.Refresh (134ms)
				TypeCache.ScanAssembly (118ms)
			BuildScriptInfoCaches (38ms)
			ResolveRequiredComponents (9ms)
	FinalizeReload (569ms)
		ReleaseScriptCaches (0ms)
		RebuildScriptCaches (0ms)
		SetupLoadedEditorAssemblies (454ms)
			LogAssemblyErrors (0ms)
			InitializePlatformSupportModulesInManaged (10ms)
			SetLoadedEditorAssemblies (3ms)
			BeforeProcessingInitializeOnLoad (83ms)
			ProcessInitializeOnLoadAttributes (256ms)
			ProcessInitializeOnLoadMethodAttributes (100ms)
			AfterProcessingInitializeOnLoad (2ms)
			EditorAssembliesLoaded (0ms)
		ExecutionOrderSort2 (0ms)
		AwakeInstancesAfterBackupRestoration (4ms)
Shader 'Hidden/Universal Render Pipeline/Terrain/Lit (Base Pass)': fallback shader 'Hidden/Universal Render Pipeline/FallbackError' not found
WARNING: Shader Unsupported: 'Hidden/Universal Render Pipeline/Terrain/Lit (Base Pass)' - All subshaders removed
WARNING: Shader Did you use #pragma only_renderers and omit this platform?
WARNING: Shader If subshaders removal was intentional, you may have forgotten turning Fallback off?
WARNING: Shader Unsupported: 'Hidden/Universal Render Pipeline/Terrain/Lit (Base Pass)' - All subshaders removed
WARNING: Shader Did you use #pragma only_renderers and omit this platform?
WARNING: Shader If subshaders removal was intentional, you may have forgotten turning Fallback off?
Launched and connected shader compiler UnityShaderCompiler.exe after 0.01 seconds
Refreshing native plugins compatible for Editor in 6.10 ms, found 9 plugins.
Preloading 0 native plugins for Editor in 0.00 ms.
Unloading 206 Unused Serialized files (Serialized files now loaded: 0)
Unloading 6893 unused Assets / (3.4 MB). Loaded Objects now: 7583.
Memory consumption went from 180.2 MB to 176.9 MB.
Total: 5.908800 ms (FindLiveObjects: 0.400900 ms CreateObjectMapping: 0.238000 ms MarkObjects: 3.907000 ms  DeleteObjects: 1.362100 ms)

========================================================================
Received Import Request.
  Time since last request: 7518.413430 seconds.
  path: Assets/TextMesh Pro/Shaders/TMP_SDF-Mobile.shader
  artifactKey: Guid(fe393ace9b354375a9cb14cdbbc28be4) Importer(2089858483,192608db42251d675da83286b1cce702)
Start importing Assets/TextMesh Pro/Shaders/TMP_SDF-Mobile.shader using Guid(fe393ace9b354375a9cb14cdbbc28be4) Importer(2089858483,192608db42251d675da83286b1cce702) (ScriptedImporter) -> (artifact id: '1d3b2c21aaddbb25a8e4bee82d27feec') in 0.1452297 seconds
Number of updated asset objects reloaded before import = 0Number of asset objects unloaded after import = 1

========================================================================
Received Import Request.
  Time since last request: 0.000010 seconds.
  path: Assets/Challenges/03_Training/Materials/BlueLight.mat
  artifactKey: Guid(c56e045e4ea4b4c03a84074b146d28a4) Importer(2089858483,192608db42251d675da83286b1cce702)
Start importing Assets/Challenges/03_Training/Materials/BlueLight.mat using Guid(c56e045e4ea4b4c03a84074b146d28a4) Importer(2089858483,192608db42251d675da83286b1cce702) (ScriptedImporter) -> (artifact id: 'de6d05c61c3894fc5efdd65a4d3148a7') in 0.0363282 seconds
Number of updated asset objects reloaded before import = 0Number of asset objects unloaded after import = 1

========================================================================
Received Import Request.
  Time since last request: 0.000013 seconds.
  path: Assets/Challenges/02_3DPainting/Materials/Trail.mat
  artifactKey: Guid(0ce30e6d3e0ceb84296f7676ec700187) Importer(2089858483,192608db42251d675da83286b1cce702)
Start importing Assets/Challenges/02_3DPainting/Materials/Trail.mat using Guid(0ce30e6d3e0ceb84296f7676ec700187) Importer(2089858483,192608db42251d675da83286b1cce702) (ScriptedImporter) -> (artifact id: '72045820e42308d6127a690b392f8826') in 0.0112085 seconds
Number of updated asset objects reloaded before import = 0Number of asset objects unloaded after import = 1

========================================================================
Received Import Request.
  Time since last request: 0.000018 seconds.
  path: Assets/Challenges/01_Architecture/Prefabs/Tree_Med.prefab
  artifactKey: Guid(5fb35b650644e4aaebf1f7d09bc38a17) Importer(2089858483,192608db42251d675da83286b1cce702)
Start importing Assets/Challenges/01_Architecture/Prefabs/Tree_Med.prefab using Guid(5fb35b650644e4aaebf1f7d09bc38a17) Importer(2089858483,192608db42251d675da83286b1cce702) (ScriptedImporter) -> (artifact id: '900c04650fe573f4a21ea036c1e90edf') in 0.0202527 seconds
Number of updated asset objects reloaded before import = 0Number of asset objects unloaded after import = 19

========================================================================
Received Import Request.
  Time since last request: 0.000015 seconds.
  path: Assets/_Course Library/Particles/Particle_Water.prefab
  artifactKey: Guid(ecf7736a659284e99804c6bde923b1c6) Importer(2089858483,192608db42251d675da83286b1cce702)
Start importing Assets/_Course Library/Particles/Particle_Water.prefab using Guid(ecf7736a659284e99804c6bde923b1c6) Importer(2089858483,192608db42251d675da83286b1cce702) (ScriptedImporter) -> (artifact id: '46347b0b5b894cfe7ca009317e45463f') in 0.0841672 seconds
Number of updated asset objects reloaded before import = 0Number of asset objects unloaded after import = 7

========================================================================
Received Import Request.
  Time since last request: 0.000010 seconds.
  path: Assets/_Course Library/Fonts/Lora-Regular SDF.asset
  artifactKey: Guid(46d4660eedeaf406995fa1afed253fe0) Importer(2089858483,192608db42251d675da83286b1cce702)
Start importing Assets/_Course Library/Fonts/Lora-Regular SDF.asset using Guid(46d4660eedeaf406995fa1afed253fe0) Importer(2089858483,192608db42251d675da83286b1cce702) (ScriptedImporter) -> (artifact id: '59921a2a58d3ce21680b40b153bbcd04') in 0.0630959 seconds
Number of updated asset objects reloaded before import = 0Number of asset objects unloaded after import = 3

========================================================================
Received Import Request.
  Time since last request: 0.000012 seconds.
  path: Assets/TextMesh Pro/Shaders/TMP_SDF-URP Unlit.shadergraph
  artifactKey: Guid(124c112a6e8f1a54e8b0870e881b56d8) Importer(2089858483,192608db42251d675da83286b1cce702)
Start importing Assets/TextMesh Pro/Shaders/TMP_SDF-URP Unlit.shadergraph using Guid(124c112a6e8f1a54e8b0870e881b56d8) Importer(2089858483,192608db42251d675da83286b1cce702) (ScriptedImporter) -> (artifact id: '67f455d10e4ac202394f6ec295d70db0') in 0.0283604 seconds
Number of updated asset objects reloaded before import = 0Number of asset objects unloaded after import = 4

========================================================================
Received Import Request.
  Time since last request: 0.000017 seconds.
  path: Assets/TextMesh Pro/Shaders/TMP_SDF-HDRP UNLIT.shadergraph
  artifactKey: Guid(f63d574838ccfb44f84acc05fed0af48) Importer(2089858483,192608db42251d675da83286b1cce702)
Start importing Assets/TextMesh Pro/Shaders/TMP_SDF-HDRP UNLIT.shadergraph using Guid(f63d574838ccfb44f84acc05fed0af48) Importer(2089858483,192608db42251d675da83286b1cce702) (ScriptedImporter) -> (artifact id: '24bdf9e0b209fa7794bded7ecfae81ed') in 0.0129638 seconds
Number of updated asset objects reloaded before import = 0Number of asset objects unloaded after import = 3

========================================================================
Received Import Request.
  Time since last request: 0.000010 seconds.
  path: Assets/Challenges/02_3DPainting/Materials/Blue.mat
  artifactKey: Guid(883b51d7f702a457e914d827f896d06d) Importer(2089858483,192608db42251d675da83286b1cce702)
Start importing Assets/Challenges/02_3DPainting/Materials/Blue.mat using Guid(883b51d7f702a457e914d827f896d06d) Importer(2089858483,192608db42251d675da83286b1cce702) (ScriptedImporter) -> (artifact id: 'fba34a73d812f01fbb60bee09f4891c3') in 0.0111157 seconds
Number of updated asset objects reloaded before import = 0Number of asset objects unloaded after import = 1

========================================================================
Received Import Request.
  Time since last request: 0.335214 seconds.
  path: Assets/Challenges/03_Training/Materials/FloorLight.mat
  artifactKey: Guid(3209be7af070c4f0b8084e01e8f9af64) Importer(2089858483,192608db42251d675da83286b1cce702)
Start importing Assets/Challenges/03_Training/Materials/FloorLight.mat using Guid(3209be7af070c4f0b8084e01e8f9af64) Importer(2089858483,192608db42251d675da83286b1cce702) (ScriptedImporter) -> (artifact id: '99bee6c7cd5b97e541cd8966759cd893') in 0.0111652 seconds
Number of updated asset objects reloaded before import = 0Number of asset objects unloaded after import = 1

========================================================================
Received Import Request.
  Time since last request: 0.000011 seconds.
  path: Assets/Challenges/03_Training/Prefabs/Box_Inactive.prefab
  artifactKey: Guid(2ebb7b53054df441791cf6f3af159795) Importer(2089858483,192608db42251d675da83286b1cce702)
Start importing Assets/Challenges/03_Training/Prefabs/Box_Inactive.prefab using Guid(2ebb7b53054df441791cf6f3af159795) Importer(2089858483,192608db42251d675da83286b1cce702) (ScriptedImporter) -> (artifact id: 'eb8d3b3bf97ec40d8a9de5bca72db0d6') in 0.0145758 seconds
Number of updated asset objects reloaded before import = 0Number of asset objects unloaded after import = 8

========================================================================
Received Import Request.
  Time since last request: 0.000018 seconds.
  path: Assets/_Course Library/Audio/FX/SFX_UI_SciFi_Back.ogg
  artifactKey: Guid(3a8730ed83cf54ec3af36761459c24e8) Importer(2089858483,192608db42251d675da83286b1cce702)
Start importing Assets/_Course Library/Audio/FX/SFX_UI_SciFi_Back.ogg using Guid(3a8730ed83cf54ec3af36761459c24e8) Importer(2089858483,192608db42251d675da83286b1cce702) (ScriptedImporter) -> (artifact id: 'c7ec5018147b4dea9d46a843784caa31') in 0.0316532 seconds
Number of updated asset objects reloaded before import = 0Number of asset objects unloaded after import = 1

========================================================================
Received Import Request.
  Time since last request: 0.000010 seconds.
  path: Assets/_Course Library/Audio/FX/SFX_UI_Game_Positive.ogg
  artifactKey: Guid(a6e6cb127e7044a3eaa8772d8a314706) Importer(2089858483,192608db42251d675da83286b1cce702)
Start importing Assets/_Course Library/Audio/FX/SFX_UI_Game_Positive.ogg using Guid(a6e6cb127e7044a3eaa8772d8a314706) Importer(2089858483,192608db42251d675da83286b1cce702) (ScriptedImporter) -> (artifact id: '6d4ef4b3d814ef6b764194ce15d71521') in 0.0326063 seconds
Number of updated asset objects reloaded before import = 0Number of asset objects unloaded after import = 1

========================================================================
Received Import Request.
  Time since last request: 0.000013 seconds.
  path: Assets/TextMesh Pro/Resources/Sprite Assets/EmojiOne.asset
  artifactKey: Guid(c41005c129ba4d66911b75229fd70b45) Importer(2089858483,192608db42251d675da83286b1cce702)
Start importing Assets/TextMesh Pro/Resources/Sprite Assets/EmojiOne.asset using Guid(c41005c129ba4d66911b75229fd70b45) Importer(2089858483,192608db42251d675da83286b1cce702) (ScriptedImporter) -> (artifact id: '10e49f40d77db2b93bc9db22265d35a2') in 0.0145833 seconds
Number of updated asset objects reloaded before import = 0Number of asset objects unloaded after import = 3

========================================================================
Received Import Request.
  Time since last request: 0.000010 seconds.
  path: Assets/_Course Library/Materials/Object Materials/Material_Main.mat
  artifactKey: Guid(4f816cbd04e37fa47ae16f6a8a40a59d) Importer(2089858483,192608db42251d675da83286b1cce702)
Start importing Assets/_Course Library/Materials/Object Materials/Material_Main.mat using Guid(4f816cbd04e37fa47ae16f6a8a40a59d) Importer(2089858483,192608db42251d675da83286b1cce702) (ScriptedImporter) -> (artifact id: 'e533dd3d1c9ce5c7fd703e0fa9785a36') in 0.0117562 seconds
Number of updated asset objects reloaded before import = 0Number of asset objects unloaded after import = 2

========================================================================
Received Import Request.
  Time since last request: 0.000011 seconds.
  path: Assets/_Course Library/Audio/FX/SFX_Game_Success.ogg
  artifactKey: Guid(ffa67130b8bb74c7f8bc2b3ce9149daf) Importer(2089858483,192608db42251d675da83286b1cce702)
Start importing Assets/_Course Library/Audio/FX/SFX_Game_Success.ogg using Guid(ffa67130b8bb74c7f8bc2b3ce9149daf) Importer(2089858483,192608db42251d675da83286b1cce702) (ScriptedImporter) -> (artifact id: '0458e2e5e52c8bd5a4d1c8e82cd628cb') in 0.0172566 seconds
Number of updated asset objects reloaded before import = 0Number of asset objects unloaded after import = 1

========================================================================
Received Import Request.
  Time since last request: 0.000010 seconds.
  path: Assets/_Course Library/Audio/FX/SFX_UI_Button_1.ogg
  artifactKey: Guid(3c7b3ef689cc94af0bd824489050effd) Importer(2089858483,192608db42251d675da83286b1cce702)
Start importing Assets/_Course Library/Audio/FX/SFX_UI_Button_1.ogg using Guid(3c7b3ef689cc94af0bd824489050effd) Importer(2089858483,192608db42251d675da83286b1cce702) (ScriptedImporter) -> (artifact id: '802db187eb7f23ab1fab38ed66f9b6b2') in 0.0150113 seconds
Number of updated asset objects reloaded before import = 0Number of asset objects unloaded after import = 1

========================================================================
Received Import Request.
  Time since last request: 0.000013 seconds.
  path: Assets/_Course Library/Audio/FX/SFX_Impact_Heavy.ogg
  artifactKey: Guid(47d525776691f4a039da24d17caa644c) Importer(2089858483,192608db42251d675da83286b1cce702)
Start importing Assets/_Course Library/Audio/FX/SFX_Impact_Heavy.ogg using Guid(47d525776691f4a039da24d17caa644c) Importer(2089858483,192608db42251d675da83286b1cce702) (ScriptedImporter) -> (artifact id: '0b0beda8ad604f0529eeb69c9689888c') in 0.0190474 seconds
Number of updated asset objects reloaded before import = 0Number of asset objects unloaded after import = 1

========================================================================
Received Import Request.
  Time since last request: 0.000017 seconds.
  path: Assets/_Course Library/Audio/FX/SFX_UI_Click_2.ogg
  artifactKey: Guid(39eeabf0f489f4e46a024aa733bf1b4b) Importer(2089858483,192608db42251d675da83286b1cce702)
Start importing Assets/_Course Library/Audio/FX/SFX_UI_Click_2.ogg using Guid(39eeabf0f489f4e46a024aa733bf1b4b) Importer(2089858483,192608db42251d675da83286b1cce702) (ScriptedImporter) -> (artifact id: '604624fa42d20a6aa92bef60a28d7847') in 0.0195426 seconds
Number of updated asset objects reloaded before import = 0Number of asset objects unloaded after import = 1

========================================================================
Received Import Request.
  Time since last request: 0.000010 seconds.
  path: Assets/_Course Library/Audio/FX/SFX_Loop_Buzz_1.ogg
  artifactKey: Guid(088ba1df0d9c04f62b913b155a14cd10) Importer(2089858483,192608db42251d675da83286b1cce702)
Start importing Assets/_Course Library/Audio/FX/SFX_Loop_Buzz_1.ogg using Guid(088ba1df0d9c04f62b913b155a14cd10) Importer(2089858483,192608db42251d675da83286b1cce702) (ScriptedImporter) -> (artifact id: 'b9cfb14155f9854e18e7cae5aff82330') in 0.024783 seconds
Number of updated asset objects reloaded before import = 0Number of asset objects unloaded after import = 1

========================================================================
Received Import Request.
  Time since last request: 0.000010 seconds.
  path: Assets/_Course Library/Audio/FX/SFX_Machine_Stamp.ogg
  artifactKey: Guid(f3c16f48623484a42b8624861a87ca11) Importer(2089858483,192608db42251d675da83286b1cce702)
Start importing Assets/_Course Library/Audio/FX/SFX_Machine_Stamp.ogg using Guid(f3c16f48623484a42b8624861a87ca11) Importer(2089858483,192608db42251d675da83286b1cce702) (ScriptedImporter) -> (artifact id: '3f4d81334bd3d6af09fbfff916e02b81') in 0.0231341 seconds
Number of updated asset objects reloaded before import = 0Number of asset objects unloaded after import = 1

========================================================================
Received Import Request.
  Time since last request: 0.000011 seconds.
  path: Assets/_Course Library/Materials/Solid Colors/Grey.mat
  artifactKey: Guid(284c0adf047530442a7e23b4365615aa) Importer(2089858483,192608db42251d675da83286b1cce702)
Start importing Assets/_Course Library/Materials/Solid Colors/Grey.mat using Guid(284c0adf047530442a7e23b4365615aa) Importer(2089858483,192608db42251d675da83286b1cce702) (ScriptedImporter) -> (artifact id: 'c4fb034b7be2dadea915a9664efc49bd') in 0.0110426 seconds
Number of updated asset objects reloaded before import = 0Number of asset objects unloaded after import = 1

========================================================================
Received Import Request.
  Time since last request: 0.000014 seconds.
  path: Assets/_Course Library/Materials/Object Materials/Material_Wood_Rustic.mat
  artifactKey: Guid(0e77f434c76d1e14086e2281d4df3849) Importer(2089858483,192608db42251d675da83286b1cce702)
Start importing Assets/_Course Library/Materials/Object Materials/Material_Wood_Rustic.mat using Guid(0e77f434c76d1e14086e2281d4df3849) Importer(2089858483,192608db42251d675da83286b1cce702) (ScriptedImporter) -> (artifact id: '9b0f80218e6d9d61d2673fc4a56c10f0') in 0.0093247 seconds
Number of updated asset objects reloaded before import = 0Number of asset objects unloaded after import = 2

========================================================================
Received Import Request.
  Time since last request: 0.000010 seconds.
  path: Assets/_Course Library/Materials/Solid Colors/Blue.mat
  artifactKey: Guid(5750f18e988befc4f9a61a61a7da484a) Importer(2089858483,192608db42251d675da83286b1cce702)
Start importing Assets/_Course Library/Materials/Solid Colors/Blue.mat using Guid(5750f18e988befc4f9a61a61a7da484a) Importer(2089858483,192608db42251d675da83286b1cce702) (ScriptedImporter) -> (artifact id: '96a78c4aa0971edc6793e95652c5f9b5') in 0.0116335 seconds
Number of updated asset objects reloaded before import = 0Number of asset objects unloaded after import = 1

========================================================================
Received Import Request.
  Time since last request: 0.214869 seconds.
  path: Assets/_Course Library/Scripts/Actions/ConvertValueToHue.cs
  artifactKey: Guid(c008fa0317c73744fa9f4b940d3fd035) Importer(2089858483,192608db42251d675da83286b1cce702)
Start importing Assets/_Course Library/Scripts/Actions/ConvertValueToHue.cs using Guid(c008fa0317c73744fa9f4b940d3fd035) Importer(2089858483,192608db42251d675da83286b1cce702) (ScriptedImporter) -> (artifact id: '9bff06be6e41d0e0ead36dd3ea63e19a') in 0.0091773 seconds
Number of updated asset objects reloaded before import = 0Number of asset objects unloaded after import = 0

========================================================================
Received Import Request.
  Time since last request: 0.000009 seconds.
  path: Assets/_Course Library/Scripts/Actions/MatchRotation.cs
  artifactKey: Guid(ae83748d921a24c479bbf9e63dd4ea89) Importer(2089858483,192608db42251d675da83286b1cce702)
Start importing Assets/_Course Library/Scripts/Actions/MatchRotation.cs using Guid(ae83748d921a24c479bbf9e63dd4ea89) Importer(2089858483,192608db42251d675da83286b1cce702) (ScriptedImporter) -> (artifact id: '70c3be874cc4a5fa89bc02e9828d35f5') in 0.0087218 seconds
Number of updated asset objects reloaded before import = 0Number of asset objects unloaded after import = 0

========================================================================
Received Import Request.
  Time since last request: 0.000010 seconds.
  path: Assets/_Course Library/Scripts/Actions/TeleportPlayer.cs
  artifactKey: Guid(9469e5ef7ce252d48a689ad38d7b5695) Importer(2089858483,192608db42251d675da83286b1cce702)
Start importing Assets/_Course Library/Scripts/Actions/TeleportPlayer.cs using Guid(9469e5ef7ce252d48a689ad38d7b5695) Importer(2089858483,192608db42251d675da83286b1cce702) (ScriptedImporter) -> (artifact id: '2d91ab3285e7bca3cc72135a66614eb4') in 0.0085908 seconds
Number of updated asset objects reloaded before import = 0Number of asset objects unloaded after import = 0

========================================================================
Received Import Request.
  Time since last request: 0.000013 seconds.
  path: Assets/_Course Library/Scripts/Actions/ToggleLight.cs
  artifactKey: Guid(376688c5b82056e4da4c2b159887a7dc) Importer(2089858483,192608db42251d675da83286b1cce702)
Start importing Assets/_Course Library/Scripts/Actions/ToggleLight.cs using Guid(376688c5b82056e4da4c2b159887a7dc) Importer(2089858483,192608db42251d675da83286b1cce702) (ScriptedImporter) -> (artifact id: 'c3c03b76a080c2a028ee7af52b503f9d') in 0.0092254 seconds
Number of updated asset objects reloaded before import = 0Number of asset objects unloaded after import = 0

========================================================================
Received Import Request.
  Time since last request: 0.000010 seconds.
  path: Assets/_Course Library/Scripts/Actions/ScaleObject.cs
  artifactKey: Guid(091efd902c2bede4fa71851697450155) Importer(2089858483,192608db42251d675da83286b1cce702)
Start importing Assets/_Course Library/Scripts/Actions/ScaleObject.cs using Guid(091efd902c2bede4fa71851697450155) Importer(2089858483,192608db42251d675da83286b1cce702) (ScriptedImporter) -> (artifact id: '154467bc5041e4e38daff89f3cca734e') in 0.0071969 seconds
Number of updated asset objects reloaded before import = 0Number of asset objects unloaded after import = 0

========================================================================
Received Import Request.
  Time since last request: 0.000012 seconds.
  path: Assets/_Course Library/Source Files/Models/Chandelier_Rustic.fbx
  artifactKey: Guid(18c0edda600483b4789dbdccc43b1e13) Importer(2089858483,192608db42251d675da83286b1cce702)
Start importing Assets/_Course Library/Source Files/Models/Chandelier_Rustic.fbx using Guid(18c0edda600483b4789dbdccc43b1e13) Importer(2089858483,192608db42251d675da83286b1cce702) (ScriptedImporter) -> (artifact id: '4021a36a431029f4915d351bdbf869ec') in 0.0367026 seconds
Number of updated asset objects reloaded before import = 0Number of asset objects unloaded after import = 16

========================================================================
Received Import Request.
  Time since last request: 0.000011 seconds.
  path: Assets/_Course Library/Source Files/Models/Hat_Straw.fbx
  artifactKey: Guid(4e1a09cb5eed4d34494b1ab5bdc4ecc6) Importer(2089858483,192608db42251d675da83286b1cce702)
Start importing Assets/_Course Library/Source Files/Models/Hat_Straw.fbx using Guid(4e1a09cb5eed4d34494b1ab5bdc4ecc6) Importer(2089858483,192608db42251d675da83286b1cce702) (ScriptedImporter) -> (artifact id: 'e0e27e07c6e572ca8a2c038f33d8fac0') in 0.0142965 seconds
Number of updated asset objects reloaded before import = 0Number of asset objects unloaded after import = 8

========================================================================
Received Import Request.
  Time since last request: 0.000012 seconds.
  path: Assets/_Course Library/Scripts/Conditions/OnTrigger.cs
  artifactKey: Guid(59fe722e016ecae438f59fbf21af3ecf) Importer(2089858483,192608db42251d675da83286b1cce702)
Start importing Assets/_Course Library/Scripts/Conditions/OnTrigger.cs using Guid(59fe722e016ecae438f59fbf21af3ecf) Importer(2089858483,192608db42251d675da83286b1cce702) (ScriptedImporter) -> (artifact id: '584bd90cb935175ea0729291f1fe1ed7') in 0.0088889 seconds
Number of updated asset objects reloaded before import = 0Number of asset objects unloaded after import = 0

========================================================================
Received Import Request.
  Time since last request: 0.000018 seconds.
  path: Assets/_Course Library/Source Files/Editor/XRLeverEditor.cs
  artifactKey: Guid(f9ca5fddb6772974788548ffb1f9953e) Importer(2089858483,192608db42251d675da83286b1cce702)
Start importing Assets/_Course Library/Source Files/Editor/XRLeverEditor.cs using Guid(f9ca5fddb6772974788548ffb1f9953e) Importer(2089858483,192608db42251d675da83286b1cce702) (ScriptedImporter) -> (artifact id: '0409c2fbefa1604cd7dd2a8881a0f941') in 0.0087514 seconds
Number of updated asset objects reloaded before import = 0Number of asset objects unloaded after import = 0

========================================================================
Received Import Request.
  Time since last request: 0.000011 seconds.
  path: Assets/_Course Library/Source Files/Models/Fireplace_Traditional_Log5.FBX
  artifactKey: Guid(2ca5b4c69a70354458bbe61a53e0d628) Importer(2089858483,192608db42251d675da83286b1cce702)
Start importing Assets/_Course Library/Source Files/Models/Fireplace_Traditional_Log5.FBX using Guid(2ca5b4c69a70354458bbe61a53e0d628) Importer(2089858483,192608db42251d675da83286b1cce702) (ScriptedImporter) -> (artifact id: '9ae29450ad1732e1d92f72d173185f8f') in 0.0153506 seconds
Number of updated asset objects reloaded before import = 0Number of asset objects unloaded after import = 9

========================================================================
Received Import Request.
  Time since last request: 0.000013 seconds.
  path: Assets/_Course Library/Source Files/Models/Fireplace_Traditional_Log3.FBX
  artifactKey: Guid(754f0e8ec3a9e9449819cf43f63fc25f) Importer(2089858483,192608db42251d675da83286b1cce702)
Start importing Assets/_Course Library/Source Files/Models/Fireplace_Traditional_Log3.FBX using Guid(754f0e8ec3a9e9449819cf43f63fc25f) Importer(2089858483,192608db42251d675da83286b1cce702) (ScriptedImporter) -> (artifact id: '215248d3323314547ce52dbfc2646c90') in 0.0145417 seconds
Number of updated asset objects reloaded before import = 0Number of asset objects unloaded after import = 9

========================================================================
Received Import Request.
  Time since last request: 0.000009 seconds.
  path: Assets/_Course Library/Scripts/Conditions/OnJoystickMove.cs
  artifactKey: Guid(e42b0a565bbce52428a417b892af2954) Importer(2089858483,192608db42251d675da83286b1cce702)
Start importing Assets/_Course Library/Scripts/Conditions/OnJoystickMove.cs using Guid(e42b0a565bbce52428a417b892af2954) Importer(2089858483,192608db42251d675da83286b1cce702) (ScriptedImporter) -> (artifact id: '5d2114b3f61cbe4c56f37d3f13b60213') in 0.0076499 seconds
Number of updated asset objects reloaded before import = 0Number of asset objects unloaded after import = 0

========================================================================
Received Import Request.
  Time since last request: 0.000010 seconds.
  path: Assets/_Course Library/Scripts/Actions/SpawnObject.cs
  artifactKey: Guid(a658f19182a575a46b14f720a8e295a7) Importer(2089858483,192608db42251d675da83286b1cce702)
Start importing Assets/_Course Library/Scripts/Actions/SpawnObject.cs using Guid(a658f19182a575a46b14f720a8e295a7) Importer(2089858483,192608db42251d675da83286b1cce702) (ScriptedImporter) -> (artifact id: '0e8433b7dac258c08aa18a9b7dfc2e5d') in 0.0088197 seconds
Number of updated asset objects reloaded before import = 0Number of asset objects unloaded after import = 0

========================================================================
Received Import Request.
  Time since last request: 0.000011 seconds.
  path: Assets/_Course Library/Source Files/Models/Chair_Rustic_B.fbx
  artifactKey: Guid(524a1d56c9e4b094ab81b571f753ce16) Importer(2089858483,192608db42251d675da83286b1cce702)
Start importing Assets/_Course Library/Source Files/Models/Chair_Rustic_B.fbx using Guid(524a1d56c9e4b094ab81b571f753ce16) Importer(2089858483,192608db42251d675da83286b1cce702) (ScriptedImporter) -> (artifact id: 'e7207a6bcf864b29688893103a807065') in 0.0191331 seconds
Number of updated asset objects reloaded before import = 0Number of asset objects unloaded after import = 8

========================================================================
Received Import Request.
  Time since last request: 0.000009 seconds.
  path: Assets/_Course Library/Source Files/Models/Chandalier_Modern.fbx
  artifactKey: Guid(8c6a7cdc75fd7ed46baea0f967191dc7) Importer(2089858483,192608db42251d675da83286b1cce702)
Start importing Assets/_Course Library/Source Files/Models/Chandalier_Modern.fbx using Guid(8c6a7cdc75fd7ed46baea0f967191dc7) Importer(2089858483,192608db42251d675da83286b1cce702) (ScriptedImporter) -> (artifact id: 'c912cdb4dc67a5b9938a25ca2e6e9514') in 0.0141666 seconds
Number of updated asset objects reloaded before import = 0Number of asset objects unloaded after import = 8

========================================================================
Received Import Request.
  Time since last request: 0.000009 seconds.
  path: Assets/_Course Library/Source Files/Models/Chair_Modern_B.fbx
  artifactKey: Guid(a99bfce40f8f44647a68dc0babb8e395) Importer(2089858483,192608db42251d675da83286b1cce702)
Start importing Assets/_Course Library/Source Files/Models/Chair_Modern_B.fbx using Guid(a99bfce40f8f44647a68dc0babb8e395) Importer(2089858483,192608db42251d675da83286b1cce702) (ScriptedImporter) -> (artifact id: '1dd5c59b023281a1200f08d0fa792e80') in 0.0135348 seconds
Number of updated asset objects reloaded before import = 0Number of asset objects unloaded after import = 8

========================================================================
Received Import Request.
  Time since last request: 0.000012 seconds.
  path: Assets/_Course Library/Source Files/Models/Button_Next.fbx
  artifactKey: Guid(b065673e4a3ed054e9d7f2713980b30a) Importer(2089858483,192608db42251d675da83286b1cce702)
Start importing Assets/_Course Library/Source Files/Models/Button_Next.fbx using Guid(b065673e4a3ed054e9d7f2713980b30a) Importer(2089858483,192608db42251d675da83286b1cce702) (ScriptedImporter) -> (artifact id: 'd963337e980acefbfb88582f6ba42ddd') in 0.014303 seconds
Number of updated asset objects reloaded before import = 0Number of asset objects unloaded after import = 8

========================================================================
Received Import Request.
  Time since last request: 0.000016 seconds.
  path: Assets/_Course Library/Source Files/Models/Art_Painting_3.fbx
  artifactKey: Guid(2b2238b54f5ddf94f80c61ab243c13c3) Importer(2089858483,192608db42251d675da83286b1cce702)
Start importing Assets/_Course Library/Source Files/Models/Art_Painting_3.fbx using Guid(2b2238b54f5ddf94f80c61ab243c13c3) Importer(2089858483,192608db42251d675da83286b1cce702) (ScriptedImporter) -> (artifact id: '1ff30e1df4a6d17ec44483099c57cb9b') in 0.0153594 seconds
Number of updated asset objects reloaded before import = 0Number of asset objects unloaded after import = 8

========================================================================
Received Import Request.
  Time since last request: 0.000015 seconds.
  path: Assets/_Course Library/Source Files/Models/Couch_Traditional.fbx
  artifactKey: Guid(9dd590a108252814589e9ef77669df1c) Importer(2089858483,192608db42251d675da83286b1cce702)
Start importing Assets/_Course Library/Source Files/Models/Couch_Traditional.fbx using Guid(9dd590a108252814589e9ef77669df1c) Importer(2089858483,192608db42251d675da83286b1cce702) (ScriptedImporter) -> (artifact id: '2aa25a3b477f30b4ae9181134c693261') in 0.0154514 seconds
Number of updated asset objects reloaded before import = 0Number of asset objects unloaded after import = 8

========================================================================
Received Import Request.
  Time since last request: 0.062676 seconds.
  path: Assets/_Course Library/Source Files/Models/Hook_B_1.fbx
  artifactKey: Guid(16530742830f0974bb73f757b2b18798) Importer(2089858483,192608db42251d675da83286b1cce702)
Start importing Assets/_Course Library/Source Files/Models/Hook_B_1.fbx using Guid(16530742830f0974bb73f757b2b18798) Importer(2089858483,192608db42251d675da83286b1cce702) (ScriptedImporter) -> (artifact id: '12ee470734e86433dd260ece2739d7d2') in 0.0106958 seconds
Number of updated asset objects reloaded before import = 0Number of asset objects unloaded after import = 8

========================================================================
Received Import Request.
  Time since last request: 0.000009 seconds.
  path: Assets/_Course Library/Source Files/Models/Sports_Cricket_Bat.fbx
  artifactKey: Guid(6c4fb8ed4a6a52144bb9e21878d78250) Importer(2089858483,192608db42251d675da83286b1cce702)
Start importing Assets/_Course Library/Source Files/Models/Sports_Cricket_Bat.fbx using Guid(6c4fb8ed4a6a52144bb9e21878d78250) Importer(2089858483,192608db42251d675da83286b1cce702) (ScriptedImporter) -> (artifact id: 'aa4989ab64e8d675bd23e866d7bb420f') in 0.0192293 seconds
Number of updated asset objects reloaded before import = 0Number of asset objects unloaded after import = 8

========================================================================
Received Import Request.
  Time since last request: 0.000009 seconds.
  path: Assets/_Course Library/_Prefabs/Art/Art_Painting_Mountain.prefab
  artifactKey: Guid(8b55f4b13da640a458a5a4336c489584) Importer(2089858483,192608db42251d675da83286b1cce702)
Start importing Assets/_Course Library/_Prefabs/Art/Art_Painting_Mountain.prefab using Guid(8b55f4b13da640a458a5a4336c489584) Importer(2089858483,192608db42251d675da83286b1cce702) (ScriptedImporter) -> (artifact id: '6d31703b25af95dbb0eee51369cdc3bd') in 0.0082725 seconds
Number of updated asset objects reloaded before import = 0Number of asset objects unloaded after import = 9

========================================================================
Received Import Request.
  Time since last request: 0.000011 seconds.
  path: Assets/_Course Library/Source Files/Models/Rug_Oval_2.fbx
  artifactKey: Guid(9489287415015c24b9f6cb9dfbc0cfb0) Importer(2089858483,192608db42251d675da83286b1cce702)
Start importing Assets/_Course Library/Source Files/Models/Rug_Oval_2.fbx using Guid(9489287415015c24b9f6cb9dfbc0cfb0) Importer(2089858483,192608db42251d675da83286b1cce702) (ScriptedImporter) -> (artifact id: '3fb7d0a006b7a447fe4556711a394a45') in 0.0136741 seconds
Number of updated asset objects reloaded before import = 0Number of asset objects unloaded after import = 8

========================================================================
Received Import Request.
  Time since last request: 0.000016 seconds.
  path: Assets/_Course Library/Source Files/Models/Lever_2.FBX
  artifactKey: Guid(0dfd06b0bf511764ead40699e7fd035a) Importer(2089858483,192608db42251d675da83286b1cce702)
Start importing Assets/_Course Library/Source Files/Models/Lever_2.FBX using Guid(0dfd06b0bf511764ead40699e7fd035a) Importer(2089858483,192608db42251d675da83286b1cce702) (ScriptedImporter) -> (artifact id: 'd13983654e83e291b8a5a89e51e245dd') in 0.010457 seconds
Number of updated asset objects reloaded before import = 0Number of asset objects unloaded after import = 14

========================================================================
Received Import Request.
  Time since last request: 0.000011 seconds.
  path: Assets/_Course Library/_Prefabs/Art/Art_Painting_Birds.prefab
  artifactKey: Guid(2cdc705002a6a784580137dd120e64e7) Importer(2089858483,192608db42251d675da83286b1cce702)
Start importing Assets/_Course Library/_Prefabs/Art/Art_Painting_Birds.prefab using Guid(2cdc705002a6a784580137dd120e64e7) Importer(2089858483,192608db42251d675da83286b1cce702) (ScriptedImporter) -> (artifact id: '8a4ded995f0ac02cac3f70ffb075059e') in 0.0117254 seconds
Number of updated asset objects reloaded before import = 0Number of asset objects unloaded after import = 9

========================================================================
Received Import Request.
  Time since last request: 0.000010 seconds.
  path: Assets/_Course Library/Source Files/Models/Mirror_A_1.fbx
  artifactKey: Guid(61988a48f5676b04d9c3c7a71e21d67f) Importer(2089858483,192608db42251d675da83286b1cce702)
Start importing Assets/_Course Library/Source Files/Models/Mirror_A_1.fbx using Guid(61988a48f5676b04d9c3c7a71e21d67f) Importer(2089858483,192608db42251d675da83286b1cce702) (ScriptedImporter) -> (artifact id: '04d465b40cc0365f75c2be93c2633778') in 0.0152959 seconds
Number of updated asset objects reloaded before import = 0Number of asset objects unloaded after import = 8

========================================================================
Received Import Request.
  Time since last request: 0.000011 seconds.
  path: Assets/_Course Library/_Prefabs/Fireplaces/Fireplace_Modern.prefab
  artifactKey: Guid(f654ef212370c2948b593977bd733164) Importer(2089858483,192608db42251d675da83286b1cce702)
Start importing Assets/_Course Library/_Prefabs/Fireplaces/Fireplace_Modern.prefab using Guid(f654ef212370c2948b593977bd733164) Importer(2089858483,192608db42251d675da83286b1cce702) (ScriptedImporter) -> (artifact id: '1f679c5916d409a02b9cf4aad53ff85c') in 0.0106883 seconds
Number of updated asset objects reloaded before import = 0Number of asset objects unloaded after import = 70

========================================================================
Received Import Request.
  Time since last request: 0.000010 seconds.
  path: Assets/_Course Library/_Prefabs/Bins/Bin_Round_White.prefab
  artifactKey: Guid(f53b75d63a0f12e4f9207b643d400e0c) Importer(2089858483,192608db42251d675da83286b1cce702)
Start importing Assets/_Course Library/_Prefabs/Bins/Bin_Round_White.prefab using Guid(f53b75d63a0f12e4f9207b643d400e0c) Importer(2089858483,192608db42251d675da83286b1cce702) (ScriptedImporter) -> (artifact id: 'f1b995e9e193de8a88ad70bd142d37fd') in 0.0104349 seconds
Number of updated asset objects reloaded before import = 0Number of asset objects unloaded after import = 35

========================================================================
Received Import Request.
  Time since last request: 0.000010 seconds.
  path: Assets/_Course Library/Source Files/Models/Lightsource_Lantern.fbx
  artifactKey: Guid(e83a7a91e88012447a2a89cc0a3bb21f) Importer(2089858483,192608db42251d675da83286b1cce702)
Start importing Assets/_Course Library/Source Files/Models/Lightsource_Lantern.fbx using Guid(e83a7a91e88012447a2a89cc0a3bb21f) Importer(2089858483,192608db42251d675da83286b1cce702) (ScriptedImporter) -> (artifact id: 'cf640059b147bfb58104f14dedad728f') in 0.0140191 seconds
Number of updated asset objects reloaded before import = 0Number of asset objects unloaded after import = 15

========================================================================
Received Import Request.
  Time since last request: 0.000010 seconds.
  path: Assets/_Course Library/_Prefabs/Controls/Control_Slider_Blue.prefab
  artifactKey: Guid(9d212ff47e36da14ab04befe7439b445) Importer(2089858483,192608db42251d675da83286b1cce702)
Start importing Assets/_Course Library/_Prefabs/Controls/Control_Slider_Blue.prefab using Guid(9d212ff47e36da14ab04befe7439b445) Importer(2089858483,192608db42251d675da83286b1cce702) (ScriptedImporter) -> (artifact id: '5d9991d0514782011b983fb8a0ab5134') in 0.0090243 seconds
Number of updated asset objects reloaded before import = 0Number of asset objects unloaded after import = 16

========================================================================
Received Import Request.
  Time since last request: 0.000012 seconds.
  path: Assets/_Course Library/Source Files/Models/TV_FlatWallMounted 1.fbx
  artifactKey: Guid(72bfa3b5cc1b2224cb8d36e9c68896d9) Importer(2089858483,192608db42251d675da83286b1cce702)
Start importing Assets/_Course Library/Source Files/Models/TV_FlatWallMounted 1.fbx using Guid(72bfa3b5cc1b2224cb8d36e9c68896d9) Importer(2089858483,192608db42251d675da83286b1cce702) (ScriptedImporter) -> (artifact id: '4ed1e9ddfc9a7c71cd53ec6748cff8db') in 0.013746 seconds
Number of updated asset objects reloaded before import = 0Number of asset objects unloaded after import = 15

========================================================================
Received Import Request.
  Time since last request: 0.000016 seconds.
  path: Assets/_Course Library/Source Files/Models/Lamp_Wall_2.fbx
  artifactKey: Guid(15cd8819c9f72a845acf8ccb7487b837) Importer(2089858483,192608db42251d675da83286b1cce702)
Start importing Assets/_Course Library/Source Files/Models/Lamp_Wall_2.fbx using Guid(15cd8819c9f72a845acf8ccb7487b837) Importer(2089858483,192608db42251d675da83286b1cce702) (ScriptedImporter) -> (artifact id: '18a16e342741b602b00157fe41fcfc88') in 0.0196191 seconds
Number of updated asset objects reloaded before import = 0Number of asset objects unloaded after import = 15

========================================================================
Received Import Request.
  Time since last request: 0.000011 seconds.
  path: Assets/_Course Library/_Prefabs/Controls/Control_Knob.prefab
  artifactKey: Guid(704ff36a9c354164f8eab01deabb38ae) Importer(2089858483,192608db42251d675da83286b1cce702)
Start importing Assets/_Course Library/_Prefabs/Controls/Control_Knob.prefab using Guid(704ff36a9c354164f8eab01deabb38ae) Importer(2089858483,192608db42251d675da83286b1cce702) (ScriptedImporter) -> (artifact id: '7198a791012e53fab72d8416221c8259') in 0.0107697 seconds
Number of updated asset objects reloaded before import = 0Number of asset objects unloaded after import = 9

========================================================================
Received Import Request.
  Time since last request: 0.000010 seconds.
  path: Assets/_Course Library/Source Files/Models/Lightsource_Flashlight.fbx
  artifactKey: Guid(7302d9405775f604cb9547e93531c1b0) Importer(2089858483,192608db42251d675da83286b1cce702)
Start importing Assets/_Course Library/Source Files/Models/Lightsource_Flashlight.fbx using Guid(7302d9405775f604cb9547e93531c1b0) Importer(2089858483,192608db42251d675da83286b1cce702) (ScriptedImporter) -> (artifact id: '27031d26ac13ce83bbb0da17fe0a9c15') in 0.0123498 seconds
Number of updated asset objects reloaded before import = 0Number of asset objects unloaded after import = 8

========================================================================
Received Import Request.
  Time since last request: 0.000008 seconds.
  path: Assets/_Course Library/_Prefabs/Hooks/Hook_Traditional.prefab
  artifactKey: Guid(7ddd5c018cc2acd4094172e843dc019b) Importer(2089858483,192608db42251d675da83286b1cce702)
Start importing Assets/_Course Library/_Prefabs/Hooks/Hook_Traditional.prefab using Guid(7ddd5c018cc2acd4094172e843dc019b) Importer(2089858483,192608db42251d675da83286b1cce702) (ScriptedImporter) -> (artifact id: 'f8684c1020376eb30e10b3a03fa3dcf2') in 0.0129756 seconds
Number of updated asset objects reloaded before import = 0Number of asset objects unloaded after import = 9

========================================================================
Received Import Request.
  Time since last request: 0.000010 seconds.
  path: Assets/_Course Library/Source Files/Models/VR_Reticle_1_A.fbx
  artifactKey: Guid(307e23520cfd9f14d941b0f76117a0cb) Importer(2089858483,192608db42251d675da83286b1cce702)
Start importing Assets/_Course Library/Source Files/Models/VR_Reticle_1_A.fbx using Guid(307e23520cfd9f14d941b0f76117a0cb) Importer(2089858483,192608db42251d675da83286b1cce702) (ScriptedImporter) -> (artifact id: 'c8bd16ef5c0d692754d951b0de055e1f') in 0.0148107 seconds
Number of updated asset objects reloaded before import = 0Number of asset objects unloaded after import = 8

========================================================================
Received Import Request.
  Time since last request: 0.000009 seconds.
  path: Assets/_Course Library/Source Files/Models/Table_Dining_Modern_B.fbx
  artifactKey: Guid(44128cca9d65e6042a63a50810b2f2b3) Importer(2089858483,192608db42251d675da83286b1cce702)
Start importing Assets/_Course Library/Source Files/Models/Table_Dining_Modern_B.fbx using Guid(44128cca9d65e6042a63a50810b2f2b3) Importer(2089858483,192608db42251d675da83286b1cce702) (ScriptedImporter) -> (artifact id: 'b819acb4d92bf7a94d6f015afdd18189') in 0.0139769 seconds
Number of updated asset objects reloaded before import = 0Number of asset objects unloaded after import = 8

========================================================================
Received Import Request.
  Time since last request: 0.000013 seconds.
  path: Assets/_Course Library/_Prefabs/Rugs/Rug_Rect_Gray.prefab
  artifactKey: Guid(4fedbc191226c1146a147611e5fc67ac) Importer(2089858483,192608db42251d675da83286b1cce702)
Start importing Assets/_Course Library/_Prefabs/Rugs/Rug_Rect_Gray.prefab using Guid(4fedbc191226c1146a147611e5fc67ac) Importer(2089858483,192608db42251d675da83286b1cce702) (ScriptedImporter) -> (artifact id: '49bac557951dbaebdb730bd581017f42') in 0.0095935 seconds
Number of updated asset objects reloaded before import = 0Number of asset objects unloaded after import = 9

========================================================================
Received Import Request.
  Time since last request: 0.000018 seconds.
  path: Assets/_Course Library/_Prefabs/Plants/Plant_B.prefab
  artifactKey: Guid(8085ccd0a01eb441da3fd9ab66229f33) Importer(2089858483,192608db42251d675da83286b1cce702)
Start importing Assets/_Course Library/_Prefabs/Plants/Plant_B.prefab using Guid(8085ccd0a01eb441da3fd9ab66229f33) Importer(2089858483,192608db42251d675da83286b1cce702) (ScriptedImporter) -> (artifact id: '32f34429055e9d0aaff69713064369ce') in 0.0108941 seconds
Number of updated asset objects reloaded before import = 0Number of asset objects unloaded after import = 16

========================================================================
Received Import Request.
  Time since last request: 0.000016 seconds.
  path: Assets/_Course Library/_Prefabs/Rugs/Rug_Oval_Blue.prefab
  artifactKey: Guid(51c07d60274ac13489e2a61ff62c251b) Importer(2089858483,192608db42251d675da83286b1cce702)
Start importing Assets/_Course Library/_Prefabs/Rugs/Rug_Oval_Blue.prefab using Guid(51c07d60274ac13489e2a61ff62c251b) Importer(2089858483,192608db42251d675da83286b1cce702) (ScriptedImporter) -> (artifact id: '0bc647907496e406a316ce1cefde74d0') in 0.0105791 seconds
Number of updated asset objects reloaded before import = 0Number of asset objects unloaded after import = 15

========================================================================
Received Import Request.
  Time since last request: 0.000009 seconds.
  path: Assets/_Course Library/Source Files/Models/RoomModern_Models/Room_Modern_Ceiling.fbx
  artifactKey: Guid(a75d353809d8fd14ab9a00b22fb37d36) Importer(2089858483,192608db42251d675da83286b1cce702)
Start importing Assets/_Course Library/Source Files/Models/RoomModern_Models/Room_Modern_Ceiling.fbx using Guid(a75d353809d8fd14ab9a00b22fb37d36) Importer(2089858483,192608db42251d675da83286b1cce702) (ScriptedImporter) -> (artifact id: '6039aeb3e169f8daf8f1fe1eafbef838') in 0.0196777 seconds
Number of updated asset objects reloaded before import = 0Number of asset objects unloaded after import = 8

========================================================================
Received Import Request.
  Time since last request: 0.000010 seconds.
  path: Assets/_Course Library/_Prefabs/VR/Reticles/VR_Reticle_Circular.prefab
  artifactKey: Guid(50f8d835961353c4a8e0c4b77d7f8876) Importer(2089858483,192608db42251d675da83286b1cce702)
Start importing Assets/_Course Library/_Prefabs/VR/Reticles/VR_Reticle_Circular.prefab using Guid(50f8d835961353c4a8e0c4b77d7f8876) Importer(2089858483,192608db42251d675da83286b1cce702) (ScriptedImporter) -> (artifact id: '37a85080be88d5413ec897d66fa6806a') in 0.0124122 seconds
Number of updated asset objects reloaded before import = 0Number of asset objects unloaded after import = 8

========================================================================
Received Import Request.
  Time since last request: 0.000010 seconds.
  path: Assets/_Course Library/_Prefabs/Seating/Couch_Rustic_Purple.prefab
  artifactKey: Guid(b70d9d61de2878e4aaba4d25b4a4822d) Importer(2089858483,192608db42251d675da83286b1cce702)
Start importing Assets/_Course Library/_Prefabs/Seating/Couch_Rustic_Purple.prefab using Guid(b70d9d61de2878e4aaba4d25b4a4822d) Importer(2089858483,192608db42251d675da83286b1cce702) (ScriptedImporter) -> (artifact id: 'bd4fbe1e9c2eaebc188ee88f555b538a') in 0.0130574 seconds
Number of updated asset objects reloaded before import = 0Number of asset objects unloaded after import = 32

========================================================================
Received Import Request.
  Time since last request: 0.000013 seconds.
  path: Assets/_Course Library/_Prefabs/Objects/Speakers/Speaker_RecordPlayer_Record_Red.prefab
  artifactKey: Guid(1af25b8b5da9b46a08e6afc037ce95de) Importer(2089858483,192608db42251d675da83286b1cce702)
Start importing Assets/_Course Library/_Prefabs/Objects/Speakers/Speaker_RecordPlayer_Record_Red.prefab using Guid(1af25b8b5da9b46a08e6afc037ce95de) Importer(2089858483,192608db42251d675da83286b1cce702) (ScriptedImporter) -> (artifact id: 'e636d369ffbd5aa9dd83f31a6bdb4769') in 0.0133127 seconds
Number of updated asset objects reloaded before import = 0Number of asset objects unloaded after import = 9

========================================================================
Received Import Request.
  Time since last request: 0.000010 seconds.
  path: Assets/_Course Library/Source Files/Models/RoomTraditional_Models/Room_Traditional_Window.fbx
  artifactKey: Guid(c181d071cf3898e4f93504998718f775) Importer(2089858483,192608db42251d675da83286b1cce702)
Start importing Assets/_Course Library/Source Files/Models/RoomTraditional_Models/Room_Traditional_Window.fbx using Guid(c181d071cf3898e4f93504998718f775) Importer(2089858483,192608db42251d675da83286b1cce702) (ScriptedImporter) -> (artifact id: '8bb96bd6b801b5b6ee119436002329f2') in 0.014976 seconds
Number of updated asset objects reloaded before import = 0Number of asset objects unloaded after import = 8

========================================================================
Received Import Request.
  Time since last request: 0.000010 seconds.
  path: Assets/_Course Library/Source Files/Models/RoomRustic_Models/Room_Rustic_DoorPanel.fbx
  artifactKey: Guid(0abeb080ee892454790c294532a792b2) Importer(2089858483,192608db42251d675da83286b1cce702)
Start importing Assets/_Course Library/Source Files/Models/RoomRustic_Models/Room_Rustic_DoorPanel.fbx using Guid(0abeb080ee892454790c294532a792b2) Importer(2089858483,192608db42251d675da83286b1cce702) (ScriptedImporter) -> (artifact id: '52ad34ab6c17458e47bae0a7e266569b') in 0.0145655 seconds
Number of updated asset objects reloaded before import = 0Number of asset objects unloaded after import = 8

========================================================================
Received Import Request.
  Time since last request: 0.000009 seconds.
  path: Assets/_Course Library/_Prefabs/Rooms/Room_Rustic.prefab
  artifactKey: Guid(991f7faf3818ce24d854dd90bfceb80b) Importer(2089858483,192608db42251d675da83286b1cce702)
Start importing Assets/_Course Library/_Prefabs/Rooms/Room_Rustic.prefab using Guid(991f7faf3818ce24d854dd90bfceb80b) Importer(2089858483,192608db42251d675da83286b1cce702) (ScriptedImporter) -> (artifact id: '8e6bc237e4dd775d738b58b0c1391837') in 0.0112041 seconds
Number of updated asset objects reloaded before import = 0Number of asset objects unloaded after import = 164

========================================================================
Received Import Request.
  Time since last request: 0.000012 seconds.
  path: Assets/_Course Library/_Prefabs/Objects/Notebooks/Notebook_Stripes.prefab
  artifactKey: Guid(abff5816a508a3d4dad931c6733e7e75) Importer(2089858483,192608db42251d675da83286b1cce702)
Start importing Assets/_Course Library/_Prefabs/Objects/Notebooks/Notebook_Stripes.prefab using Guid(abff5816a508a3d4dad931c6733e7e75) Importer(2089858483,192608db42251d675da83286b1cce702) (ScriptedImporter) -> (artifact id: 'f9b4505dfe82bf8b467a75571b9eca71') in 0.0096147 seconds
Number of updated asset objects reloaded before import = 0Number of asset objects unloaded after import = 15

========================================================================
Received Import Request.
  Time since last request: 0.000024 seconds.
  path: Assets/_Course Library/_Prefabs/VR/Hands/VR_Hand_Yellow_Left.prefab
  artifactKey: Guid(8ed7c4661c5c246c3b215268ec9f5cc5) Importer(2089858483,192608db42251d675da83286b1cce702)
Start importing Assets/_Course Library/_Prefabs/VR/Hands/VR_Hand_Yellow_Left.prefab using Guid(8ed7c4661c5c246c3b215268ec9f5cc5) Importer(2089858483,192608db42251d675da83286b1cce702) (ScriptedImporter) -> (artifact id: '37e39673a902274fd769c30bd8541d40') in 0.0112027 seconds
Number of updated asset objects reloaded before import = 0Number of asset objects unloaded after import = 9

========================================================================
Received Import Request.
  Time since last request: 0.000009 seconds.
  path: Assets/_Course Library/_Prefabs/Objects/Fruit/Food_Orange.prefab
  artifactKey: Guid(09bd87055b19ae4469a98d1af1a6c792) Importer(2089858483,192608db42251d675da83286b1cce702)
Start importing Assets/_Course Library/_Prefabs/Objects/Fruit/Food_Orange.prefab using Guid(09bd87055b19ae4469a98d1af1a6c792) Importer(2089858483,192608db42251d675da83286b1cce702) (ScriptedImporter) -> (artifact id: 'eed52d5a1de12cc91bfdb1334835a46b') in 0.0109486 seconds
Number of updated asset objects reloaded before import = 0Number of asset objects unloaded after import = 9

========================================================================
Received Import Request.
  Time since last request: 0.000010 seconds.
  path: Assets/_Course Library/_Prefabs/Objects/Sports/Tennis_Racket_Blue.prefab
  artifactKey: Guid(53024bf1455f2604283bf60ea2f0ca2c) Importer(2089858483,192608db42251d675da83286b1cce702)
Start importing Assets/_Course Library/_Prefabs/Objects/Sports/Tennis_Racket_Blue.prefab using Guid(53024bf1455f2604283bf60ea2f0ca2c) Importer(2089858483,192608db42251d675da83286b1cce702) (ScriptedImporter) -> (artifact id: '433de08e0291dbd83d15400a748d8cc7') in 0.0118231 seconds
Number of updated asset objects reloaded before import = 0Number of asset objects unloaded after import = 19

========================================================================
Received Import Request.
  Time since last request: 0.000011 seconds.
  path: Assets/_Course Library/_Prefabs/VR/Hands/VR_Hand_Yellow_Right.prefab
  artifactKey: Guid(cd26f816dc3274e05bdcd4f2e79fe1ec) Importer(2089858483,192608db42251d675da83286b1cce702)
Start importing Assets/_Course Library/_Prefabs/VR/Hands/VR_Hand_Yellow_Right.prefab using Guid(cd26f816dc3274e05bdcd4f2e79fe1ec) Importer(2089858483,192608db42251d675da83286b1cce702) (ScriptedImporter) -> (artifact id: 'c60ff7586de9f4018d9f01d6102284dd') in 0.0102935 seconds
Number of updated asset objects reloaded before import = 0Number of asset objects unloaded after import = 9

========================================================================
Received Import Request.
  Time since last request: 0.000010 seconds.
  path: Assets/_Course Library/Source Files/Models/RoomModern_Models/Room_Modern_Panel.fbx
  artifactKey: Guid(f87e5af1ff58f1244b8f685cdc6bf9bf) Importer(2089858483,192608db42251d675da83286b1cce702)
Start importing Assets/_Course Library/Source Files/Models/RoomModern_Models/Room_Modern_Panel.fbx using Guid(f87e5af1ff58f1244b8f685cdc6bf9bf) Importer(2089858483,192608db42251d675da83286b1cce702) (ScriptedImporter) -> (artifact id: '6e7c71687ed71da3d1e343849c5c1e90') in 0.0221723 seconds
Number of updated asset objects reloaded before import = 0Number of asset objects unloaded after import = 8

========================================================================
Received Import Request.
  Time since last request: 0.000010 seconds.
  path: Assets/_Course Library/_Prefabs/Rugs/Mat_Rect_Green.prefab
  artifactKey: Guid(65e1b17be55fde04f921004e190ce003) Importer(2089858483,192608db42251d675da83286b1cce702)
Start importing Assets/_Course Library/_Prefabs/Rugs/Mat_Rect_Green.prefab using Guid(65e1b17be55fde04f921004e190ce003) Importer(2089858483,192608db42251d675da83286b1cce702) (ScriptedImporter) -> (artifact id: '79ab40a58b6193173a1b67ced656e1b8') in 0.0278675 seconds
Number of updated asset objects reloaded before import = 0Number of asset objects unloaded after import = 10

========================================================================
Received Import Request.
  Time since last request: 0.000012 seconds.
  path: Assets/_Course Library/_Prefabs/VR/Hands/VR_Hand_Colorful_Right.prefab
  artifactKey: Guid(233d735817dff43da9b78129b58d66fb) Importer(2089858483,192608db42251d675da83286b1cce702)
Start importing Assets/_Course Library/_Prefabs/VR/Hands/VR_Hand_Colorful_Right.prefab using Guid(233d735817dff43da9b78129b58d66fb) Importer(2089858483,192608db42251d675da83286b1cce702) (ScriptedImporter) -> (artifact id: 'f36941675b4aa409814f3faca6d432a7') in 0.0087884 seconds
Number of updated asset objects reloaded before import = 0Number of asset objects unloaded after import = 9

========================================================================
Received Import Request.
  Time since last request: 0.000011 seconds.
  path: Assets/Samples/XR Interaction Toolkit/3.0.8/XR Device Simulator/XR Device Controller Controls.inputactions
  artifactKey: Guid(0be0028c24f2a4c14a96b6aa39055933) Importer(2089858483,192608db42251d675da83286b1cce702)
Start importing Assets/Samples/XR Interaction Toolkit/3.0.8/XR Device Simulator/XR Device Controller Controls.inputactions using Guid(0be0028c24f2a4c14a96b6aa39055933) Importer(2089858483,192608db42251d675da83286b1cce702) (ScriptedImporter) -> (artifact id: '05806fbb0f17980257c9543a494ffaf5') in 0.1136862 seconds
Number of updated asset objects reloaded before import = 0Number of asset objects unloaded after import = 16

========================================================================
Received Import Request.
  Time since last request: 0.000017 seconds.
  path: Assets/_Course Library/_Prefabs/Testing/FPS Overlay UI.prefab
  artifactKey: Guid(523386755330448b19a21a0dfa93a499) Importer(2089858483,192608db42251d675da83286b1cce702)
Start importing Assets/_Course Library/_Prefabs/Testing/FPS Overlay UI.prefab using Guid(523386755330448b19a21a0dfa93a499) Importer(2089858483,192608db42251d675da83286b1cce702) (ScriptedImporter) -> (artifact id: '129fa2b37871b118f3b9602d15c5d94a') in 0.0301654 seconds
Number of updated asset objects reloaded before import = 0Number of asset objects unloaded after import = 24

========================================================================
Received Import Request.
  Time since last request: 0.000009 seconds.
  path: Assets/_Course Library/Source Files/Models/Table_Side_Modern_B.fbx
  artifactKey: Guid(4972fc4c3bc90024795a1c8937b927fd) Importer(2089858483,192608db42251d675da83286b1cce702)
Start importing Assets/_Course Library/Source Files/Models/Table_Side_Modern_B.fbx using Guid(4972fc4c3bc90024795a1c8937b927fd) Importer(2089858483,192608db42251d675da83286b1cce702) (ScriptedImporter) -> (artifact id: '0e7bfc0aead59c4bc111435d2462bcac') in 0.0132285 seconds
Number of updated asset objects reloaded before import = 0Number of asset objects unloaded after import = 8

========================================================================
Received Import Request.
  Time since last request: 0.000010 seconds.
  path: Assets/_Course Library/_Prefabs/Rugs/Mat_Round_Brown.prefab
  artifactKey: Guid(fb9ce3f53babdeb4990afa0d85fd4a65) Importer(2089858483,192608db42251d675da83286b1cce702)
Start importing Assets/_Course Library/_Prefabs/Rugs/Mat_Round_Brown.prefab using Guid(fb9ce3f53babdeb4990afa0d85fd4a65) Importer(2089858483,192608db42251d675da83286b1cce702) (ScriptedImporter) -> (artifact id: '4ead6c0126c11a6c6c3ac5562256d906') in 0.0123317 seconds
Number of updated asset objects reloaded before import = 0Number of asset objects unloaded after import = 26

========================================================================
Received Import Request.
  Time since last request: 0.000012 seconds.
  path: Assets/_Course Library/_Prefabs/VR/Hands/VR_Hand_Colorful_Left.prefab
  artifactKey: Guid(820280a7a7d593e43a6a724a654c4ac9) Importer(2089858483,192608db42251d675da83286b1cce702)
Start importing Assets/_Course Library/_Prefabs/VR/Hands/VR_Hand_Colorful_Left.prefab using Guid(820280a7a7d593e43a6a724a654c4ac9) Importer(2089858483,192608db42251d675da83286b1cce702) (ScriptedImporter) -> (artifact id: 'b969aabd0f3dfad170b064fc51df4279') in 0.0106931 seconds
Number of updated asset objects reloaded before import = 0Number of asset objects unloaded after import = 9

========================================================================
Received Import Request.
  Time since last request: 0.000011 seconds.
  path: Assets/_Course Library/Source Files/Models/VR_Hand_Yellow.FBX
  artifactKey: Guid(f35cb61652fd6b14ab1932357338e065) Importer(2089858483,192608db42251d675da83286b1cce702)
Start importing Assets/_Course Library/Source Files/Models/VR_Hand_Yellow.FBX using Guid(f35cb61652fd6b14ab1932357338e065) Importer(2089858483,192608db42251d675da83286b1cce702) (ScriptedImporter) -> (artifact id: 'a9a076864621ceb60be88d83bc506648') in 0.015849 seconds
Number of updated asset objects reloaded before import = 0Number of asset objects unloaded after import = 9

========================================================================
Received Import Request.
  Time since last request: 0.632623 seconds.
  path: Assets/Samples/XR Interaction Toolkit/2.5.2/Starter Assets/Scripts/ActionBasedControllerManager.cs
  artifactKey: Guid(f9ac216f0eb04754b1d938aac6380b31) Importer(2089858483,192608db42251d675da83286b1cce702)
Start importing Assets/Samples/XR Interaction Toolkit/2.5.2/Starter Assets/Scripts/ActionBasedControllerManager.cs using Guid(f9ac216f0eb04754b1d938aac6380b31) Importer(2089858483,192608db42251d675da83286b1cce702) (ScriptedImporter) -> (artifact id: '0bc63f2cbd6df40b717215b33c3a2826') in 0.0183744 seconds
Number of updated asset objects reloaded before import = 0Number of asset objects unloaded after import = 0

========================================================================
Received Import Request.
  Time since last request: 0.000013 seconds.
  path: Assets/Samples/XR Interaction Toolkit/3.0.8/XR Device Simulator/UI/HeadDevice/Movement.png
  artifactKey: Guid(1d56a2d39cfbb49149abbf0076259327) Importer(2089858483,192608db42251d675da83286b1cce702)
Start importing Assets/Samples/XR Interaction Toolkit/3.0.8/XR Device Simulator/UI/HeadDevice/Movement.png using Guid(1d56a2d39cfbb49149abbf0076259327) Importer(2089858483,192608db42251d675da83286b1cce702) (ScriptedImporter) -> (artifact id: 'bcfa98b492d9e4e82b66d9d4837b7413') in 0.0415709 seconds
Number of updated asset objects reloaded before import = 0Number of asset objects unloaded after import = 3

========================================================================
Received Import Request.
  Time since last request: 0.000024 seconds.
  path: Assets/Samples/XR Interaction Toolkit/2.5.2/Starter Assets/DemoSceneAssets/Scripts/IncrementUIText.cs
  artifactKey: Guid(ba6ff5e7c92519444bc2a7ca46558963) Importer(2089858483,192608db42251d675da83286b1cce702)
Start importing Assets/Samples/XR Interaction Toolkit/2.5.2/Starter Assets/DemoSceneAssets/Scripts/IncrementUIText.cs using Guid(ba6ff5e7c92519444bc2a7ca46558963) Importer(2089858483,192608db42251d675da83286b1cce702) (ScriptedImporter) -> (artifact id: '0b704ebbbdcd8a087d93779905814fc3') in 0.0105187 seconds
Number of updated asset objects reloaded before import = 0Number of asset objects unloaded after import = 0

========================================================================
Received Import Request.
  Time since last request: 0.000012 seconds.
  path: Assets/Samples/XR Interaction Toolkit/3.0.8/XR Device Simulator/UI/General/Gripper.png
  artifactKey: Guid(17689808316e14280ad508a625c4c88f) Importer(2089858483,192608db42251d675da83286b1cce702)
Start importing Assets/Samples/XR Interaction Toolkit/3.0.8/XR Device Simulator/UI/General/Gripper.png using Guid(17689808316e14280ad508a625c4c88f) Importer(2089858483,192608db42251d675da83286b1cce702) (ScriptedImporter) -> (artifact id: '71a0d1502866810f67672cfe0abc2218') in 0.0142513 seconds
Number of updated asset objects reloaded before import = 0Number of asset objects unloaded after import = 3

========================================================================
Received Import Request.
  Time since last request: 0.000009 seconds.
  path: Assets/Samples/XR Interaction Toolkit/3.0.8/XR Device Simulator/UI/General/CycleXRDevices.png
  artifactKey: Guid(731e7aed8e9f540ac8bf2a7b66abdaf6) Importer(2089858483,192608db42251d675da83286b1cce702)
Start importing Assets/Samples/XR Interaction Toolkit/3.0.8/XR Device Simulator/UI/General/CycleXRDevices.png using Guid(731e7aed8e9f540ac8bf2a7b66abdaf6) Importer(2089858483,192608db42251d675da83286b1cce702) (ScriptedImporter) -> (artifact id: '27a6c50037c2678415cb5ea20bb09fd3') in 0.014369 seconds
Number of updated asset objects reloaded before import = 0Number of asset objects unloaded after import = 3

========================================================================
Received Import Request.
  Time since last request: 0.000010 seconds.
  path: Assets/Samples/XR Interaction Toolkit/3.0.8/XR Device Simulator/Hand Expression Captures/Grab Expression Capture.asset
  artifactKey: Guid(3861c298d39c60c44b16920421444875) Importer(2089858483,192608db42251d675da83286b1cce702)
Start importing Assets/Samples/XR Interaction Toolkit/3.0.8/XR Device Simulator/Hand Expression Captures/Grab Expression Capture.asset using Guid(3861c298d39c60c44b16920421444875) Importer(2089858483,192608db42251d675da83286b1cce702) (ScriptedImporter) -> (artifact id: 'da610cefce5bac87fe1d5018ad11165e') in 0.010369 seconds
Number of updated asset objects reloaded before import = 0Number of asset objects unloaded after import = 2

========================================================================
Received Import Request.
  Time since last request: 0.000011 seconds.
  path: Assets/Samples/XR Interaction Toolkit/2.5.2/Starter Assets/DemoSceneAssets/Prefabs/Teleport/Teleport Anchor.prefab
  artifactKey: Guid(fad94b617f0540568dbf4c9c4011248c) Importer(2089858483,192608db42251d675da83286b1cce702)
Start importing Assets/Samples/XR Interaction Toolkit/2.5.2/Starter Assets/DemoSceneAssets/Prefabs/Teleport/Teleport Anchor.prefab using Guid(fad94b617f0540568dbf4c9c4011248c) Importer(2089858483,192608db42251d675da83286b1cce702) (ScriptedImporter) -> (artifact id: 'cf8c8ba1e4e71b70b3a78e3f6b36f401') in 0.0130427 seconds
Number of updated asset objects reloaded before import = 0Number of asset objects unloaded after import = 13

========================================================================
Received Import Request.
  Time since last request: 0.000011 seconds.
  path: Assets/Samples/XR Interaction Toolkit/2.5.2/Starter Assets/DemoSceneAssets/Prefabs/UI Sample.prefab
  artifactKey: Guid(fd28f23af44f73f4a95e33435872ad15) Importer(2089858483,192608db42251d675da83286b1cce702)
Start importing Assets/Samples/XR Interaction Toolkit/2.5.2/Starter Assets/DemoSceneAssets/Prefabs/UI Sample.prefab using Guid(fd28f23af44f73f4a95e33435872ad15) Importer(2089858483,192608db42251d675da83286b1cce702) (ScriptedImporter) -> (artifact id: 'e4b5e3d8c8627ba3d986318895cc35ed') in 0.0288978 seconds
Number of updated asset objects reloaded before import = 0Number of asset objects unloaded after import = 315

========================================================================
Received Import Request.
  Time since last request: 0.000012 seconds.
  path: Assets/_Course Library/_Prefabs/Rooms/Room_Components/Room_Traditional/Room_Traditional_WindowPanel.prefab
  artifactKey: Guid(bf67c7034bcc14a1c8c0f0d889e29981) Importer(2089858483,192608db42251d675da83286b1cce702)
Start importing Assets/_Course Library/_Prefabs/Rooms/Room_Components/Room_Traditional/Room_Traditional_WindowPanel.prefab using Guid(bf67c7034bcc14a1c8c0f0d889e29981) Importer(2089858483,192608db42251d675da83286b1cce702) (ScriptedImporter) -> (artifact id: '79aeccf7641b7e352fdc89c371d0c898') in 0.0145086 seconds
Number of updated asset objects reloaded before import = 0Number of asset objects unloaded after import = 18

========================================================================
Received Import Request.
  Time since last request: 0.000012 seconds.
  path: Assets/Samples/XR Interaction Toolkit/3.0.8/XR Device Simulator/Hand Expression Captures/Resting Expression Capture.asset
  artifactKey: Guid(5be099e6e6012c244bb41881b6c0ea07) Importer(2089858483,192608db42251d675da83286b1cce702)
Start importing Assets/Samples/XR Interaction Toolkit/3.0.8/XR Device Simulator/Hand Expression Captures/Resting Expression Capture.asset using Guid(5be099e6e6012c244bb41881b6c0ea07) Importer(2089858483,192608db42251d675da83286b1cce702) (ScriptedImporter) -> (artifact id: 'e7095ecc538d1d773b79955126708638') in 0.0079806 seconds
Number of updated asset objects reloaded before import = 0Number of asset objects unloaded after import = 2

========================================================================
Received Import Request.
  Time since last request: 0.000018 seconds.
  path: Assets/_Course Library/_Prefabs/Rooms/Room_Components/Room_Rustic/Room_Rustic_Ceiling.prefab
  artifactKey: Guid(de869cd46251a418dad2e905d26effb6) Importer(2089858483,192608db42251d675da83286b1cce702)
Start importing Assets/_Course Library/_Prefabs/Rooms/Room_Components/Room_Rustic/Room_Rustic_Ceiling.prefab using Guid(de869cd46251a418dad2e905d26effb6) Importer(2089858483,192608db42251d675da83286b1cce702) (ScriptedImporter) -> (artifact id: '1fab783f17bf0fb8e5f36eb81295bdf7') in 0.0218932 seconds
Number of updated asset objects reloaded before import = 0Number of asset objects unloaded after import = 18

========================================================================
Received Import Request.
  Time since last request: 0.000011 seconds.
  path: Assets/Samples/XR Interaction Toolkit/3.0.8/XR Device Simulator/UI/General/KeyboardIcon.png
  artifactKey: Guid(76dc0abb2ebb44c9a9bd39266f0b3c91) Importer(2089858483,192608db42251d675da83286b1cce702)
Start importing Assets/Samples/XR Interaction Toolkit/3.0.8/XR Device Simulator/UI/General/KeyboardIcon.png using Guid(76dc0abb2ebb44c9a9bd39266f0b3c91) Importer(2089858483,192608db42251d675da83286b1cce702) (ScriptedImporter) -> (artifact id: '300b82386f0b18761fa92b482a88ebe8') in 0.0146968 seconds
Number of updated asset objects reloaded before import = 0Number of asset objects unloaded after import = 3

========================================================================
Received Import Request.
  Time since last request: 0.000010 seconds.
  path: Assets/_Course Library/_Prefabs/Rooms/Room_Components/Room_Modern/Room_Modern_Door.prefab
  artifactKey: Guid(bf6f2a946433842928008e96118871b7) Importer(2089858483,192608db42251d675da83286b1cce702)
Start importing Assets/_Course Library/_Prefabs/Rooms/Room_Components/Room_Modern/Room_Modern_Door.prefab using Guid(bf6f2a946433842928008e96118871b7) Importer(2089858483,192608db42251d675da83286b1cce702) (ScriptedImporter) -> (artifact id: '893af162de9851f66a969c50587f81a1') in 0.0082146 seconds
Number of updated asset objects reloaded before import = 0Number of asset objects unloaded after import = 16

========================================================================
Received Import Request.
  Time since last request: 0.000012 seconds.
  path: Assets/Samples/XR Interaction Toolkit/3.0.8/XR Device Simulator/Scripts/XRDeviceSimulatorUI.cs
  artifactKey: Guid(e8b922481d9264546b97958b2c7cf0a0) Importer(2089858483,192608db42251d675da83286b1cce702)
Start importing Assets/Samples/XR Interaction Toolkit/3.0.8/XR Device Simulator/Scripts/XRDeviceSimulatorUI.cs using Guid(e8b922481d9264546b97958b2c7cf0a0) Importer(2089858483,192608db42251d675da83286b1cce702) (ScriptedImporter) -> (artifact id: '8d8c172ff31fbe4909c8877ebf19b03a') in 0.0096647 seconds
Number of updated asset objects reloaded before import = 0Number of asset objects unloaded after import = 0

========================================================================
Received Import Request.
  Time since last request: 0.000012 seconds.
  path: Assets/Samples/XR Interaction Toolkit/3.0.8/XR Device Simulator/UI/Hands/Hand_Thumb.png
  artifactKey: Guid(3b2e62babc5249f42921c2cd027852cd) Importer(2089858483,192608db42251d675da83286b1cce702)
Start importing Assets/Samples/XR Interaction Toolkit/3.0.8/XR Device Simulator/UI/Hands/Hand_Thumb.png using Guid(3b2e62babc5249f42921c2cd027852cd) Importer(2089858483,192608db42251d675da83286b1cce702) (ScriptedImporter) -> (artifact id: '04005db19bb9b383affd9c44247986fd') in 0.0158127 seconds
Number of updated asset objects reloaded before import = 0Number of asset objects unloaded after import = 3

========================================================================
Received Import Request.
  Time since last request: 0.000010 seconds.
  path: Assets/_Course Library/_Prefabs/Rooms/Room_Components/Room_Modern/Room_Modern_WindowPanel.prefab
  artifactKey: Guid(692cb5a3367ba417095d96548dabcec7) Importer(2089858483,192608db42251d675da83286b1cce702)
Start importing Assets/_Course Library/_Prefabs/Rooms/Room_Components/Room_Modern/Room_Modern_WindowPanel.prefab using Guid(692cb5a3367ba417095d96548dabcec7) Importer(2089858483,192608db42251d675da83286b1cce702) (ScriptedImporter) -> (artifact id: '93b58a47406a6ee8f30f143724d6e409') in 0.013109 seconds
Number of updated asset objects reloaded before import = 0Number of asset objects unloaded after import = 12

========================================================================
Received Import Request.
  Time since last request: 0.000013 seconds.
  path: Assets/_Course Library/_Prefabs/Rooms/Room_Components/Room_Traditional/Room_Traditional_Ceiling.prefab
  artifactKey: Guid(4cab84d22ac8c42e8b8294b4ae64341c) Importer(2089858483,192608db42251d675da83286b1cce702)
Start importing Assets/_Course Library/_Prefabs/Rooms/Room_Components/Room_Traditional/Room_Traditional_Ceiling.prefab using Guid(4cab84d22ac8c42e8b8294b4ae64341c) Importer(2089858483,192608db42251d675da83286b1cce702) (ScriptedImporter) -> (artifact id: 'a37471f2eddb8cd5f0819d1cc264a6d9') in 0.0135893 seconds
Number of updated asset objects reloaded before import = 0Number of asset objects unloaded after import = 9

Editor requested this worker to shutdown with reason: Scaling down because of idle timeout
AssetImportWorker is now disconnected from the server
Process exiting
Exiting without the bug reporter. Application will terminate with return code 0