Using pre-set license
Built from '6000.0/staging' branch; Version is '6000.0.40f1 (157d81624ddf) revision 1408385'; Using compiler version '193933523'; Build Type 'Release'
OS: 'Windows 11  (10.0.26100) 64bit Professional' Language: 'pl' Physical Memory: 32537 MB
BatchMode: 1, IsHumanControllingUs: 0, StartBugReporterOnCrash: 0, Is64bit: 1, IsPro: 1

COMMAND LINE ARGUMENTS:
C:\Program Files\Unity\Hub\Editor\6000.0.40f1\Editor\Unity.exe
-adb2
-batchMode
-noUpm
-name
AssetImportWorker5
-projectPath
C:/Users/jrkew/OneDrive/Desktop/Unity projects/VR2025/VR Room
-logFile
Logs/AssetImportWorker5.log
-srvPort
59230
-job-worker-count
15
-background-job-worker-count
8
-gc-helper-count
1
Successfully changed project path to: C:/Users/jrkew/OneDrive/Desktop/Unity projects/VR2025/VR Room
C:/Users/jrkew/OneDrive/Desktop/Unity projects/VR2025/VR Room
[UnityMemory] Configuration Parameters - Can be set up in boot.config
    "memorysetup-bucket-allocator-granularity=16"
    "memorysetup-bucket-allocator-bucket-count=8"
    "memorysetup-bucket-allocator-block-size=33554432"
    "memorysetup-bucket-allocator-block-count=8"
    "memorysetup-main-allocator-block-size=16777216"
    "memorysetup-thread-allocator-block-size=16777216"
    "memorysetup-gfx-main-allocator-block-size=16777216"
    "memorysetup-gfx-thread-allocator-block-size=16777216"
    "memorysetup-cache-allocator-block-size=4194304"
    "memorysetup-typetree-allocator-block-size=2097152"
    "memorysetup-profiler-bucket-allocator-granularity=16"
    "memorysetup-profiler-bucket-allocator-bucket-count=8"
    "memorysetup-profiler-bucket-allocator-block-size=33554432"
    "memorysetup-profiler-bucket-allocator-block-count=8"
    "memorysetup-profiler-allocator-block-size=16777216"
    "memorysetup-profiler-editor-allocator-block-size=1048576"
    "memorysetup-temp-allocator-size-main=16777216"
    "memorysetup-job-temp-allocator-block-size=2097152"
    "memorysetup-job-temp-allocator-block-size-background=1048576"
    "memorysetup-job-temp-allocator-reduction-small-platforms=262144"
    "memorysetup-allocator-temp-initial-block-size-main=262144"
    "memorysetup-allocator-temp-initial-block-size-worker=262144"
    "memorysetup-temp-allocator-size-background-worker=32768"
    "memorysetup-temp-allocator-size-job-worker=262144"
    "memorysetup-temp-allocator-size-preload-manager=33554432"
    "memorysetup-temp-allocator-size-nav-mesh-worker=65536"
    "memorysetup-temp-allocator-size-audio-worker=65536"
    "memorysetup-temp-allocator-size-cloud-worker=32768"
    "memorysetup-temp-allocator-size-gi-baking-worker=262144"
    "memorysetup-temp-allocator-size-gi-baking-worker=262144"
    "memorysetup-temp-allocator-size-gi-baking-worker=262144"
    "memorysetup-temp-allocator-size-gi-baking-worker=262144"
    "memorysetup-temp-allocator-size-gi-baking-worker=262144"
    "memorysetup-temp-allocator-size-gfx=262144"
Player connection [21844]  Target information:

Player connection [21844]  * "[IP] 192.168.0.158 [Port] 0 [Flags] 2 [Guid] 1797901764 [EditorId] 1797901764 [Version] 1048832 [Id] WindowsEditor(7,PC) [Debug] 1 [PackageName] WindowsEditor [ProjectName] Editor" 

Player connection [21844] Host joined multi-casting on [225.0.0.222:54997]...
Player connection [21844] Host joined alternative multi-casting on [225.0.0.222:34997]...
JobSystem: Creating JobQueue using job-worker-count value 15
Input System module state changed to: Initialized.
[Physics::Module] Initialized fallback backend.
[Physics::Module] Id: 0xdecafbad
Library Redirect Path: Library/
[Physics::Module] Selected backend.
[Physics::Module] Name: PhysX
[Physics::Module] Id: 0xf2b8ea05
[Physics::Module] SDK Version: 4.1.2
[Physics::Module] Integration Version: 1.0.0
[Physics::Module] Threading Mode: Multi-Threaded
Refreshing native plugins compatible for Editor in 5.46 ms, found 9 plugins.
Preloading 0 native plugins for Editor in 0.00 ms.
Initialize engine version: 6000.0.40f1 (157d81624ddf)
[Subsystems] Discovering subsystems at path C:/Program Files/Unity/Hub/Editor/6000.0.40f1/Editor/Data/Resources/UnitySubsystems
[Subsystems] Discovering subsystems at path C:/Users/jrkew/OneDrive/Desktop/Unity projects/VR2025/VR Room/Assets
GfxDevice: creating device client; kGfxThreadingModeNonThreaded
Direct3D:
    Version:  Direct3D 11.0 [level 11.1]
    Renderer: AMD Radeon RX 7900 XTX (ID=0x744c)
    Vendor:   ATI
    VRAM:     24496 MB
    Driver:   32.0.13031.3015
Shader 'Universal Render Pipeline/Nature/SpeedTree7': fallback shader 'Hidden/Universal Render Pipeline/FallbackError' not found
Shader 'Universal Render Pipeline/Nature/SpeedTree7': dependency 'BillboardShader' shader 'Universal Render Pipeline/Nature/SpeedTree7 Billboard' not found
Shader 'Hidden/Universal Render Pipeline/FallbackError': fallback shader 'Hidden/Core/FallbackError' not found
Shader 'Hidden/Universal Render Pipeline/StencilDeferred': fallback shader 'Hidden/Universal Render Pipeline/FallbackError' not found
Shader 'Universal Render Pipeline/Lit': fallback shader 'Hidden/Universal Render Pipeline/FallbackError' not found
Shader 'Universal Render Pipeline/Particles/Unlit': fallback shader 'Hidden/Universal Render Pipeline/FallbackError' not found
Shader 'Universal Render Pipeline/Unlit': fallback shader 'Hidden/Universal Render Pipeline/FallbackError' not found
Shader 'Universal Render Pipeline/VR/SpatialMapping/Occlusion': fallback shader 'Hidden/Universal Render Pipeline/FallbackError' not found
Shader 'Universal Render Pipeline/VR/SpatialMapping/Wireframe': fallback shader 'Hidden/Universal Render Pipeline/FallbackError' not found
Shader 'Universal Render Pipeline/Simple Lit': fallback shader 'Hidden/Universal Render Pipeline/FallbackError' not found
Shader 'TextMeshPro/Distance Field': fallback shader 'TextMeshPro/Mobile/Distance Field' not found
Shader 'Universal Render Pipeline/Particles/Simple Lit': fallback shader 'Universal Render Pipeline/Particles/Unlit' not found
Shader 'Universal Render Pipeline/Particles/Lit': fallback shader 'Universal Render Pipeline/Particles/Simple Lit' not found
Shader 'Universal Render Pipeline/Nature/SpeedTree7 Billboard': fallback shader 'Hidden/Universal Render Pipeline/FallbackError' not found
Shader 'Universal Render Pipeline/Complex Lit': fallback shader 'Hidden/Universal Render Pipeline/FallbackError' not found
Shader 'Universal Render Pipeline/Nature/SpeedTree8': fallback shader 'Hidden/Universal Render Pipeline/FallbackError' not found
Shader 'Hidden/Universal Render Pipeline/Terrain/Lit (Add Pass)': fallback shader 'Hidden/Universal Render Pipeline/FallbackError' not found
Shader 'TextMeshPro/Distance Field Overlay': fallback shader 'TextMeshPro/Mobile/Distance Field' not found
Shader 'Universal Render Pipeline/Baked Lit': fallback shader 'Universal Render Pipeline/Unlit' not found
Shader 'TextMeshPro/Distance Field SSD': fallback shader 'TextMeshPro/Mobile/Distance Field' not found
Initialize mono
Mono path[0] = 'C:/Program Files/Unity/Hub/Editor/6000.0.40f1/Editor/Data/Managed'
Mono path[1] = 'C:/Program Files/Unity/Hub/Editor/6000.0.40f1/Editor/Data/MonoBleedingEdge/lib/mono/unityjit-win32'
Mono config path = 'C:/Program Files/Unity/Hub/Editor/6000.0.40f1/Editor/Data/MonoBleedingEdge/etc'
Using monoOptions --debugger-agent=transport=dt_socket,embedding=1,server=y,suspend=n,address=127.0.0.1:56088
Begin MonoManager ReloadAssembly
Registering precompiled unity dll's ...
Register platform support module: C:/Program Files/Unity/Hub/Editor/6000.0.40f1/Editor/Data/PlaybackEngines/WebGLSupport/UnityEditor.WebGL.Extensions.dll
Register platform support module: C:/Program Files/Unity/Hub/Editor/6000.0.40f1/Editor/Data/PlaybackEngines/WindowsStandaloneSupport/UnityEditor.WindowsStandalone.Extensions.dll
Register platform support module: C:/Program Files/Unity/Hub/Editor/6000.0.40f1/Editor/Data/PlaybackEngines/AndroidPlayer/UnityEditor.Android.Extensions.dll
Registered in 0.002466 seconds.
- Loaded All Assemblies, in  0.269 seconds
Native extension for Android target not found
Android Extension - Scanning For ADB Devices 286 ms
Native extension for WindowsStandalone target not found
Native extension for WebGL target not found
Mono: successfully reloaded assembly
- Finished resetting the current domain, in  0.555 seconds
Domain Reload Profiling: 822ms
	BeginReloadAssembly (86ms)
		ExecutionOrderSort (0ms)
		DisableScriptedObjects (0ms)
		BackupInstance (0ms)
		ReleaseScriptingObjects (0ms)
		CreateAndSetChildDomain (0ms)
	RebuildCommonClasses (32ms)
	RebuildNativeTypeToScriptingClass (8ms)
	initialDomainReloadingComplete (29ms)
	LoadAllAssembliesAndSetupDomain (111ms)
		LoadAssemblies (85ms)
		RebuildTransferFunctionScriptingTraits (0ms)
		AnalyzeDomain (108ms)
			TypeCache.Refresh (107ms)
				TypeCache.ScanAssembly (98ms)
			BuildScriptInfoCaches (0ms)
			ResolveRequiredComponents (0ms)
	FinalizeReload (556ms)
		ReleaseScriptCaches (0ms)
		RebuildScriptCaches (0ms)
		SetupLoadedEditorAssemblies (536ms)
			LogAssemblyErrors (0ms)
			InitializePlatformSupportModulesInManaged (356ms)
			SetLoadedEditorAssemblies (3ms)
			BeforeProcessingInitializeOnLoad (44ms)
			ProcessInitializeOnLoadAttributes (89ms)
			ProcessInitializeOnLoadMethodAttributes (44ms)
			AfterProcessingInitializeOnLoad (0ms)
			EditorAssembliesLoaded (0ms)
		ExecutionOrderSort2 (0ms)
		AwakeInstancesAfterBackupRestoration (0ms)
========================================================================
Worker process is ready to serve import requests
Import Worker Mode flag is 0x00
Begin MonoManager ReloadAssembly
- Loaded All Assemblies, in  0.555 seconds
'Packages/com.unity.xr.openxr/Runtime/OpenXRLoader.cs' contains partial class of Unity.Object, exactly 1 of the partial classes needs to be in a file with the same filename. This is to know the one that can be referenced from ie. GameObjects
'Packages/com.unity.xr.openxr/Runtime/OpenXRLoaderInternal.cs' contains partial class of Unity.Object, exactly 1 of the partial classes needs to be in a file with the same filename. This is to know the one that can be referenced from ie. GameObjects
Refreshing native plugins compatible for Editor in 3.38 ms, found 9 plugins.
Native extension for Android target not found
Native extension for WindowsStandalone target not found
Native extension for WebGL target not found
Package Manager log level set to [2]
[Package Manager] Failed to launch server process. Reason: Unity was launched with the -noUpm command-line argument
[Package Manager] Unable to send message (not connected to server process).
[Package Manager] Cannot connect to Unity Package Manager local server
Shader 'Universal Render Pipeline/Terrain/Lit': fallback shader 'Hidden/Universal Render Pipeline/FallbackError' not found
Shader 'Universal Render Pipeline/Terrain/Lit': dependency 'AddPassShader' shader 'Hidden/Universal Render Pipeline/Terrain/Lit (Add Pass)' not found
Shader 'Universal Render Pipeline/Terrain/Lit': dependency 'BaseMapShader' shader 'Hidden/Universal Render Pipeline/Terrain/Lit (Base Pass)' not found
Shader 'Universal Render Pipeline/Terrain/Lit': dependency 'BaseMapGenShader' shader 'Hidden/Universal Render Pipeline/Terrain/Lit (Basemap Gen)' not found
The project currently uses the compatibility mode where the Render Graph API is disabled. Support for this mode will be removed in future Unity versions. Migrate existing ScriptableRenderPasses to the new RenderGraph API. After the migration, disable the compatibility mode in Edit > Projects Settings > Graphics > Render Graph.
UnityEngine.Debug:ExtractStackTraceNoAlloc (byte*,int,string)
UnityEngine.StackTraceUtility:ExtractStackTrace ()
UnityEngine.DebugLogHandler:Internal_Log (UnityEngine.LogType,UnityEngine.LogOption,string,UnityEngine.Object)
UnityEngine.DebugLogHandler:LogFormat (UnityEngine.LogType,UnityEngine.Object,string,object[])
UnityEngine.Logger:Log (UnityEngine.LogType,object)
UnityEngine.Debug:LogWarning (object)
UnityEngine.Rendering.Universal.WarnUsingNonRenderGraph:EmitConsoleWarning () (at ./Library/PackageCache/com.unity.render-pipelines.universal@bd2aa618476e/Runtime/Data/UniversalRenderPipelineAsset.cs:427)
System.Reflection.RuntimeMethodInfo:Invoke (object,System.Reflection.BindingFlags,System.Reflection.Binder,object[],System.Globalization.CultureInfo)
System.Reflection.MethodBase:Invoke (object,object[])
UnityEditor.EditorAssemblies:ProcessInitializeOnLoadMethodAttributes ()

(Filename: ./Library/PackageCache/com.unity.render-pipelines.universal@bd2aa618476e/Runtime/Data/UniversalRenderPipelineAsset.cs Line: 427)

Mono: successfully reloaded assembly
[Package Manager] Failed to launch server process. Reason: Unity was launched with the -noUpm command-line argument
[Package Manager] Unable to send message (not connected to server process).
[Package Manager] Cannot connect to Unity Package Manager local server
[Package Manager] Failed to launch server process. Reason: Unity was launched with the -noUpm command-line argument
[Package Manager] Unable to send message (not connected to server process).
[Package Manager] Cannot connect to Unity Package Manager local server
- Finished resetting the current domain, in  0.583 seconds
Domain Reload Profiling: 1136ms
	BeginReloadAssembly (122ms)
		ExecutionOrderSort (0ms)
		DisableScriptedObjects (5ms)
		BackupInstance (0ms)
		ReleaseScriptingObjects (0ms)
		CreateAndSetChildDomain (23ms)
	RebuildCommonClasses (35ms)
	RebuildNativeTypeToScriptingClass (9ms)
	initialDomainReloadingComplete (28ms)
	LoadAllAssembliesAndSetupDomain (359ms)
		LoadAssemblies (238ms)
		RebuildTransferFunctionScriptingTraits (0ms)
		AnalyzeDomain (192ms)
			TypeCache.Refresh (137ms)
				TypeCache.ScanAssembly (125ms)
			BuildScriptInfoCaches (43ms)
			ResolveRequiredComponents (9ms)
	FinalizeReload (584ms)
		ReleaseScriptCaches (0ms)
		RebuildScriptCaches (0ms)
		SetupLoadedEditorAssemblies (454ms)
			LogAssemblyErrors (0ms)
			InitializePlatformSupportModulesInManaged (11ms)
			SetLoadedEditorAssemblies (5ms)
			BeforeProcessingInitializeOnLoad (84ms)
			ProcessInitializeOnLoadAttributes (236ms)
			ProcessInitializeOnLoadMethodAttributes (117ms)
			AfterProcessingInitializeOnLoad (2ms)
			EditorAssembliesLoaded (0ms)
		ExecutionOrderSort2 (0ms)
		AwakeInstancesAfterBackupRestoration (4ms)
Shader 'Hidden/Universal Render Pipeline/Terrain/Lit (Base Pass)': fallback shader 'Hidden/Universal Render Pipeline/FallbackError' not found
WARNING: Shader Unsupported: 'Hidden/Universal Render Pipeline/Terrain/Lit (Base Pass)' - All subshaders removed
WARNING: Shader Did you use #pragma only_renderers and omit this platform?
WARNING: Shader If subshaders removal was intentional, you may have forgotten turning Fallback off?
WARNING: Shader Unsupported: 'Hidden/Universal Render Pipeline/Terrain/Lit (Base Pass)' - All subshaders removed
WARNING: Shader Did you use #pragma only_renderers and omit this platform?
WARNING: Shader If subshaders removal was intentional, you may have forgotten turning Fallback off?
Launched and connected shader compiler UnityShaderCompiler.exe after 0.01 seconds
Refreshing native plugins compatible for Editor in 4.83 ms, found 9 plugins.
Preloading 0 native plugins for Editor in 0.00 ms.
Unloading 206 Unused Serialized files (Serialized files now loaded: 0)
Unloading 6893 unused Assets / (4.4 MB). Loaded Objects now: 7583.
Memory consumption went from 172.5 MB to 168.1 MB.
Total: 5.470800 ms (FindLiveObjects: 0.518500 ms CreateObjectMapping: 0.254700 ms MarkObjects: 3.319200 ms  DeleteObjects: 1.377300 ms)

========================================================================
Received Import Request.
  Time since last request: 7518.460988 seconds.
  path: Assets/TextMesh Pro/Shaders/TMP_SDF-Mobile SSD.shader
  artifactKey: Guid(c8d12adcee749c344b8117cf7c7eb912) Importer(2089858483,192608db42251d675da83286b1cce702)
Start importing Assets/TextMesh Pro/Shaders/TMP_SDF-Mobile SSD.shader using Guid(c8d12adcee749c344b8117cf7c7eb912) Importer(2089858483,192608db42251d675da83286b1cce702) (ScriptedImporter) -> (artifact id: 'bcb71a369b346f2a4e7c2ec5f16947ba') in 0.1370865 seconds
Number of updated asset objects reloaded before import = 0Number of asset objects unloaded after import = 1

========================================================================
Received Import Request.
  Time since last request: 0.000012 seconds.
  path: Assets/XR/Loaders/Open XR Loader.asset
  artifactKey: Guid(d37c5d7d9dab849a6a780f4ab6726b1d) Importer(2089858483,192608db42251d675da83286b1cce702)
Start importing Assets/XR/Loaders/Open XR Loader.asset using Guid(d37c5d7d9dab849a6a780f4ab6726b1d) Importer(2089858483,192608db42251d675da83286b1cce702) (ScriptedImporter) -> (artifact id: '6924d0c50773fedff8ce6c763833b492') in 0.0183048 seconds
Number of updated asset objects reloaded before import = 0Number of asset objects unloaded after import = 1

========================================================================
Received Import Request.
  Time since last request: 0.000012 seconds.
  path: Assets/TextMesh Pro/Shaders/TMP_SDF-URP Lit.shadergraph
  artifactKey: Guid(a3d800b099a06e0478fb790c5e79057a) Importer(2089858483,192608db42251d675da83286b1cce702)
Start importing Assets/TextMesh Pro/Shaders/TMP_SDF-URP Lit.shadergraph using Guid(a3d800b099a06e0478fb790c5e79057a) Importer(2089858483,192608db42251d675da83286b1cce702) (ScriptedImporter) -> (artifact id: '0e41929129e3bd207c3fecb723ad6432') in 0.0303432 seconds
Number of updated asset objects reloaded before import = 0Number of asset objects unloaded after import = 4

========================================================================
Received Import Request.
  Time since last request: 0.000013 seconds.
  path: Assets/TextMesh Pro/Shaders/TMPro_Properties.cginc
  artifactKey: Guid(3997e2241185407d80309a82f9148466) Importer(2089858483,192608db42251d675da83286b1cce702)
Start importing Assets/TextMesh Pro/Shaders/TMPro_Properties.cginc using Guid(3997e2241185407d80309a82f9148466) Importer(2089858483,192608db42251d675da83286b1cce702) (ScriptedImporter) -> (artifact id: 'ce9f91ee68c08a0abad46681806b8cd1') in 0.0098039 seconds
Number of updated asset objects reloaded before import = 0Number of asset objects unloaded after import = 1

========================================================================
Received Import Request.
  Time since last request: 0.000018 seconds.
  path: Assets/TextMesh Pro/Shaders/TMP_SDF-Surface-Mobile.shader
  artifactKey: Guid(85187c2149c549c5b33f0cdb02836b17) Importer(2089858483,192608db42251d675da83286b1cce702)
Start importing Assets/TextMesh Pro/Shaders/TMP_SDF-Surface-Mobile.shader using Guid(85187c2149c549c5b33f0cdb02836b17) Importer(2089858483,192608db42251d675da83286b1cce702) (ScriptedImporter) -> (artifact id: 'f8a5e2a7c628693b208ac18ef64f3c1a') in 0.0088311 seconds
Number of updated asset objects reloaded before import = 0Number of asset objects unloaded after import = 1

========================================================================
Received Import Request.
  Time since last request: 0.000011 seconds.
  path: Assets/TextMesh Pro/Resources/LineBreaking Leading Characters.txt
  artifactKey: Guid(d82c1b31c7e74239bff1220585707d2b) Importer(2089858483,192608db42251d675da83286b1cce702)
Start importing Assets/TextMesh Pro/Resources/LineBreaking Leading Characters.txt using Guid(d82c1b31c7e74239bff1220585707d2b) Importer(2089858483,192608db42251d675da83286b1cce702) (ScriptedImporter) -> (artifact id: 'fa10900ea22321b4070d96b09644ca20') in 0.0099548 seconds
Number of updated asset objects reloaded before import = 0Number of asset objects unloaded after import = 1

========================================================================
Received Import Request.
  Time since last request: 0.000022 seconds.
  path: Assets/TextMesh Pro/Shaders/TMP_SDF-Mobile Overlay.shader
  artifactKey: Guid(a02a7d8c237544f1962732b55a9aebf1) Importer(2089858483,192608db42251d675da83286b1cce702)
Start importing Assets/TextMesh Pro/Shaders/TMP_SDF-Mobile Overlay.shader using Guid(a02a7d8c237544f1962732b55a9aebf1) Importer(2089858483,192608db42251d675da83286b1cce702) (ScriptedImporter) -> (artifact id: '24ffc10293cbf76524fdb9267e39d226') in 0.0099294 seconds
Number of updated asset objects reloaded before import = 0Number of asset objects unloaded after import = 1

========================================================================
Received Import Request.
  Time since last request: 0.000014 seconds.
  path: Assets/Challenges/01_Architecture/Prefabs/House.prefab
  artifactKey: Guid(b79764ba2b3d76741b43d8c72bb71b46) Importer(2089858483,192608db42251d675da83286b1cce702)
Start importing Assets/Challenges/01_Architecture/Prefabs/House.prefab using Guid(b79764ba2b3d76741b43d8c72bb71b46) Importer(2089858483,192608db42251d675da83286b1cce702) (ScriptedImporter) -> (artifact id: '0fe72c996a0e8ccbbfeb73806ebf7e5a') in 0.0268472 seconds
Number of updated asset objects reloaded before import = 0Number of asset objects unloaded after import = 644

========================================================================
Received Import Request.
  Time since last request: 0.000013 seconds.
  path: Assets/Challenges/03_Training/Materials/Button_Blue.mat
  artifactKey: Guid(37a7c2a9456aa483c8adc48ced2c492d) Importer(2089858483,192608db42251d675da83286b1cce702)
Start importing Assets/Challenges/03_Training/Materials/Button_Blue.mat using Guid(37a7c2a9456aa483c8adc48ced2c492d) Importer(2089858483,192608db42251d675da83286b1cce702) (ScriptedImporter) -> (artifact id: '076161e6fca8bccc71a8e458c4bf81ed') in 0.0202598 seconds
Number of updated asset objects reloaded before import = 0Number of asset objects unloaded after import = 1

========================================================================
Received Import Request.
  Time since last request: 0.000012 seconds.
  path: Assets/Challenges/03_Training/Lighting/SimulationSettings.lighting
  artifactKey: Guid(5118713afbf2241b1bd25d9eb152139e) Importer(2089858483,192608db42251d675da83286b1cce702)
Start importing Assets/Challenges/03_Training/Lighting/SimulationSettings.lighting using Guid(5118713afbf2241b1bd25d9eb152139e) Importer(2089858483,192608db42251d675da83286b1cce702) (ScriptedImporter) -> (artifact id: '2ec3957ceffbe58afd52355b2fa9b9e1') in 0.0146126 seconds
Number of updated asset objects reloaded before import = 0Number of asset objects unloaded after import = 1

========================================================================
Received Import Request.
  Time since last request: 0.000011 seconds.
  path: Assets/Challenges/01_Architecture/Materials/MeasuringStick.mat
  artifactKey: Guid(027f72dd52fda48a5854197587416360) Importer(2089858483,192608db42251d675da83286b1cce702)
Start importing Assets/Challenges/01_Architecture/Materials/MeasuringStick.mat using Guid(027f72dd52fda48a5854197587416360) Importer(2089858483,192608db42251d675da83286b1cce702) (ScriptedImporter) -> (artifact id: 'ea88eaa0b049c5f86693ba977dfa12de') in 0.0167978 seconds
Number of updated asset objects reloaded before import = 0Number of asset objects unloaded after import = 1

========================================================================
Received Import Request.
  Time since last request: 0.000044 seconds.
  path: Assets/Challenges/03_Training/Materials/Box.mat
  artifactKey: Guid(1107dbd5a1bcb40d084ac11488c3560e) Importer(2089858483,192608db42251d675da83286b1cce702)
Start importing Assets/Challenges/03_Training/Materials/Box.mat using Guid(1107dbd5a1bcb40d084ac11488c3560e) Importer(2089858483,192608db42251d675da83286b1cce702) (ScriptedImporter) -> (artifact id: '77a3fad869e3b17e708f62d68e3b3113') in 0.0101575 seconds
Number of updated asset objects reloaded before import = 0Number of asset objects unloaded after import = 1

========================================================================
Received Import Request.
  Time since last request: 0.000016 seconds.
  path: Assets/Challenges/01_Architecture/Prefabs/HouseModel.prefab
  artifactKey: Guid(568caa9e13c2d2145a56ce258c550eb3) Importer(2089858483,192608db42251d675da83286b1cce702)
Start importing Assets/Challenges/01_Architecture/Prefabs/HouseModel.prefab using Guid(568caa9e13c2d2145a56ce258c550eb3) Importer(2089858483,192608db42251d675da83286b1cce702) (ScriptedImporter) -> (artifact id: 'def4cd08345f5283b391394fec387889') in 0.0460123 seconds
Number of updated asset objects reloaded before import = 0Number of asset objects unloaded after import = 473

========================================================================
Received Import Request.
  Time since last request: 0.284702 seconds.
  path: Assets/Challenges/03_Training/Materials/TeleportAnchor.mat
  artifactKey: Guid(36de4fb968bcd475eaa54704c56da654) Importer(2089858483,192608db42251d675da83286b1cce702)
Start importing Assets/Challenges/03_Training/Materials/TeleportAnchor.mat using Guid(36de4fb968bcd475eaa54704c56da654) Importer(2089858483,192608db42251d675da83286b1cce702) (ScriptedImporter) -> (artifact id: '141524e1c2423aff61ea8627ef0df21a') in 0.0105441 seconds
Number of updated asset objects reloaded before import = 0Number of asset objects unloaded after import = 1

========================================================================
Received Import Request.
  Time since last request: 0.000013 seconds.
  path: Assets/_Course Library/Audio/FX/SFX_Liquid_Splash.ogg
  artifactKey: Guid(7bb57394759014e20b218cf8f8040440) Importer(2089858483,192608db42251d675da83286b1cce702)
Start importing Assets/_Course Library/Audio/FX/SFX_Liquid_Splash.ogg using Guid(7bb57394759014e20b218cf8f8040440) Importer(2089858483,192608db42251d675da83286b1cce702) (ScriptedImporter) -> (artifact id: 'a38ae41396f38c40f3ebee5157d0642a') in 0.0291895 seconds
Number of updated asset objects reloaded before import = 0Number of asset objects unloaded after import = 1

========================================================================
Received Import Request.
  Time since last request: 0.000011 seconds.
  path: Assets/TextMesh Pro/Resources/Style Sheets/Default Style Sheet.asset
  artifactKey: Guid(f952c082cb03451daed3ee968ac6c63e) Importer(2089858483,192608db42251d675da83286b1cce702)
Start importing Assets/TextMesh Pro/Resources/Style Sheets/Default Style Sheet.asset using Guid(f952c082cb03451daed3ee968ac6c63e) Importer(2089858483,192608db42251d675da83286b1cce702) (ScriptedImporter) -> (artifact id: '349edb91649eaef3b4b33aa76094c407') in 0.0091268 seconds
Number of updated asset objects reloaded before import = 0Number of asset objects unloaded after import = 1

========================================================================
Received Import Request.
  Time since last request: 0.000016 seconds.
  path: Assets/_Course Library/Audio/FX/SFX_Loop_Buzz_2.ogg
  artifactKey: Guid(c0485129cacdd4a4c9822d92e2a9adc2) Importer(2089858483,192608db42251d675da83286b1cce702)
Start importing Assets/_Course Library/Audio/FX/SFX_Loop_Buzz_2.ogg using Guid(c0485129cacdd4a4c9822d92e2a9adc2) Importer(2089858483,192608db42251d675da83286b1cce702) (ScriptedImporter) -> (artifact id: '89c65877ea7cfa06e58e035a89a080d7') in 0.0225624 seconds
Number of updated asset objects reloaded before import = 0Number of asset objects unloaded after import = 1

========================================================================
Received Import Request.
  Time since last request: 0.000010 seconds.
  path: Assets/_Course Library/Materials/Solid Colors/White.mat
  artifactKey: Guid(e4072eb07deefa44db8eb55cc1772070) Importer(2089858483,192608db42251d675da83286b1cce702)
Start importing Assets/_Course Library/Materials/Solid Colors/White.mat using Guid(e4072eb07deefa44db8eb55cc1772070) Importer(2089858483,192608db42251d675da83286b1cce702) (ScriptedImporter) -> (artifact id: '3ae2eb496ea738e15e99ed5879af4124') in 0.010351 seconds
Number of updated asset objects reloaded before import = 0Number of asset objects unloaded after import = 1

========================================================================
Received Import Request.
  Time since last request: 0.000011 seconds.
  path: Assets/_Course Library/Materials/Solid Colors/Orange.mat
  artifactKey: Guid(a4b38064cb4316748914ac9f56485649) Importer(2089858483,192608db42251d675da83286b1cce702)
Start importing Assets/_Course Library/Materials/Solid Colors/Orange.mat using Guid(a4b38064cb4316748914ac9f56485649) Importer(2089858483,192608db42251d675da83286b1cce702) (ScriptedImporter) -> (artifact id: 'ac93175c326ccab60091deef21fb94f8') in 0.0102039 seconds
Number of updated asset objects reloaded before import = 0Number of asset objects unloaded after import = 1

========================================================================
Received Import Request.
  Time since last request: 0.000009 seconds.
  path: Assets/_Course Library/Audio/FX/SFX_UI_Game_Negative.ogg
  artifactKey: Guid(a6d54794b4ce94de1b7b1587af379192) Importer(2089858483,192608db42251d675da83286b1cce702)
Start importing Assets/_Course Library/Audio/FX/SFX_UI_Game_Negative.ogg using Guid(a6d54794b4ce94de1b7b1587af379192) Importer(2089858483,192608db42251d675da83286b1cce702) (ScriptedImporter) -> (artifact id: '5afa39e22e76d56528e4dc59d15bd12d') in 0.0243587 seconds
Number of updated asset objects reloaded before import = 0Number of asset objects unloaded after import = 1

========================================================================
Received Import Request.
  Time since last request: 0.000012 seconds.
  path: Assets/_Course Library/Materials/Object Materials/Material_Mirror_Brown.mat
  artifactKey: Guid(df1026cce9e9b41a08555d9180d70805) Importer(2089858483,192608db42251d675da83286b1cce702)
Start importing Assets/_Course Library/Materials/Object Materials/Material_Mirror_Brown.mat using Guid(df1026cce9e9b41a08555d9180d70805) Importer(2089858483,192608db42251d675da83286b1cce702) (ScriptedImporter) -> (artifact id: 'c5ca295dad9b62a1b8d2812515f1fec1') in 0.0089564 seconds
Number of updated asset objects reloaded before import = 0Number of asset objects unloaded after import = 3

========================================================================
Received Import Request.
  Time since last request: 0.000010 seconds.
  path: Assets/_Course Library/Audio/Music/Music_Classical_Beethoven_Moonlight-Sonata.ogg
  artifactKey: Guid(17e53586d00594414b8cb9c4bf7cfd7e) Importer(2089858483,192608db42251d675da83286b1cce702)
Start importing Assets/_Course Library/Audio/Music/Music_Classical_Beethoven_Moonlight-Sonata.ogg using Guid(17e53586d00594414b8cb9c4bf7cfd7e) Importer(2089858483,192608db42251d675da83286b1cce702) (ScriptedImporter) -> (artifact id: '6e77fee5859ebf69d3da0ea75785b971') in 0.1724068 seconds
Number of updated asset objects reloaded before import = 0Number of asset objects unloaded after import = 1

========================================================================
Received Import Request.
  Time since last request: 0.000013 seconds.
  path: Assets/_Course Library/Audio/FX/SFX_UI_Quick_1.ogg
  artifactKey: Guid(cbca6f23424bd42c9a2cae00f5b644ea) Importer(2089858483,192608db42251d675da83286b1cce702)
Start importing Assets/_Course Library/Audio/FX/SFX_UI_Quick_1.ogg using Guid(cbca6f23424bd42c9a2cae00f5b644ea) Importer(2089858483,192608db42251d675da83286b1cce702) (ScriptedImporter) -> (artifact id: '76abbf9fb7e50886fae35fbc2e49dda3') in 0.0160422 seconds
Number of updated asset objects reloaded before import = 0Number of asset objects unloaded after import = 1

========================================================================
Received Import Request.
  Time since last request: 0.000017 seconds.
  path: Assets/TextMesh Pro/Resources/Fonts & Materials/LiberationSans SDF - Outline.mat
  artifactKey: Guid(79459efec17a4d00a321bdcc27bbc385) Importer(2089858483,192608db42251d675da83286b1cce702)
Start importing Assets/TextMesh Pro/Resources/Fonts & Materials/LiberationSans SDF - Outline.mat using Guid(79459efec17a4d00a321bdcc27bbc385) Importer(2089858483,192608db42251d675da83286b1cce702) (ScriptedImporter) -> (artifact id: '99fabc3a994725300a99102f4cff2657') in 0.0169406 seconds
Number of updated asset objects reloaded before import = 0Number of asset objects unloaded after import = 2

========================================================================
Received Import Request.
  Time since last request: 0.212582 seconds.
  path: Assets/_Course Library/Scripts/Actions/FadeCanvasOnOverlap.cs
  artifactKey: Guid(d2dac634348b5444da2deb0b098f9379) Importer(2089858483,192608db42251d675da83286b1cce702)
Start importing Assets/_Course Library/Scripts/Actions/FadeCanvasOnOverlap.cs using Guid(d2dac634348b5444da2deb0b098f9379) Importer(2089858483,192608db42251d675da83286b1cce702) (ScriptedImporter) -> (artifact id: 'f564e1123b673e751aaac11eec6900d5') in 0.0090477 seconds
Number of updated asset objects reloaded before import = 0Number of asset objects unloaded after import = 0

========================================================================
Received Import Request.
  Time since last request: 0.000011 seconds.
  path: Assets/_Course Library/Source Files/Models/Fireplace_Traditional_Log2.FBX
  artifactKey: Guid(4ad293eca63c4df488d5d80413465ea8) Importer(2089858483,192608db42251d675da83286b1cce702)
Start importing Assets/_Course Library/Source Files/Models/Fireplace_Traditional_Log2.FBX using Guid(4ad293eca63c4df488d5d80413465ea8) Importer(2089858483,192608db42251d675da83286b1cce702) (ScriptedImporter) -> (artifact id: 'c2470cf447b75cbabb31e614528f53a3') in 0.0379635 seconds
Number of updated asset objects reloaded before import = 0Number of asset objects unloaded after import = 9

========================================================================
Received Import Request.
  Time since last request: 0.000010 seconds.
  path: Assets/_Course Library/Scripts/Conditions/OnPull.cs
  artifactKey: Guid(2193ace7284603b4c8a0e1e6579a8a7f) Importer(2089858483,192608db42251d675da83286b1cce702)
Start importing Assets/_Course Library/Scripts/Conditions/OnPull.cs using Guid(2193ace7284603b4c8a0e1e6579a8a7f) Importer(2089858483,192608db42251d675da83286b1cce702) (ScriptedImporter) -> (artifact id: '1e8dd2abac465a2d63360c82e236fe03') in 0.0067405 seconds
Number of updated asset objects reloaded before import = 0Number of asset objects unloaded after import = 0

========================================================================
Received Import Request.
  Time since last request: 0.000011 seconds.
  path: Assets/_Course Library/Scripts/Conditions/OnTimedInterval.cs
  artifactKey: Guid(cee04e5a7e7214571866857aadcf7924) Importer(2089858483,192608db42251d675da83286b1cce702)
Start importing Assets/_Course Library/Scripts/Conditions/OnTimedInterval.cs using Guid(cee04e5a7e7214571866857aadcf7924) Importer(2089858483,192608db42251d675da83286b1cce702) (ScriptedImporter) -> (artifact id: '2d3e3a2855b7bb09d150439a3492d574') in 0.0081756 seconds
Number of updated asset objects reloaded before import = 0Number of asset objects unloaded after import = 0

========================================================================
Received Import Request.
  Time since last request: 0.000041 seconds.
  path: Assets/_Course Library/Scripts/Actions/ToggleVisibility.cs
  artifactKey: Guid(064216bc04beaca4fab9a6b5d9bca977) Importer(2089858483,192608db42251d675da83286b1cce702)
Start importing Assets/_Course Library/Scripts/Actions/ToggleVisibility.cs using Guid(064216bc04beaca4fab9a6b5d9bca977) Importer(2089858483,192608db42251d675da83286b1cce702) (ScriptedImporter) -> (artifact id: 'b1f8f728d39bd5ee54d1bf812c15b806') in 0.0096817 seconds
Number of updated asset objects reloaded before import = 0Number of asset objects unloaded after import = 0

========================================================================
Received Import Request.
  Time since last request: 0.000011 seconds.
  path: Assets/_Course Library/Source Files/Models/Chest_Modern_B.fbx
  artifactKey: Guid(42324ce4420b0544ab69afb9e3185de8) Importer(2089858483,192608db42251d675da83286b1cce702)
Start importing Assets/_Course Library/Source Files/Models/Chest_Modern_B.fbx using Guid(42324ce4420b0544ab69afb9e3185de8) Importer(2089858483,192608db42251d675da83286b1cce702) (ScriptedImporter) -> (artifact id: 'cb3823d7c9d4926499687a50b2223a3d') in 0.0145425 seconds
Number of updated asset objects reloaded before import = 0Number of asset objects unloaded after import = 15

========================================================================
Received Import Request.
  Time since last request: 0.000012 seconds.
  path: Assets/_Course Library/Source Files/Editor/XRKnobEditor.cs
  artifactKey: Guid(680302b934fad4844b2ce3a14c618fd9) Importer(2089858483,192608db42251d675da83286b1cce702)
Start importing Assets/_Course Library/Source Files/Editor/XRKnobEditor.cs using Guid(680302b934fad4844b2ce3a14c618fd9) Importer(2089858483,192608db42251d675da83286b1cce702) (ScriptedImporter) -> (artifact id: 'bfe27440b4b2b710829209156a2bc683') in 0.007229 seconds
Number of updated asset objects reloaded before import = 0Number of asset objects unloaded after import = 0

========================================================================
Received Import Request.
  Time since last request: 0.000018 seconds.
  path: Assets/_Course Library/Source Files/Models/Chair_Traditional_B.fbx
  artifactKey: Guid(c85425214953d3e458c75798dc76fde9) Importer(2089858483,192608db42251d675da83286b1cce702)
Start importing Assets/_Course Library/Source Files/Models/Chair_Traditional_B.fbx using Guid(c85425214953d3e458c75798dc76fde9) Importer(2089858483,192608db42251d675da83286b1cce702) (ScriptedImporter) -> (artifact id: '1fa263e24f657b44aeebedfbcca44292') in 0.0136322 seconds
Number of updated asset objects reloaded before import = 0Number of asset objects unloaded after import = 8

========================================================================
Received Import Request.
  Time since last request: 0.000012 seconds.
  path: Assets/_Course Library/Scripts/Actions/PlayQuickSound.cs
  artifactKey: Guid(0755a2ba17a31d643b4a27e3034d8a79) Importer(2089858483,192608db42251d675da83286b1cce702)
Start importing Assets/_Course Library/Scripts/Actions/PlayQuickSound.cs using Guid(0755a2ba17a31d643b4a27e3034d8a79) Importer(2089858483,192608db42251d675da83286b1cce702) (ScriptedImporter) -> (artifact id: '6725309c8eaf573ad9720f86aa0f5840') in 0.0082307 seconds
Number of updated asset objects reloaded before import = 0Number of asset objects unloaded after import = 0

========================================================================
Received Import Request.
  Time since last request: 0.000011 seconds.
  path: Assets/_Course Library/Scripts/Testing/Notes.cs
  artifactKey: Guid(22929c6e67c4140378af9d4dcede9495) Importer(2089858483,192608db42251d675da83286b1cce702)
Start importing Assets/_Course Library/Scripts/Testing/Notes.cs using Guid(22929c6e67c4140378af9d4dcede9495) Importer(2089858483,192608db42251d675da83286b1cce702) (ScriptedImporter) -> (artifact id: 'c13ed1c656468854b07850613b0d5245') in 0.0099025 seconds
Number of updated asset objects reloaded before import = 0Number of asset objects unloaded after import = 0

========================================================================
Received Import Request.
  Time since last request: 0.000012 seconds.
  path: Assets/_Course Library/Scripts/Controls/XRButton.cs
  artifactKey: Guid(acde65f5db6773e49ad668404cf55472) Importer(2089858483,192608db42251d675da83286b1cce702)
Start importing Assets/_Course Library/Scripts/Controls/XRButton.cs using Guid(acde65f5db6773e49ad668404cf55472) Importer(2089858483,192608db42251d675da83286b1cce702) (ScriptedImporter) -> (artifact id: '7b9e7413ce6d5c3e7305b36bb9d32c88') in 0.0093811 seconds
Number of updated asset objects reloaded before import = 0Number of asset objects unloaded after import = 0

========================================================================
Received Import Request.
  Time since last request: 0.000011 seconds.
  path: Assets/_Course Library/Source Files/Models/Fireplace_modern_Log2.FBX
  artifactKey: Guid(f9c5a72efeeab2f408cc8a31710c6159) Importer(2089858483,192608db42251d675da83286b1cce702)
Start importing Assets/_Course Library/Source Files/Models/Fireplace_modern_Log2.FBX using Guid(f9c5a72efeeab2f408cc8a31710c6159) Importer(2089858483,192608db42251d675da83286b1cce702) (ScriptedImporter) -> (artifact id: '8685b438d46cccc41ee62531fcb99cb0') in 0.0142201 seconds
Number of updated asset objects reloaded before import = 0Number of asset objects unloaded after import = 9

========================================================================
Received Import Request.
  Time since last request: 0.000009 seconds.
  path: Assets/_Course Library/Source Files/Models/Ball_Pingpong.fbx
  artifactKey: Guid(3237f124fd401c146981f5411d5e48cb) Importer(2089858483,192608db42251d675da83286b1cce702)
Start importing Assets/_Course Library/Source Files/Models/Ball_Pingpong.fbx using Guid(3237f124fd401c146981f5411d5e48cb) Importer(2089858483,192608db42251d675da83286b1cce702) (ScriptedImporter) -> (artifact id: '59504e61e2bea4225e6c36b271ab9626') in 0.0164015 seconds
Number of updated asset objects reloaded before import = 0Number of asset objects unloaded after import = 8

========================================================================
Received Import Request.
  Time since last request: 0.000010 seconds.
  path: Assets/_Course Library/Scripts/Actions/SetMaterialColor.cs
  artifactKey: Guid(17d39f7f6aa98a142b9a9cd6b84c1f49) Importer(2089858483,192608db42251d675da83286b1cce702)
Start importing Assets/_Course Library/Scripts/Actions/SetMaterialColor.cs using Guid(17d39f7f6aa98a142b9a9cd6b84c1f49) Importer(2089858483,192608db42251d675da83286b1cce702) (ScriptedImporter) -> (artifact id: '0ef3578df889032912206162e1710e1b') in 0.0085249 seconds
Number of updated asset objects reloaded before import = 0Number of asset objects unloaded after import = 0

========================================================================
Received Import Request.
  Time since last request: 0.000010 seconds.
  path: Assets/_Course Library/Source Files/Models/Couch_Modern_B.fbx
  artifactKey: Guid(e3f8bf0e1ffce9c429fedbde59a88d22) Importer(2089858483,192608db42251d675da83286b1cce702)
Start importing Assets/_Course Library/Source Files/Models/Couch_Modern_B.fbx using Guid(e3f8bf0e1ffce9c429fedbde59a88d22) Importer(2089858483,192608db42251d675da83286b1cce702) (ScriptedImporter) -> (artifact id: '35c8500ca6be3ca4c8395df8cc75d7f6') in 0.0126952 seconds
Number of updated asset objects reloaded before import = 0Number of asset objects unloaded after import = 8

========================================================================
Received Import Request.
  Time since last request: 0.000011 seconds.
  path: Assets/_Course Library/Scripts/Actions/SetParticleRate.cs
  artifactKey: Guid(9a5c21267ec5adf42bfc48a661930ca1) Importer(2089858483,192608db42251d675da83286b1cce702)
Start importing Assets/_Course Library/Scripts/Actions/SetParticleRate.cs using Guid(9a5c21267ec5adf42bfc48a661930ca1) Importer(2089858483,192608db42251d675da83286b1cce702) (ScriptedImporter) -> (artifact id: 'd36b2c4d3ba9036d65d844d2178e8660') in 0.0146939 seconds
Number of updated asset objects reloaded before import = 0Number of asset objects unloaded after import = 0

========================================================================
Received Import Request.
  Time since last request: 0.000017 seconds.
  path: Assets/_Course Library/Source Files/Models/Art_Painting_4.fbx
  artifactKey: Guid(1dff19bba321fd541a14ab1bee60a697) Importer(2089858483,192608db42251d675da83286b1cce702)
Start importing Assets/_Course Library/Source Files/Models/Art_Painting_4.fbx using Guid(1dff19bba321fd541a14ab1bee60a697) Importer(2089858483,192608db42251d675da83286b1cce702) (ScriptedImporter) -> (artifact id: 'bafa5604e297b0428e9706dfae7399a0') in 0.0136139 seconds
Number of updated asset objects reloaded before import = 0Number of asset objects unloaded after import = 8

========================================================================
Received Import Request.
  Time since last request: 0.000010 seconds.
  path: Assets/_Course Library/Scripts/Actions/MoveWithVelocity.cs
  artifactKey: Guid(082c3f8b71935c2468a296c7e6146e9b) Importer(2089858483,192608db42251d675da83286b1cce702)
Start importing Assets/_Course Library/Scripts/Actions/MoveWithVelocity.cs using Guid(082c3f8b71935c2468a296c7e6146e9b) Importer(2089858483,192608db42251d675da83286b1cce702) (ScriptedImporter) -> (artifact id: 'd031dd6ebc4f8a52eaa2ada859b81734') in 0.0095278 seconds
Number of updated asset objects reloaded before import = 0Number of asset objects unloaded after import = 0

========================================================================
Received Import Request.
  Time since last request: 0.000018 seconds.
  path: Assets/_Course Library/Scripts/Actions/TranslateObject.cs
  artifactKey: Guid(866d134ae31a01841b6156f8d0a87054) Importer(2089858483,192608db42251d675da83286b1cce702)
Start importing Assets/_Course Library/Scripts/Actions/TranslateObject.cs using Guid(866d134ae31a01841b6156f8d0a87054) Importer(2089858483,192608db42251d675da83286b1cce702) (ScriptedImporter) -> (artifact id: '38d570d7862b95a5bd51272f6884bfdc') in 0.0084885 seconds
Number of updated asset objects reloaded before import = 0Number of asset objects unloaded after import = 0

========================================================================
Received Import Request.
  Time since last request: 0.000011 seconds.
  path: Assets/_Course Library/Scripts/Actions/SetLightColor.cs
  artifactKey: Guid(b40959c22a1f1574599627bffdb54092) Importer(2089858483,192608db42251d675da83286b1cce702)
Start importing Assets/_Course Library/Scripts/Actions/SetLightColor.cs using Guid(b40959c22a1f1574599627bffdb54092) Importer(2089858483,192608db42251d675da83286b1cce702) (ScriptedImporter) -> (artifact id: 'e9715ba8232eb8ae27c4d4421c603a89') in 0.0111013 seconds
Number of updated asset objects reloaded before import = 0Number of asset objects unloaded after import = 0

========================================================================
Received Import Request.
  Time since last request: 0.051775 seconds.
  path: Assets/_Course Library/Source Files/Models/Lamp_Floor_1.fbx
  artifactKey: Guid(8c04293deceb46b46b007663ff437a6d) Importer(2089858483,192608db42251d675da83286b1cce702)
Start importing Assets/_Course Library/Source Files/Models/Lamp_Floor_1.fbx using Guid(8c04293deceb46b46b007663ff437a6d) Importer(2089858483,192608db42251d675da83286b1cce702) (ScriptedImporter) -> (artifact id: '542d4f4eb1e21dffe0a7e09dff1cf35e') in 0.0122711 seconds
Number of updated asset objects reloaded before import = 0Number of asset objects unloaded after import = 8

========================================================================
Received Import Request.
  Time since last request: 0.000008 seconds.
  path: Assets/_Course Library/_Prefabs/Lighting/Lamp_Floor_Square.prefab
  artifactKey: Guid(f5645f5704d903542ae27070cbb0b9c0) Importer(2089858483,192608db42251d675da83286b1cce702)
Start importing Assets/_Course Library/_Prefabs/Lighting/Lamp_Floor_Square.prefab using Guid(f5645f5704d903542ae27070cbb0b9c0) Importer(2089858483,192608db42251d675da83286b1cce702) (ScriptedImporter) -> (artifact id: '1f6f6686958a694b1fd4891285af5f0c') in 0.0092258 seconds
Number of updated asset objects reloaded before import = 0Number of asset objects unloaded after import = 17

========================================================================
Received Import Request.
  Time since last request: 0.000011 seconds.
  path: Assets/_Course Library/Source Files/Models/Lightsource_Candle_B.fbx
  artifactKey: Guid(e201a0032a480c8428237afc249cd112) Importer(2089858483,192608db42251d675da83286b1cce702)
Start importing Assets/_Course Library/Source Files/Models/Lightsource_Candle_B.fbx using Guid(e201a0032a480c8428237afc249cd112) Importer(2089858483,192608db42251d675da83286b1cce702) (ScriptedImporter) -> (artifact id: 'f8c46a690ce0d9dcb7bede9e495e2f5b') in 0.0137403 seconds
Number of updated asset objects reloaded before import = 0Number of asset objects unloaded after import = 15

========================================================================
Received Import Request.
  Time since last request: 0.000016 seconds.
  path: Assets/_Course Library/Source Files/Models/Object_Book_A_3.fbx
  artifactKey: Guid(3e4463212d2a65946b952bb19ffd6030) Importer(2089858483,192608db42251d675da83286b1cce702)
Start importing Assets/_Course Library/Source Files/Models/Object_Book_A_3.fbx using Guid(3e4463212d2a65946b952bb19ffd6030) Importer(2089858483,192608db42251d675da83286b1cce702) (ScriptedImporter) -> (artifact id: 'c0fe545d02ac949b1310b424199103c1') in 0.0136585 seconds
Number of updated asset objects reloaded before import = 0Number of asset objects unloaded after import = 8

========================================================================
Received Import Request.
  Time since last request: 0.000009 seconds.
  path: Assets/_Course Library/Source Files/Models/Mirror_B_2.fbx
  artifactKey: Guid(63893d12c599a544ba4fda9a2a8708ec) Importer(2089858483,192608db42251d675da83286b1cce702)
Start importing Assets/_Course Library/Source Files/Models/Mirror_B_2.fbx using Guid(63893d12c599a544ba4fda9a2a8708ec) Importer(2089858483,192608db42251d675da83286b1cce702) (ScriptedImporter) -> (artifact id: 'ece04415428e1defc0d5602519ce6723') in 0.013994 seconds
Number of updated asset objects reloaded before import = 0Number of asset objects unloaded after import = 8

========================================================================
Received Import Request.
  Time since last request: 0.000011 seconds.
  path: Assets/_Course Library/_Prefabs/Environments/Foreground_Buildings.prefab
  artifactKey: Guid(4eb9381a0b4804063a96dd9b29e1e57c) Importer(2089858483,192608db42251d675da83286b1cce702)
Start importing Assets/_Course Library/_Prefabs/Environments/Foreground_Buildings.prefab using Guid(4eb9381a0b4804063a96dd9b29e1e57c) Importer(2089858483,192608db42251d675da83286b1cce702) (ScriptedImporter) -> (artifact id: '7b38f7c282a4008b30bd9433047da1de') in 0.0262326 seconds
Number of updated asset objects reloaded before import = 0Number of asset objects unloaded after import = 8

========================================================================
Received Import Request.
  Time since last request: 0.000010 seconds.
  path: Assets/_Course Library/Source Files/Models/Lamp_Table1.fbx
  artifactKey: Guid(0b4f61dddebfe9549aabcb626d737600) Importer(2089858483,192608db42251d675da83286b1cce702)
Start importing Assets/_Course Library/Source Files/Models/Lamp_Table1.fbx using Guid(0b4f61dddebfe9549aabcb626d737600) Importer(2089858483,192608db42251d675da83286b1cce702) (ScriptedImporter) -> (artifact id: '06d7beae10c44656c9b2f7c6e7f58a17') in 0.021306 seconds
Number of updated asset objects reloaded before import = 0Number of asset objects unloaded after import = 25

========================================================================
Received Import Request.
  Time since last request: 0.000010 seconds.
  path: Assets/_Course Library/Source Files/Models/Object_MagnifyingGlass.fbx
  artifactKey: Guid(45be199818f65e94985a4c45029337dd) Importer(2089858483,192608db42251d675da83286b1cce702)
Start importing Assets/_Course Library/Source Files/Models/Object_MagnifyingGlass.fbx using Guid(45be199818f65e94985a4c45029337dd) Importer(2089858483,192608db42251d675da83286b1cce702) (ScriptedImporter) -> (artifact id: '6c27f7581090240365dfa306c81e866a') in 0.0159296 seconds
Number of updated asset objects reloaded before import = 0Number of asset objects unloaded after import = 16

========================================================================
Received Import Request.
  Time since last request: 0.000013 seconds.
  path: Assets/_Course Library/Source Files/Models/Object_Tablet_B.fbx
  artifactKey: Guid(d0736963586b9ef4ab90c4c632f18739) Importer(2089858483,192608db42251d675da83286b1cce702)
Start importing Assets/_Course Library/Source Files/Models/Object_Tablet_B.fbx using Guid(d0736963586b9ef4ab90c4c632f18739) Importer(2089858483,192608db42251d675da83286b1cce702) (ScriptedImporter) -> (artifact id: '73977eecf78d026cce41a053c7f5b122') in 0.0133864 seconds
Number of updated asset objects reloaded before import = 0Number of asset objects unloaded after import = 8

========================================================================
Received Import Request.
  Time since last request: 0.000010 seconds.
  path: Assets/_Course Library/_Prefabs/Controls/Control_Lever_Blue.prefab
  artifactKey: Guid(bffb13e63cef94863ae7d149c4e5e399) Importer(2089858483,192608db42251d675da83286b1cce702)
Start importing Assets/_Course Library/_Prefabs/Controls/Control_Lever_Blue.prefab using Guid(bffb13e63cef94863ae7d149c4e5e399) Importer(2089858483,192608db42251d675da83286b1cce702) (ScriptedImporter) -> (artifact id: 'e063066ec08dda2627cd3acbe9bb1f24') in 0.0076948 seconds
Number of updated asset objects reloaded before import = 0Number of asset objects unloaded after import = 16

========================================================================
Received Import Request.
  Time since last request: 0.000013 seconds.
  path: Assets/_Course Library/Source Files/Models/Sports_TennisRacket_B.fbx
  artifactKey: Guid(86ebb47e575661946a469999ad83c0c9) Importer(2089858483,192608db42251d675da83286b1cce702)
Start importing Assets/_Course Library/Source Files/Models/Sports_TennisRacket_B.fbx using Guid(86ebb47e575661946a469999ad83c0c9) Importer(2089858483,192608db42251d675da83286b1cce702) (ScriptedImporter) -> (artifact id: '193dbabdbe61d01bbb65e5de72a4aaea') in 0.0150853 seconds
Number of updated asset objects reloaded before import = 0Number of asset objects unloaded after import = 8

========================================================================
Received Import Request.
  Time since last request: 0.000016 seconds.
  path: Assets/_Course Library/Source Files/Models/Object_Photograph.fbx
  artifactKey: Guid(5b96de882f9db8a4480c0d7c1d28c52e) Importer(2089858483,192608db42251d675da83286b1cce702)
Start importing Assets/_Course Library/Source Files/Models/Object_Photograph.fbx using Guid(5b96de882f9db8a4480c0d7c1d28c52e) Importer(2089858483,192608db42251d675da83286b1cce702) (ScriptedImporter) -> (artifact id: 'd63541dad425b6848174d92463db175e') in 0.0145343 seconds
Number of updated asset objects reloaded before import = 0Number of asset objects unloaded after import = 15

========================================================================
Received Import Request.
  Time since last request: 0.000010 seconds.
  path: Assets/_Course Library/_Prefabs/Bins/Bin_Round_Blue.prefab
  artifactKey: Guid(1ce821d9e7282cd498277a5e5cf36f05) Importer(2089858483,192608db42251d675da83286b1cce702)
Start importing Assets/_Course Library/_Prefabs/Bins/Bin_Round_Blue.prefab using Guid(1ce821d9e7282cd498277a5e5cf36f05) Importer(2089858483,192608db42251d675da83286b1cce702) (ScriptedImporter) -> (artifact id: '3ece2a0254fcc4ca79d395fb9efb7ac2') in 0.0124623 seconds
Number of updated asset objects reloaded before import = 0Number of asset objects unloaded after import = 35

========================================================================
Received Import Request.
  Time since last request: 0.000009 seconds.
  path: Assets/_Course Library/Source Files/Models/Object_Phone_A.fbx
  artifactKey: Guid(3190234ad73802c49ad5c2eb80570b60) Importer(2089858483,192608db42251d675da83286b1cce702)
Start importing Assets/_Course Library/Source Files/Models/Object_Phone_A.fbx using Guid(3190234ad73802c49ad5c2eb80570b60) Importer(2089858483,192608db42251d675da83286b1cce702) (ScriptedImporter) -> (artifact id: '13ad2803ba93c872f8a8f1cc24e3682b') in 0.0155301 seconds
Number of updated asset objects reloaded before import = 0Number of asset objects unloaded after import = 8

========================================================================
Received Import Request.
  Time since last request: 0.000011 seconds.
  path: Assets/_Course Library/Source Files/Textures/StoneWall_Texture.jpg
  artifactKey: Guid(d5f3743f553fe1349a6203a70f7bbe1e) Importer(2089858483,192608db42251d675da83286b1cce702)
Start importing Assets/_Course Library/Source Files/Textures/StoneWall_Texture.jpg using Guid(d5f3743f553fe1349a6203a70f7bbe1e) Importer(2089858483,192608db42251d675da83286b1cce702) (ScriptedImporter) -> (artifact id: '0bfdb163cf8f4f0b2c6456e43ce4de23') in 0.0365181 seconds
Number of updated asset objects reloaded before import = 0Number of asset objects unloaded after import = 1

========================================================================
Received Import Request.
  Time since last request: 0.000010 seconds.
  path: Assets/_Course Library/_Prefabs/Lighting/Sconce_Modern.prefab
  artifactKey: Guid(f52e0acfc02c3124dbc1a953d4276adb) Importer(2089858483,192608db42251d675da83286b1cce702)
Start importing Assets/_Course Library/_Prefabs/Lighting/Sconce_Modern.prefab using Guid(f52e0acfc02c3124dbc1a953d4276adb) Importer(2089858483,192608db42251d675da83286b1cce702) (ScriptedImporter) -> (artifact id: 'd78debd26510b10b73948c7f49bbea84') in 0.0111278 seconds
Number of updated asset objects reloaded before import = 0Number of asset objects unloaded after import = 9

========================================================================
Received Import Request.
  Time since last request: 0.000010 seconds.
  path: Assets/Samples/XR Interaction Toolkit/2.5.2/Starter Assets/Prefabs/XR Interaction Setup.prefab
  artifactKey: Guid(895f6f3c2d334633b5800312285058d2) Importer(2089858483,192608db42251d675da83286b1cce702)
Start importing Assets/Samples/XR Interaction Toolkit/2.5.2/Starter Assets/Prefabs/XR Interaction Setup.prefab using Guid(895f6f3c2d334633b5800312285058d2) Importer(2089858483,192608db42251d675da83286b1cce702) (ScriptedImporter) -> (artifact id: '0af61b42d137e4f3f179d32fa076f6f5') in 0.0501517 seconds
Number of updated asset objects reloaded before import = 0Number of asset objects unloaded after import = 334

========================================================================
Received Import Request.
  Time since last request: 0.000013 seconds.
  path: Assets/_Course Library/_Prefabs/VR/Hands/VR_Hand_Primitive.prefab
  artifactKey: Guid(66b7de02017114b29a1237e13b5d0f53) Importer(2089858483,192608db42251d675da83286b1cce702)
Start importing Assets/_Course Library/_Prefabs/VR/Hands/VR_Hand_Primitive.prefab using Guid(66b7de02017114b29a1237e13b5d0f53) Importer(2089858483,192608db42251d675da83286b1cce702) (ScriptedImporter) -> (artifact id: '84428bdc14a70132c25af3d404bac014') in 0.0086773 seconds
Number of updated asset objects reloaded before import = 0Number of asset objects unloaded after import = 12

========================================================================
Received Import Request.
  Time since last request: 0.000026 seconds.
  path: Assets/_Course Library/Source Files/Models/Backgrounds/MountainPlane.fbx
  artifactKey: Guid(a6b78840ec15fbc4f9592028a98efc1f) Importer(2089858483,192608db42251d675da83286b1cce702)
Start importing Assets/_Course Library/Source Files/Models/Backgrounds/MountainPlane.fbx using Guid(a6b78840ec15fbc4f9592028a98efc1f) Importer(2089858483,192608db42251d675da83286b1cce702) (ScriptedImporter) -> (artifact id: 'd7f138b7e2c31755a69726134afa7741') in 0.0158707 seconds
Number of updated asset objects reloaded before import = 0Number of asset objects unloaded after import = 8

========================================================================
Received Import Request.
  Time since last request: 0.000010 seconds.
  path: Assets/_Course Library/Source Files/Models/RoomTraditional_Models/Room_Traditional_Door.fbx
  artifactKey: Guid(2f22d1a46ab261a4d9621f746d3a536c) Importer(2089858483,192608db42251d675da83286b1cce702)
Start importing Assets/_Course Library/Source Files/Models/RoomTraditional_Models/Room_Traditional_Door.fbx using Guid(2f22d1a46ab261a4d9621f746d3a536c) Importer(2089858483,192608db42251d675da83286b1cce702) (ScriptedImporter) -> (artifact id: '7b18408bc58bd27eb1a73a35825de40a') in 0.0265802 seconds
Number of updated asset objects reloaded before import = 0Number of asset objects unloaded after import = 20

========================================================================
Received Import Request.
  Time since last request: 0.000015 seconds.
  path: Assets/_Course Library/_Prefabs/Objects/Electronics/Phone_White.prefab
  artifactKey: Guid(259faca514815e44ca78b3f03cad51ab) Importer(2089858483,192608db42251d675da83286b1cce702)
Start importing Assets/_Course Library/_Prefabs/Objects/Electronics/Phone_White.prefab using Guid(259faca514815e44ca78b3f03cad51ab) Importer(2089858483,192608db42251d675da83286b1cce702) (ScriptedImporter) -> (artifact id: '67c1fe6b91232bf511fa4790dbd79a41') in 0.0127588 seconds
Number of updated asset objects reloaded before import = 0Number of asset objects unloaded after import = 14

========================================================================
Received Import Request.
  Time since last request: 0.000010 seconds.
  path: Assets/Samples/XR Interaction Toolkit/2.5.2/Starter Assets/Presets/XRI Default Right Controller.preset
  artifactKey: Guid(1421ad86ff3787b4dae70fe9e699a25f) Importer(2089858483,192608db42251d675da83286b1cce702)
Start importing Assets/Samples/XR Interaction Toolkit/2.5.2/Starter Assets/Presets/XRI Default Right Controller.preset using Guid(1421ad86ff3787b4dae70fe9e699a25f) Importer(2089858483,192608db42251d675da83286b1cce702) (ScriptedImporter) -> (artifact id: '641a4d76c36d917bb30035ad630250eb') in 0.0157982 seconds
Number of updated asset objects reloaded before import = 0Number of asset objects unloaded after import = 19

========================================================================
Received Import Request.
  Time since last request: 0.000010 seconds.
  path: Assets/Samples/XR Interaction Toolkit/2.5.2/Starter Assets/Presets/XRI Default Gaze Controller.preset
  artifactKey: Guid(2e6e6d902741c934ba75a28389d4f66e) Importer(2089858483,192608db42251d675da83286b1cce702)
Start importing Assets/Samples/XR Interaction Toolkit/2.5.2/Starter Assets/Presets/XRI Default Gaze Controller.preset using Guid(2e6e6d902741c934ba75a28389d4f66e) Importer(2089858483,192608db42251d675da83286b1cce702) (ScriptedImporter) -> (artifact id: '67142d3251263d8e7591c80e66d1b649') in 0.0124772 seconds
Number of updated asset objects reloaded before import = 0Number of asset objects unloaded after import = 6

========================================================================
Received Import Request.
  Time since last request: 0.000009 seconds.
  path: Assets/_Course Library/_Prefabs/Objects/Sports/PingPong_Paddle_Blue.prefab
  artifactKey: Guid(e975811922683be4a80132e54bc36b18) Importer(2089858483,192608db42251d675da83286b1cce702)
Start importing Assets/_Course Library/_Prefabs/Objects/Sports/PingPong_Paddle_Blue.prefab using Guid(e975811922683be4a80132e54bc36b18) Importer(2089858483,192608db42251d675da83286b1cce702) (ScriptedImporter) -> (artifact id: 'f3d0bb5fadee823cea84fc5d6e7ac448') in 0.0106518 seconds
Number of updated asset objects reloaded before import = 0Number of asset objects unloaded after import = 16

========================================================================
Received Import Request.
  Time since last request: 0.000010 seconds.
  path: Assets/_Course Library/Source Files/Models/Backgrounds/BuldingBlock_2.fbx
  artifactKey: Guid(fafbe2be630728948b3232d286fcfec1) Importer(2089858483,192608db42251d675da83286b1cce702)
Start importing Assets/_Course Library/Source Files/Models/Backgrounds/BuldingBlock_2.fbx using Guid(fafbe2be630728948b3232d286fcfec1) Importer(2089858483,192608db42251d675da83286b1cce702) (ScriptedImporter) -> (artifact id: 'f40778b4bebdef8f44534213a2c49996') in 0.0136736 seconds
Number of updated asset objects reloaded before import = 0Number of asset objects unloaded after import = 8

========================================================================
Received Import Request.
  Time since last request: 0.000011 seconds.
  path: Assets/_Course Library/Source Files/Models/RoomRustic_Models/Room_Rustic_WindowPanel.fbx
  artifactKey: Guid(8afa789948e44e749ac067c2f82bf4a7) Importer(2089858483,192608db42251d675da83286b1cce702)
Start importing Assets/_Course Library/Source Files/Models/RoomRustic_Models/Room_Rustic_WindowPanel.fbx using Guid(8afa789948e44e749ac067c2f82bf4a7) Importer(2089858483,192608db42251d675da83286b1cce702) (ScriptedImporter) -> (artifact id: '92ee5c99c145a63e04cb58f185191e41') in 0.0129205 seconds
Number of updated asset objects reloaded before import = 0Number of asset objects unloaded after import = 8

========================================================================
Received Import Request.
  Time since last request: 0.000017 seconds.
  path: Assets/Samples/XR Interaction Toolkit/2.5.2/Starter Assets/Presets/XRI Default Continuous Turn.preset
  artifactKey: Guid(0caad3af14f9a414dbdf25ed41e5aa47) Importer(2089858483,192608db42251d675da83286b1cce702)
Start importing Assets/Samples/XR Interaction Toolkit/2.5.2/Starter Assets/Presets/XRI Default Continuous Turn.preset using Guid(0caad3af14f9a414dbdf25ed41e5aa47) Importer(2089858483,192608db42251d675da83286b1cce702) (ScriptedImporter) -> (artifact id: '7aa3d5f3c0acfc3ff1777494cbe437a8') in 0.0114094 seconds
Number of updated asset objects reloaded before import = 0Number of asset objects unloaded after import = 4

========================================================================
Received Import Request.
  Time since last request: 0.000011 seconds.
  path: Assets/_Course Library/_Prefabs/Objects/Books/Book_A_Red.prefab
  artifactKey: Guid(1f3ab3be3dfbf3f4eae0b22199bd1fd5) Importer(2089858483,192608db42251d675da83286b1cce702)
Start importing Assets/_Course Library/_Prefabs/Objects/Books/Book_A_Red.prefab using Guid(1f3ab3be3dfbf3f4eae0b22199bd1fd5) Importer(2089858483,192608db42251d675da83286b1cce702) (ScriptedImporter) -> (artifact id: 'a430d38da1bf736826b0dc4d46bf4606') in 0.0097386 seconds
Number of updated asset objects reloaded before import = 0Number of asset objects unloaded after import = 9

========================================================================
Received Import Request.
  Time since last request: 0.000010 seconds.
  path: Assets/_Course Library/_Prefabs/Objects/Notebooks/Notebook_Brown.prefab
  artifactKey: Guid(0598faac6c7f62f4f92b2f771f20ca2d) Importer(2089858483,192608db42251d675da83286b1cce702)
Start importing Assets/_Course Library/_Prefabs/Objects/Notebooks/Notebook_Brown.prefab using Guid(0598faac6c7f62f4f92b2f771f20ca2d) Importer(2089858483,192608db42251d675da83286b1cce702) (ScriptedImporter) -> (artifact id: 'e9c4e65e75acc3667b89c508c36c5692') in 0.0104942 seconds
Number of updated asset objects reloaded before import = 0Number of asset objects unloaded after import = 15

========================================================================
Received Import Request.
  Time since last request: 0.000009 seconds.
  path: Assets/_Course Library/_Prefabs/Objects/Notebooks/Notebook_Pink.prefab
  artifactKey: Guid(6f5d36ab1a372434cb1243fa82ad4344) Importer(2089858483,192608db42251d675da83286b1cce702)
Start importing Assets/_Course Library/_Prefabs/Objects/Notebooks/Notebook_Pink.prefab using Guid(6f5d36ab1a372434cb1243fa82ad4344) Importer(2089858483,192608db42251d675da83286b1cce702) (ScriptedImporter) -> (artifact id: '11ff831ce877da786491a366d2ee7aa7') in 0.0111216 seconds
Number of updated asset objects reloaded before import = 0Number of asset objects unloaded after import = 15

========================================================================
Received Import Request.
  Time since last request: 0.000010 seconds.
  path: Assets/Samples/XR Interaction Toolkit/2.5.2/Starter Assets/Presets/XRI Default Right ActionBasedControllerManager.preset
  artifactKey: Guid(55f7614a1d331d14bb631965514937d8) Importer(2089858483,192608db42251d675da83286b1cce702)
Start importing Assets/Samples/XR Interaction Toolkit/2.5.2/Starter Assets/Presets/XRI Default Right ActionBasedControllerManager.preset using Guid(55f7614a1d331d14bb631965514937d8) Importer(2089858483,192608db42251d675da83286b1cce702) (ScriptedImporter) -> (artifact id: '6c9d4bc0f2d921b94666e6e552924094') in 0.0157701 seconds
Number of updated asset objects reloaded before import = 0Number of asset objects unloaded after import = 8

========================================================================
Received Import Request.
  Time since last request: 0.000011 seconds.
  path: Assets/_Course Library/_Prefabs/Objects/Sports/Tennis_Ball_BlueRed.prefab
  artifactKey: Guid(fa28b352862d5cd4bb3513f56942579a) Importer(2089858483,192608db42251d675da83286b1cce702)
Start importing Assets/_Course Library/_Prefabs/Objects/Sports/Tennis_Ball_BlueRed.prefab using Guid(fa28b352862d5cd4bb3513f56942579a) Importer(2089858483,192608db42251d675da83286b1cce702) (ScriptedImporter) -> (artifact id: 'db729cb3bc383b7ad1c0fbc8fb03718d') in 0.0089454 seconds
Number of updated asset objects reloaded before import = 0Number of asset objects unloaded after import = 9

========================================================================
Received Import Request.
  Time since last request: 0.000008 seconds.
  path: Assets/_Course Library/Source Files/Models/RoomTraditional_Models/Room_Traditional_All.fbx
  artifactKey: Guid(215119b6893ae7d4b890c9acaa834b89) Importer(2089858483,192608db42251d675da83286b1cce702)
Start importing Assets/_Course Library/Source Files/Models/RoomTraditional_Models/Room_Traditional_All.fbx using Guid(215119b6893ae7d4b890c9acaa834b89) Importer(2089858483,192608db42251d675da83286b1cce702) (ScriptedImporter) -> (artifact id: 'f03435800fb65f31399d04ef8c931634') in 0.0136467 seconds
Number of updated asset objects reloaded before import = 0Number of asset objects unloaded after import = 34

========================================================================
Received Import Request.
  Time since last request: 0.000013 seconds.
  path: Assets/_Course Library/_Prefabs/Seating/Couch_Modern_Gray.prefab
  artifactKey: Guid(0eb8793a9b9aa6b4c8a601e1e50f6801) Importer(2089858483,192608db42251d675da83286b1cce702)
Start importing Assets/_Course Library/_Prefabs/Seating/Couch_Modern_Gray.prefab using Guid(0eb8793a9b9aa6b4c8a601e1e50f6801) Importer(2089858483,192608db42251d675da83286b1cce702) (ScriptedImporter) -> (artifact id: '52acff7cd3106308cc4b28fdc9787418') in 0.0079983 seconds
Number of updated asset objects reloaded before import = 0Number of asset objects unloaded after import = 23

========================================================================
Received Import Request.
  Time since last request: 0.000011 seconds.
  path: Assets/_Course Library/_Prefabs/Seating/Couch_Rustic_Red.prefab
  artifactKey: Guid(b951a849336641c4fab7cc6d23fd2767) Importer(2089858483,192608db42251d675da83286b1cce702)
Start importing Assets/_Course Library/_Prefabs/Seating/Couch_Rustic_Red.prefab using Guid(b951a849336641c4fab7cc6d23fd2767) Importer(2089858483,192608db42251d675da83286b1cce702) (ScriptedImporter) -> (artifact id: 'bc500cb30af402a71d3e459669fad583') in 0.010227 seconds
Number of updated asset objects reloaded before import = 0Number of asset objects unloaded after import = 32

========================================================================
Received Import Request.
  Time since last request: 0.000017 seconds.
  path: Assets/_Course Library/_Prefabs/Seating/Chair_Rustic_DarkBrown.prefab
  artifactKey: Guid(ddb8bcacf9b699b428806e528be6780f) Importer(2089858483,192608db42251d675da83286b1cce702)
Start importing Assets/_Course Library/_Prefabs/Seating/Chair_Rustic_DarkBrown.prefab using Guid(ddb8bcacf9b699b428806e528be6780f) Importer(2089858483,192608db42251d675da83286b1cce702) (ScriptedImporter) -> (artifact id: '35b0e3d015a84d739c2a756b76d3cc20') in 0.009147 seconds
Number of updated asset objects reloaded before import = 0Number of asset objects unloaded after import = 35

========================================================================
Received Import Request.
  Time since last request: 0.000011 seconds.
  path: Assets/_Course Library/_Prefabs/Seating/Chair_Modern_Brown.prefab
  artifactKey: Guid(5e80c6b19a85a0d46b1ebd9f0eb64b5b) Importer(2089858483,192608db42251d675da83286b1cce702)
Start importing Assets/_Course Library/_Prefabs/Seating/Chair_Modern_Brown.prefab using Guid(5e80c6b19a85a0d46b1ebd9f0eb64b5b) Importer(2089858483,192608db42251d675da83286b1cce702) (ScriptedImporter) -> (artifact id: '1e94e368e8ed2bb826a70d33ac0acff8') in 0.0109377 seconds
Number of updated asset objects reloaded before import = 0Number of asset objects unloaded after import = 26

========================================================================
Received Import Request.
  Time since last request: 0.000009 seconds.
  path: Assets/_Course Library/_Prefabs/Objects/Electronics/Phone_Blue.prefab
  artifactKey: Guid(f91e2960a3aa55e469f93bf615efa036) Importer(2089858483,192608db42251d675da83286b1cce702)
Start importing Assets/_Course Library/_Prefabs/Objects/Electronics/Phone_Blue.prefab using Guid(f91e2960a3aa55e469f93bf615efa036) Importer(2089858483,192608db42251d675da83286b1cce702) (ScriptedImporter) -> (artifact id: 'adcdd5d37f447f86a534d80c03f31c73') in 0.0105928 seconds
Number of updated asset objects reloaded before import = 0Number of asset objects unloaded after import = 14

========================================================================
Received Import Request.
  Time since last request: 0.000010 seconds.
  path: Assets/_Course Library/_Prefabs/Seating/Chair_Traditional_Dark.prefab
  artifactKey: Guid(2a5416c2645dd1b469ac4b962af63a77) Importer(2089858483,192608db42251d675da83286b1cce702)
Start importing Assets/_Course Library/_Prefabs/Seating/Chair_Traditional_Dark.prefab using Guid(2a5416c2645dd1b469ac4b962af63a77) Importer(2089858483,192608db42251d675da83286b1cce702) (ScriptedImporter) -> (artifact id: '2e614994af3f7b6c2a8d6fdaa8e098b9') in 0.0100013 seconds
Number of updated asset objects reloaded before import = 0Number of asset objects unloaded after import = 26

========================================================================
Received Import Request.
  Time since last request: 0.000009 seconds.
  path: Assets/_Course Library/_Prefabs/Objects/Candles/Lightsource_Candle_Pink.prefab
  artifactKey: Guid(04b79e8ccd1ac574e89182d359c0ee81) Importer(2089858483,192608db42251d675da83286b1cce702)
Start importing Assets/_Course Library/_Prefabs/Objects/Candles/Lightsource_Candle_Pink.prefab using Guid(04b79e8ccd1ac574e89182d359c0ee81) Importer(2089858483,192608db42251d675da83286b1cce702) (ScriptedImporter) -> (artifact id: 'e481e66c47bf324773596a5d143c2b91') in 0.0095738 seconds
Number of updated asset objects reloaded before import = 0Number of asset objects unloaded after import = 15

========================================================================
Received Import Request.
  Time since last request: 0.000011 seconds.
  path: Assets/_Course Library/_Prefabs/VR/Hands/VR_Hand_Blue_Left.prefab
  artifactKey: Guid(eb91affb984e740dbb2082626ba96efb) Importer(2089858483,192608db42251d675da83286b1cce702)
Start importing Assets/_Course Library/_Prefabs/VR/Hands/VR_Hand_Blue_Left.prefab using Guid(eb91affb984e740dbb2082626ba96efb) Importer(2089858483,192608db42251d675da83286b1cce702) (ScriptedImporter) -> (artifact id: '999e926822e055763b79e57b58393289') in 0.0096085 seconds
Number of updated asset objects reloaded before import = 0Number of asset objects unloaded after import = 9

========================================================================
Received Import Request.
  Time since last request: 0.000010 seconds.
  path: Assets/_Course Library/Source Files/Models/Object_Book_B_2.fbx
  artifactKey: Guid(245d8e23cc030d944b38cf23dff80838) Importer(2089858483,192608db42251d675da83286b1cce702)
Start importing Assets/_Course Library/Source Files/Models/Object_Book_B_2.fbx using Guid(245d8e23cc030d944b38cf23dff80838) Importer(2089858483,192608db42251d675da83286b1cce702) (ScriptedImporter) -> (artifact id: '5a5ac58bb6a317a10cec571507bc300f') in 0.0144813 seconds
Number of updated asset objects reloaded before import = 0Number of asset objects unloaded after import = 8

========================================================================
Received Import Request.
  Time since last request: 0.000009 seconds.
  path: Assets/_Course Library/Source Files/Textures/WoodFloor_Texture.png
  artifactKey: Guid(79a6f16b6c7b08541813ca8532fb917c) Importer(2089858483,192608db42251d675da83286b1cce702)
Start importing Assets/_Course Library/Source Files/Textures/WoodFloor_Texture.png using Guid(79a6f16b6c7b08541813ca8532fb917c) Importer(2089858483,192608db42251d675da83286b1cce702) (ScriptedImporter) -> (artifact id: '8b621669985bfaf48c44eba73370dc09') in 0.0134275 seconds
Number of updated asset objects reloaded before import = 0Number of asset objects unloaded after import = 1

========================================================================
Received Import Request.
  Time since last request: 0.000012 seconds.
  path: Assets/_Course Library/_Prefabs/Objects/Electronics/Tablet_Purple.prefab
  artifactKey: Guid(4be497e6e26d5f545ae737c2136c7418) Importer(2089858483,192608db42251d675da83286b1cce702)
Start importing Assets/_Course Library/_Prefabs/Objects/Electronics/Tablet_Purple.prefab using Guid(4be497e6e26d5f545ae737c2136c7418) Importer(2089858483,192608db42251d675da83286b1cce702) (ScriptedImporter) -> (artifact id: '42252644a32a593995c0b83e8646e9a7') in 0.0184103 seconds
Number of updated asset objects reloaded before import = 0Number of asset objects unloaded after import = 14

========================================================================
Received Import Request.
  Time since last request: 0.624629 seconds.
  path: Assets/Samples/XR Interaction Toolkit/2.5.2/Starter Assets/Scripts/ObjectSpawner.cs
  artifactKey: Guid(956dd6cf70eaca449a45b6a95b96c8c1) Importer(2089858483,192608db42251d675da83286b1cce702)
Start importing Assets/Samples/XR Interaction Toolkit/2.5.2/Starter Assets/Scripts/ObjectSpawner.cs using Guid(956dd6cf70eaca449a45b6a95b96c8c1) Importer(2089858483,192608db42251d675da83286b1cce702) (ScriptedImporter) -> (artifact id: '3dc48c319ef459b90a28295a5ba3029c') in 0.0163454 seconds
Number of updated asset objects reloaded before import = 0Number of asset objects unloaded after import = 0

========================================================================
Received Import Request.
  Time since last request: 0.000010 seconds.
  path: Assets/_Course Library/_Prefabs/Rooms/Room_Components/Room_Modern/Room_Modern_Window.prefab
  artifactKey: Guid(6ba738e047fbd4237a80ed2a8b8f9655) Importer(2089858483,192608db42251d675da83286b1cce702)
Start importing Assets/_Course Library/_Prefabs/Rooms/Room_Components/Room_Modern/Room_Modern_Window.prefab using Guid(6ba738e047fbd4237a80ed2a8b8f9655) Importer(2089858483,192608db42251d675da83286b1cce702) (ScriptedImporter) -> (artifact id: 'f482c38fcd2be2245ad229a7767c0ef4') in 0.0122771 seconds
Number of updated asset objects reloaded before import = 0Number of asset objects unloaded after import = 14

========================================================================
Received Import Request.
  Time since last request: 0.000010 seconds.
  path: Assets/Samples/XR Interaction Toolkit/2.5.2/Starter Assets/DemoSceneAssets/Prefabs/Interactables Sample.prefab
  artifactKey: Guid(6821e1b7f44d8c44b8a2ba02f37309d5) Importer(2089858483,192608db42251d675da83286b1cce702)
Start importing Assets/Samples/XR Interaction Toolkit/2.5.2/Starter Assets/DemoSceneAssets/Prefabs/Interactables Sample.prefab using Guid(6821e1b7f44d8c44b8a2ba02f37309d5) Importer(2089858483,192608db42251d675da83286b1cce702) (ScriptedImporter) -> (artifact id: '25f96c561fc51446eb2e09e1e1baf727') in 0.0135536 seconds
Number of updated asset objects reloaded before import = 0Number of asset objects unloaded after import = 56

========================================================================
Received Import Request.
  Time since last request: 0.000009 seconds.
  path: Assets/Samples/XR Interaction Toolkit/2.5.2/Starter Assets/Tunneling Vignette/TunnelingVignette.shader
  artifactKey: Guid(e51b4af1e50be764e8de46e07d4e3f3f) Importer(2089858483,192608db42251d675da83286b1cce702)
Start importing Assets/Samples/XR Interaction Toolkit/2.5.2/Starter Assets/Tunneling Vignette/TunnelingVignette.shader using Guid(e51b4af1e50be764e8de46e07d4e3f3f) Importer(2089858483,192608db42251d675da83286b1cce702) (ScriptedImporter) -> (artifact id: '5e6d35c61728bca74721a438cbc8b92e') in 0.0090075 seconds
Number of updated asset objects reloaded before import = 0Number of asset objects unloaded after import = 1

========================================================================
Received Import Request.
  Time since last request: 0.000010 seconds.
  path: Assets/_Course Library/_Prefabs/Rooms/Room_Components/Room_Traditional/Room_Traditional_Door.prefab
  artifactKey: Guid(99e7416dd880d48d887970c0bd2eef2a) Importer(2089858483,192608db42251d675da83286b1cce702)
Start importing Assets/_Course Library/_Prefabs/Rooms/Room_Components/Room_Traditional/Room_Traditional_Door.prefab using Guid(99e7416dd880d48d887970c0bd2eef2a) Importer(2089858483,192608db42251d675da83286b1cce702) (ScriptedImporter) -> (artifact id: 'a57d7b78c6686a5505524cd7591ab97b') in 0.0094506 seconds
Number of updated asset objects reloaded before import = 0Number of asset objects unloaded after import = 21

========================================================================
Received Import Request.
  Time since last request: 0.000010 seconds.
  path: Assets/Samples/XR Interaction Toolkit/3.0.8/XR Device Simulator/UI/Hands/Hand_Grab.png
  artifactKey: Guid(bd6b9153aa3b96f49b238bbf6ae68b80) Importer(2089858483,192608db42251d675da83286b1cce702)
Start importing Assets/Samples/XR Interaction Toolkit/3.0.8/XR Device Simulator/UI/Hands/Hand_Grab.png using Guid(bd6b9153aa3b96f49b238bbf6ae68b80) Importer(2089858483,192608db42251d675da83286b1cce702) (ScriptedImporter) -> (artifact id: '441481c619a512573cb1add187e76a62') in 0.0193383 seconds
Number of updated asset objects reloaded before import = 0Number of asset objects unloaded after import = 3

========================================================================
Received Import Request.
  Time since last request: 0.000010 seconds.
  path: Assets/Samples/XR Interaction Toolkit/3.0.8/XR Device Simulator/UI/ControllerDevice/xr_ctlr.png
  artifactKey: Guid(7d7a2f6c5e996e24388af5a8227afdcf) Importer(2089858483,192608db42251d675da83286b1cce702)
Start importing Assets/Samples/XR Interaction Toolkit/3.0.8/XR Device Simulator/UI/ControllerDevice/xr_ctlr.png using Guid(7d7a2f6c5e996e24388af5a8227afdcf) Importer(2089858483,192608db42251d675da83286b1cce702) (ScriptedImporter) -> (artifact id: '79c614f126030f2797379815d9fd53d8') in 0.0144232 seconds
Number of updated asset objects reloaded before import = 0Number of asset objects unloaded after import = 3

========================================================================
Received Import Request.
  Time since last request: 0.000011 seconds.
  path: Assets/_Course Library/_Prefabs/Rooms/Room_Components/Room_Traditional/Room_Traditional_Panel.prefab
  artifactKey: Guid(8f82d5b62133a4e829ef517a4af818b3) Importer(2089858483,192608db42251d675da83286b1cce702)
Start importing Assets/_Course Library/_Prefabs/Rooms/Room_Components/Room_Traditional/Room_Traditional_Panel.prefab using Guid(8f82d5b62133a4e829ef517a4af818b3) Importer(2089858483,192608db42251d675da83286b1cce702) (ScriptedImporter) -> (artifact id: '9e884352e13f4fb518460e5e2e1c1183') in 0.0124822 seconds
Number of updated asset objects reloaded before import = 0Number of asset objects unloaded after import = 11

========================================================================
Received Import Request.
  Time since last request: 0.000014 seconds.
  path: Assets/Samples/XR Interaction Toolkit/2.5.2/Starter Assets/DemoSceneAssets/Prefabs/Teleport/Teleport Area.prefab
  artifactKey: Guid(beb4e2871579447497fe41dfb108e2cd) Importer(2089858483,192608db42251d675da83286b1cce702)
Start importing Assets/Samples/XR Interaction Toolkit/2.5.2/Starter Assets/DemoSceneAssets/Prefabs/Teleport/Teleport Area.prefab using Guid(beb4e2871579447497fe41dfb108e2cd) Importer(2089858483,192608db42251d675da83286b1cce702) (ScriptedImporter) -> (artifact id: '6dc55e7aefff7569c1746d7a038e9266') in 0.0204609 seconds
Number of updated asset objects reloaded before import = 0Number of asset objects unloaded after import = 10

========================================================================
Received Import Request.
  Time since last request: 0.000018 seconds.
  path: Assets/Samples/XR Interaction Toolkit/3.0.8/XR Device Simulator/UI/Mouse/Cursor.png
  artifactKey: Guid(9e4e923f2e0534a56b6a0c2321388194) Importer(2089858483,192608db42251d675da83286b1cce702)
Start importing Assets/Samples/XR Interaction Toolkit/3.0.8/XR Device Simulator/UI/Mouse/Cursor.png using Guid(9e4e923f2e0534a56b6a0c2321388194) Importer(2089858483,192608db42251d675da83286b1cce702) (ScriptedImporter) -> (artifact id: 'baf05ccd49d1ee5812e98d3b474ea525') in 0.0123302 seconds
Number of updated asset objects reloaded before import = 0Number of asset objects unloaded after import = 3

========================================================================
Received Import Request.
  Time since last request: 0.000016 seconds.
  path: Assets/Samples/XR Interaction Toolkit/2.5.2/Starter Assets/Prefabs/Teleport/Blocking Teleport Reticle.prefab
  artifactKey: Guid(a3fde713df4d99042a0403c4be9eea32) Importer(2089858483,192608db42251d675da83286b1cce702)
Start importing Assets/Samples/XR Interaction Toolkit/2.5.2/Starter Assets/Prefabs/Teleport/Blocking Teleport Reticle.prefab using Guid(a3fde713df4d99042a0403c4be9eea32) Importer(2089858483,192608db42251d675da83286b1cce702) (ScriptedImporter) -> (artifact id: 'a0d06b24357608642b59100a2953e4c6') in 0.0069768 seconds
Number of updated asset objects reloaded before import = 0Number of asset objects unloaded after import = 17

========================================================================
Received Import Request.
  Time since last request: 0.000014 seconds.
  path: Assets/Samples/XR Interaction Toolkit/3.0.8/XR Device Simulator/UI/HeadDevice/HMD.png
  artifactKey: Guid(4eb43321e418951499417cda6141b31a) Importer(2089858483,192608db42251d675da83286b1cce702)
Start importing Assets/Samples/XR Interaction Toolkit/3.0.8/XR Device Simulator/UI/HeadDevice/HMD.png using Guid(4eb43321e418951499417cda6141b31a) Importer(2089858483,192608db42251d675da83286b1cce702) (ScriptedImporter) -> (artifact id: '79e3eff9c6d5b8623013fc10f95c7496') in 0.0192666 seconds
Number of updated asset objects reloaded before import = 0Number of asset objects unloaded after import = 3

========================================================================
Received Import Request.
  Time since last request: 0.000010 seconds.
  path: Assets/_Course Library/_Prefabs/Rooms/Room_Components/Room_Modern/Room_Modern_Panel.prefab
  artifactKey: Guid(6f2d1921af45843f0a9af92d7b506d6a) Importer(2089858483,192608db42251d675da83286b1cce702)
Start importing Assets/_Course Library/_Prefabs/Rooms/Room_Components/Room_Modern/Room_Modern_Panel.prefab using Guid(6f2d1921af45843f0a9af92d7b506d6a) Importer(2089858483,192608db42251d675da83286b1cce702) (ScriptedImporter) -> (artifact id: 'bb0c884164b95789a41180493f95e10a') in 0.0121115 seconds
Number of updated asset objects reloaded before import = 0Number of asset objects unloaded after import = 9

========================================================================
Received Import Request.
  Time since last request: 0.000010 seconds.
  path: Assets/Samples/XR Interaction Toolkit/3.0.8/XR Device Simulator/UI/XR Device Simulator UI.prefab
  artifactKey: Guid(ead42e0472b7547fbba6c229aeaf37d3) Importer(2089858483,192608db42251d675da83286b1cce702)
Start importing Assets/Samples/XR Interaction Toolkit/3.0.8/XR Device Simulator/UI/XR Device Simulator UI.prefab using Guid(ead42e0472b7547fbba6c229aeaf37d3) Importer(2089858483,192608db42251d675da83286b1cce702) (ScriptedImporter) -> (artifact id: 'd883588e4a4d8ae0c9df26d42d63a633') in 0.0667399 seconds
Number of updated asset objects reloaded before import = 0Number of asset objects unloaded after import = 765

========================================================================
Received Import Request.
  Time since last request: 0.000019 seconds.
  path: Assets/Samples/XR Interaction Toolkit/3.0.8/XR Device Simulator/UI/HeadDevice/HMDOverlay.png
  artifactKey: Guid(fb2db2f40ceaf458085c82fc17cfe800) Importer(2089858483,192608db42251d675da83286b1cce702)
Start importing Assets/Samples/XR Interaction Toolkit/3.0.8/XR Device Simulator/UI/HeadDevice/HMDOverlay.png using Guid(fb2db2f40ceaf458085c82fc17cfe800) Importer(2089858483,192608db42251d675da83286b1cce702) (ScriptedImporter) -> (artifact id: '9393337e4ce3e263f4b274281105b208') in 0.0132941 seconds
Number of updated asset objects reloaded before import = 0Number of asset objects unloaded after import = 3

========================================================================
Received Import Request.
  Time since last request: 0.000015 seconds.
  path: Assets/Samples/XR Interaction Toolkit/2.5.2/Starter Assets/DemoSceneAssets/Prefabs/UI/Dropdown.prefab
  artifactKey: Guid(870459f1cb8d7b7428337cc5935feb67) Importer(2089858483,192608db42251d675da83286b1cce702)
Start importing Assets/Samples/XR Interaction Toolkit/2.5.2/Starter Assets/DemoSceneAssets/Prefabs/UI/Dropdown.prefab using Guid(870459f1cb8d7b7428337cc5935feb67) Importer(2089858483,192608db42251d675da83286b1cce702) (ScriptedImporter) -> (artifact id: '9dffa1ab8fee3cd919214e9efe21239e') in 0.0342739 seconds
Number of updated asset objects reloaded before import = 0Number of asset objects unloaded after import = 61

Editor requested this worker to shutdown with reason: Scaling down because of idle timeout
AssetImportWorker is now disconnected from the server
Process exiting
Exiting without the bug reporter. Application will terminate with return code 0